<?xml version="1.0" encoding="utf-8"?>
<CoverageSession>
  <Summary numSequencePoints="1928" visitedSequencePoints="583" numBranchPoints="1032" visitedBranchPoints="287" sequenceCoverage="30.23" branchCoverage="27.81" maxCyclomaticComplexity="1202" minCyclomaticComplexity="1202" visitedClasses="13" numClasses="27" visitedMethods="94" numMethods="318" />
  <Modules>
    <Module hash="B2C2FD0B-45D5-4EA5-BA2A-FA270653DBD2">
      <ModulePath>ConsoleAppVisuals.dll</ModulePath>
      <ModuleTime>2024-01-10T12:32:07</ModuleTime>
      <ModuleName>ConsoleAppVisuals</ModuleName>
      <Files>
        <File uid="1" fullPath="/Users/yannvidamment/Documents/__FILES__/DEV/GIT-PROJECTS/Project-ConsoleAppVisuals/test-windowtests/src/ConsoleAppVisuals/attributes/VisualAttribute.cs" />
        <File uid="2" fullPath="/Users/yannvidamment/Documents/__FILES__/DEV/GIT-PROJECTS/Project-ConsoleAppVisuals/test-windowtests/src/ConsoleAppVisuals/Core.cs" />
        <File uid="3" fullPath="/Users/yannvidamment/Documents/__FILES__/DEV/GIT-PROJECTS/Project-ConsoleAppVisuals/test-windowtests/src/ConsoleAppVisuals/elements/Banner.cs" />
        <File uid="4" fullPath="/Users/yannvidamment/Documents/__FILES__/DEV/GIT-PROJECTS/Project-ConsoleAppVisuals/test-windowtests/src/ConsoleAppVisuals/elements/FakeLoadingBar.cs" />
        <File uid="5" fullPath="/Users/yannvidamment/Documents/__FILES__/DEV/GIT-PROJECTS/Project-ConsoleAppVisuals/test-windowtests/src/ConsoleAppVisuals/elements/Footer.cs" />
        <File uid="6" fullPath="/Users/yannvidamment/Documents/__FILES__/DEV/GIT-PROJECTS/Project-ConsoleAppVisuals/test-windowtests/src/ConsoleAppVisuals/elements/Header.cs" />
        <File uid="7" fullPath="/Users/yannvidamment/Documents/__FILES__/DEV/GIT-PROJECTS/Project-ConsoleAppVisuals/test-windowtests/src/ConsoleAppVisuals/elements/interactive/EmbeddedText.cs" />
        <File uid="8" fullPath="/Users/yannvidamment/Documents/__FILES__/DEV/GIT-PROJECTS/Project-ConsoleAppVisuals/test-windowtests/src/ConsoleAppVisuals/elements/interactive/FloatSelector.cs" />
        <File uid="9" fullPath="/Users/yannvidamment/Documents/__FILES__/DEV/GIT-PROJECTS/Project-ConsoleAppVisuals/test-windowtests/src/ConsoleAppVisuals/elements/interactive/IntSelector.cs" />
        <File uid="10" fullPath="/Users/yannvidamment/Documents/__FILES__/DEV/GIT-PROJECTS/Project-ConsoleAppVisuals/test-windowtests/src/ConsoleAppVisuals/elements/interactive/Prompt.cs" />
        <File uid="11" fullPath="/Users/yannvidamment/Documents/__FILES__/DEV/GIT-PROJECTS/Project-ConsoleAppVisuals/test-windowtests/src/ConsoleAppVisuals/elements/interactive/ScrollingMenu.cs" />
        <File uid="12" fullPath="/Users/yannvidamment/Documents/__FILES__/DEV/GIT-PROJECTS/Project-ConsoleAppVisuals/test-windowtests/src/ConsoleAppVisuals/elements/interactive/TableSelector.cs" />
        <File uid="13" fullPath="/Users/yannvidamment/Documents/__FILES__/DEV/GIT-PROJECTS/Project-ConsoleAppVisuals/test-windowtests/src/ConsoleAppVisuals/elements/LoadingBar.cs" />
        <File uid="14" fullPath="/Users/yannvidamment/Documents/__FILES__/DEV/GIT-PROJECTS/Project-ConsoleAppVisuals/test-windowtests/src/ConsoleAppVisuals/elements/Matrix.cs" />
        <File uid="15" fullPath="/Users/yannvidamment/Documents/__FILES__/DEV/GIT-PROJECTS/Project-ConsoleAppVisuals/test-windowtests/src/ConsoleAppVisuals/elements/TableView.cs" />
        <File uid="16" fullPath="/Users/yannvidamment/Documents/__FILES__/DEV/GIT-PROJECTS/Project-ConsoleAppVisuals/test-windowtests/src/ConsoleAppVisuals/elements/Title.cs" />
        <File uid="17" fullPath="/Users/yannvidamment/Documents/__FILES__/DEV/GIT-PROJECTS/Project-ConsoleAppVisuals/test-windowtests/src/ConsoleAppVisuals/errors/ElementNotFoundException.cs" />
        <File uid="18" fullPath="/Users/yannvidamment/Documents/__FILES__/DEV/GIT-PROJECTS/Project-ConsoleAppVisuals/test-windowtests/src/ConsoleAppVisuals/errors/EmptyFileException.cs" />
        <File uid="19" fullPath="/Users/yannvidamment/Documents/__FILES__/DEV/GIT-PROJECTS/Project-ConsoleAppVisuals/test-windowtests/src/ConsoleAppVisuals/errors/NotSupportedCharException.cs" />
        <File uid="20" fullPath="/Users/yannvidamment/Documents/__FILES__/DEV/GIT-PROJECTS/Project-ConsoleAppVisuals/test-windowtests/src/ConsoleAppVisuals/models/Element.cs" />
        <File uid="21" fullPath="/Users/yannvidamment/Documents/__FILES__/DEV/GIT-PROJECTS/Project-ConsoleAppVisuals/test-windowtests/src/ConsoleAppVisuals/models/FontYamlFile.cs" />
        <File uid="22" fullPath="/Users/yannvidamment/Documents/__FILES__/DEV/GIT-PROJECTS/Project-ConsoleAppVisuals/test-windowtests/src/ConsoleAppVisuals/models/InteractionEventArgs.cs" />
        <File uid="23" fullPath="/Users/yannvidamment/Documents/__FILES__/DEV/GIT-PROJECTS/Project-ConsoleAppVisuals/test-windowtests/src/ConsoleAppVisuals/models/InteractiveElement.cs" />
        <File uid="24" fullPath="/Users/yannvidamment/Documents/__FILES__/DEV/GIT-PROJECTS/Project-ConsoleAppVisuals/test-windowtests/src/ConsoleAppVisuals/models/Position.cs" />
        <File uid="25" fullPath="/Users/yannvidamment/Documents/__FILES__/DEV/GIT-PROJECTS/Project-ConsoleAppVisuals/test-windowtests/src/ConsoleAppVisuals/TextStyler.cs" />
        <File uid="26" fullPath="/Users/yannvidamment/Documents/__FILES__/DEV/GIT-PROJECTS/Project-ConsoleAppVisuals/test-windowtests/src/ConsoleAppVisuals/Window.cs" />
      </Files>
      <Classes>
        <Class>
          <Summary numSequencePoints="12" visitedSequencePoints="0" numBranchPoints="0" visitedBranchPoints="0" sequenceCoverage="0" branchCoverage="100" maxCyclomaticComplexity="1" minCyclomaticComplexity="1" visitedClasses="0" numClasses="1" visitedMethods="0" numMethods="7" />
          <FullName>ConsoleAppVisuals.VisualAttribute</FullName>
          <Methods>
            <Method cyclomaticComplexity="1" nPathComplexity="1" sequenceCoverage="0" branchCoverage="100" isConstructor="False" isGetter="True" isSetter="False" isStatic="True">
              <Summary numSequencePoints="1" visitedSequencePoints="0" numBranchPoints="0" visitedBranchPoints="0" sequenceCoverage="0" branchCoverage="100" maxCyclomaticComplexity="1" minCyclomaticComplexity="1" visitedClasses="0" numClasses="0" visitedMethods="0" numMethods="1" />
              <MetadataToken />
              <Name>System.String ConsoleAppVisuals.VisualAttribute::get_DiagnosticId()</Name>
              <FileRef uid="1" />
              <SequencePoints>
                <SequencePoint vc="0" uspid="45" ordinal="0" sl="45" sc="1" el="45" ec="2" bec="0" bev="0" fileid="1" />
              </SequencePoints>
              <BranchPoints />
              <MethodPoint vc="0" uspid="0" p8:type="SequencePoint" ordinal="0" offset="0" sc="0" sl="45" ec="1" el="45" bec="0" bev="0" fileid="1" xmlns:p8="xsi" />
            </Method>
            <Method cyclomaticComplexity="1" nPathComplexity="1" sequenceCoverage="0" branchCoverage="100" isConstructor="False" isGetter="True" isSetter="False" isStatic="True">
              <Summary numSequencePoints="1" visitedSequencePoints="0" numBranchPoints="0" visitedBranchPoints="0" sequenceCoverage="0" branchCoverage="100" maxCyclomaticComplexity="1" minCyclomaticComplexity="1" visitedClasses="0" numClasses="0" visitedMethods="0" numMethods="1" />
              <MetadataToken />
              <Name>System.Boolean ConsoleAppVisuals.VisualAttribute::get_IsError()</Name>
              <FileRef uid="1" />
              <SequencePoints>
                <SequencePoint vc="0" uspid="51" ordinal="0" sl="51" sc="1" el="51" ec="2" bec="0" bev="0" fileid="1" />
              </SequencePoints>
              <BranchPoints />
              <MethodPoint vc="0" uspid="0" p8:type="SequencePoint" ordinal="1" offset="1" sc="0" sl="51" ec="1" el="51" bec="0" bev="0" fileid="1" xmlns:p8="xsi" />
            </Method>
            <Method cyclomaticComplexity="1" nPathComplexity="1" sequenceCoverage="0" branchCoverage="100" isConstructor="False" isGetter="True" isSetter="False" isStatic="True">
              <Summary numSequencePoints="1" visitedSequencePoints="0" numBranchPoints="0" visitedBranchPoints="0" sequenceCoverage="0" branchCoverage="100" maxCyclomaticComplexity="1" minCyclomaticComplexity="1" visitedClasses="0" numClasses="0" visitedMethods="0" numMethods="1" />
              <MetadataToken />
              <Name>System.String ConsoleAppVisuals.VisualAttribute::get_Message()</Name>
              <FileRef uid="1" />
              <SequencePoints>
                <SequencePoint vc="0" uspid="57" ordinal="0" sl="57" sc="1" el="57" ec="2" bec="0" bev="0" fileid="1" />
              </SequencePoints>
              <BranchPoints />
              <MethodPoint vc="0" uspid="0" p8:type="SequencePoint" ordinal="2" offset="2" sc="0" sl="57" ec="1" el="57" bec="0" bev="0" fileid="1" xmlns:p8="xsi" />
            </Method>
            <Method cyclomaticComplexity="1" nPathComplexity="1" sequenceCoverage="0" branchCoverage="100" isConstructor="False" isGetter="True" isSetter="False" isStatic="True">
              <Summary numSequencePoints="1" visitedSequencePoints="0" numBranchPoints="0" visitedBranchPoints="0" sequenceCoverage="0" branchCoverage="100" maxCyclomaticComplexity="1" minCyclomaticComplexity="1" visitedClasses="0" numClasses="0" visitedMethods="0" numMethods="1" />
              <MetadataToken />
              <Name>System.String ConsoleAppVisuals.VisualAttribute::get_UrlFormat()</Name>
              <FileRef uid="1" />
              <SequencePoints>
                <SequencePoint vc="0" uspid="63" ordinal="0" sl="63" sc="1" el="63" ec="2" bec="0" bev="0" fileid="1" />
              </SequencePoints>
              <BranchPoints />
              <MethodPoint vc="0" uspid="0" p8:type="SequencePoint" ordinal="3" offset="3" sc="0" sl="63" ec="1" el="63" bec="0" bev="0" fileid="1" xmlns:p8="xsi" />
            </Method>
            <Method cyclomaticComplexity="1" nPathComplexity="1" sequenceCoverage="0" branchCoverage="100" isConstructor="True" isGetter="False" isSetter="False" isStatic="True">
              <Summary numSequencePoints="1" visitedSequencePoints="0" numBranchPoints="0" visitedBranchPoints="0" sequenceCoverage="0" branchCoverage="100" maxCyclomaticComplexity="1" minCyclomaticComplexity="1" visitedClasses="0" numClasses="0" visitedMethods="0" numMethods="1" />
              <MetadataToken />
              <Name>System.Void ConsoleAppVisuals.VisualAttribute::.ctor()</Name>
              <FileRef uid="1" />
              <SequencePoints>
                <SequencePoint vc="0" uspid="20" ordinal="0" sl="20" sc="1" el="20" ec="2" bec="0" bev="0" fileid="1" />
              </SequencePoints>
              <BranchPoints />
              <MethodPoint vc="0" uspid="0" p8:type="SequencePoint" ordinal="4" offset="4" sc="0" sl="20" ec="1" el="20" bec="0" bev="0" fileid="1" xmlns:p8="xsi" />
            </Method>
            <Method cyclomaticComplexity="1" nPathComplexity="1" sequenceCoverage="0" branchCoverage="100" isConstructor="True" isGetter="False" isSetter="False" isStatic="True">
              <Summary numSequencePoints="3" visitedSequencePoints="0" numBranchPoints="0" visitedBranchPoints="0" sequenceCoverage="0" branchCoverage="100" maxCyclomaticComplexity="1" minCyclomaticComplexity="1" visitedClasses="0" numClasses="0" visitedMethods="0" numMethods="1" />
              <MetadataToken />
              <Name>System.Void ConsoleAppVisuals.VisualAttribute::.ctor(System.String)</Name>
              <FileRef uid="1" />
              <SequencePoints>
                <SequencePoint vc="0" uspid="26" ordinal="0" sl="26" sc="1" el="26" ec="2" bec="0" bev="0" fileid="1" />
                <SequencePoint vc="0" uspid="28" ordinal="1" sl="28" sc="1" el="28" ec="2" bec="0" bev="0" fileid="1" />
                <SequencePoint vc="0" uspid="29" ordinal="2" sl="29" sc="1" el="29" ec="2" bec="0" bev="0" fileid="1" />
              </SequencePoints>
              <BranchPoints />
              <MethodPoint vc="0" uspid="0" p8:type="SequencePoint" ordinal="5" offset="5" sc="0" sl="26" ec="1" el="29" bec="0" bev="0" fileid="1" xmlns:p8="xsi" />
            </Method>
            <Method cyclomaticComplexity="1" nPathComplexity="1" sequenceCoverage="0" branchCoverage="100" isConstructor="True" isGetter="False" isSetter="False" isStatic="True">
              <Summary numSequencePoints="4" visitedSequencePoints="0" numBranchPoints="0" visitedBranchPoints="0" sequenceCoverage="0" branchCoverage="100" maxCyclomaticComplexity="1" minCyclomaticComplexity="1" visitedClasses="0" numClasses="0" visitedMethods="0" numMethods="1" />
              <MetadataToken />
              <Name>System.Void ConsoleAppVisuals.VisualAttribute::.ctor(System.String,System.Boolean)</Name>
              <FileRef uid="1" />
              <SequencePoints>
                <SequencePoint vc="0" uspid="36" ordinal="0" sl="36" sc="1" el="36" ec="2" bec="0" bev="0" fileid="1" />
                <SequencePoint vc="0" uspid="38" ordinal="1" sl="38" sc="1" el="38" ec="2" bec="0" bev="0" fileid="1" />
                <SequencePoint vc="0" uspid="39" ordinal="2" sl="39" sc="1" el="39" ec="2" bec="0" bev="0" fileid="1" />
                <SequencePoint vc="0" uspid="40" ordinal="3" sl="40" sc="1" el="40" ec="2" bec="0" bev="0" fileid="1" />
              </SequencePoints>
              <BranchPoints />
              <MethodPoint vc="0" uspid="0" p8:type="SequencePoint" ordinal="6" offset="6" sc="0" sl="36" ec="1" el="40" bec="0" bev="0" fileid="1" xmlns:p8="xsi" />
            </Method>
          </Methods>
        </Class>
        <Class>
          <Summary numSequencePoints="107" visitedSequencePoints="107" numBranchPoints="40" visitedBranchPoints="40" sequenceCoverage="100" branchCoverage="100" maxCyclomaticComplexity="14" minCyclomaticComplexity="1" visitedClasses="1" numClasses="1" visitedMethods="20" numMethods="20" />
          <FullName>ConsoleAppVisuals.Core</FullName>
          <Methods>
            <Method cyclomaticComplexity="1" nPathComplexity="1" sequenceCoverage="100" branchCoverage="100" isConstructor="True" isGetter="True" isSetter="False" isStatic="True">
              <Summary numSequencePoints="1" visitedSequencePoints="1" numBranchPoints="0" visitedBranchPoints="0" sequenceCoverage="100" branchCoverage="100" maxCyclomaticComplexity="1" minCyclomaticComplexity="1" visitedClasses="0" numClasses="0" visitedMethods="1" numMethods="1" />
              <MetadataToken />
              <Name>System.ValueTuple`2&lt;System.Char,System.Char&gt; ConsoleAppVisuals.Core::get_GetSelector()</Name>
              <FileRef uid="2" />
              <SequencePoints>
                <SequencePoint vc="1" uspid="76" ordinal="0" sl="76" sc="1" el="76" ec="2" bec="0" bev="0" fileid="2" />
              </SequencePoints>
              <BranchPoints />
              <MethodPoint vc="1" uspid="0" p8:type="SequencePoint" ordinal="0" offset="0" sc="0" sl="76" ec="1" el="76" bec="0" bev="0" fileid="2" xmlns:p8="xsi" />
            </Method>
            <Method cyclomaticComplexity="1" nPathComplexity="1" sequenceCoverage="100" branchCoverage="100" isConstructor="False" isGetter="True" isSetter="False" isStatic="True">
              <Summary numSequencePoints="1" visitedSequencePoints="1" numBranchPoints="0" visitedBranchPoints="0" sequenceCoverage="100" branchCoverage="100" maxCyclomaticComplexity="1" minCyclomaticComplexity="1" visitedClasses="0" numClasses="0" visitedMethods="1" numMethods="1" />
              <MetadataToken />
              <Name>System.ValueTuple`2&lt;System.ConsoleColor,System.ConsoleColor&gt; ConsoleAppVisuals.Core::get_GetColorPanel()</Name>
              <FileRef uid="2" />
              <SequencePoints>
                <SequencePoint vc="8" uspid="122" ordinal="0" sl="122" sc="1" el="122" ec="2" bec="0" bev="0" fileid="2" />
              </SequencePoints>
              <BranchPoints />
              <MethodPoint vc="1" uspid="0" p8:type="SequencePoint" ordinal="1" offset="1" sc="0" sl="122" ec="1" el="122" bec="0" bev="0" fileid="2" xmlns:p8="xsi" />
            </Method>
            <Method cyclomaticComplexity="1" nPathComplexity="1" sequenceCoverage="100" branchCoverage="100" isConstructor="False" isGetter="True" isSetter="False" isStatic="True">
              <Summary numSequencePoints="1" visitedSequencePoints="1" numBranchPoints="0" visitedBranchPoints="0" sequenceCoverage="100" branchCoverage="100" maxCyclomaticComplexity="1" minCyclomaticComplexity="1" visitedClasses="0" numClasses="0" visitedMethods="1" numMethods="1" />
              <MetadataToken />
              <Name>System.ValueTuple`2&lt;System.ConsoleColor,System.ConsoleColor&gt; ConsoleAppVisuals.Core::get_GetInitialColorPanel()</Name>
              <FileRef uid="2" />
              <SequencePoints>
                <SequencePoint vc="1" uspid="128" ordinal="0" sl="128" sc="1" el="128" ec="2" bec="0" bev="0" fileid="2" />
              </SequencePoints>
              <BranchPoints />
              <MethodPoint vc="1" uspid="0" p8:type="SequencePoint" ordinal="2" offset="2" sc="0" sl="128" ec="1" el="128" bec="0" bev="0" fileid="2" xmlns:p8="xsi" />
            </Method>
            <Method cyclomaticComplexity="1" nPathComplexity="1" sequenceCoverage="100" branchCoverage="100" isConstructor="True" isGetter="False" isSetter="False" isStatic="True">
              <Summary numSequencePoints="2" visitedSequencePoints="2" numBranchPoints="0" visitedBranchPoints="0" sequenceCoverage="100" branchCoverage="100" maxCyclomaticComplexity="1" minCyclomaticComplexity="1" visitedClasses="0" numClasses="0" visitedMethods="1" numMethods="1" />
              <MetadataToken />
              <Name>System.Void ConsoleAppVisuals.Core::SetSelector(System.Char,System.Char)</Name>
              <FileRef uid="2" />
              <SequencePoints>
                <SequencePoint vc="1" uspid="157" ordinal="0" sl="157" sc="1" el="157" ec="2" bec="0" bev="0" fileid="2" />
                <SequencePoint vc="1" uspid="158" ordinal="1" sl="158" sc="1" el="158" ec="2" bec="0" bev="0" fileid="2" />
              </SequencePoints>
              <BranchPoints />
              <MethodPoint vc="2" uspid="0" p8:type="SequencePoint" ordinal="3" offset="3" sc="0" sl="157" ec="1" el="158" bec="0" bev="0" fileid="2" xmlns:p8="xsi" />
            </Method>
            <Method cyclomaticComplexity="1" nPathComplexity="1" sequenceCoverage="100" branchCoverage="100" isConstructor="False" isGetter="False" isSetter="False" isStatic="True">
              <Summary numSequencePoints="3" visitedSequencePoints="3" numBranchPoints="0" visitedBranchPoints="0" sequenceCoverage="100" branchCoverage="100" maxCyclomaticComplexity="1" minCyclomaticComplexity="1" visitedClasses="0" numClasses="0" visitedMethods="1" numMethods="1" />
              <MetadataToken />
              <Name>System.Void ConsoleAppVisuals.Core::SetForegroundColor(System.ConsoleColor)</Name>
              <FileRef uid="2" />
              <SequencePoints>
                <SequencePoint vc="3" uspid="173" ordinal="0" sl="173" sc="1" el="173" ec="2" bec="0" bev="0" fileid="2" />
                <SequencePoint vc="3" uspid="174" ordinal="1" sl="174" sc="1" el="174" ec="2" bec="0" bev="0" fileid="2" />
                <SequencePoint vc="3" uspid="175" ordinal="2" sl="175" sc="1" el="175" ec="2" bec="0" bev="0" fileid="2" />
              </SequencePoints>
              <BranchPoints />
              <MethodPoint vc="3" uspid="0" p8:type="SequencePoint" ordinal="4" offset="4" sc="0" sl="173" ec="1" el="175" bec="0" bev="0" fileid="2" xmlns:p8="xsi" />
            </Method>
            <Method cyclomaticComplexity="1" nPathComplexity="1" sequenceCoverage="100" branchCoverage="100" isConstructor="False" isGetter="False" isSetter="False" isStatic="True">
              <Summary numSequencePoints="3" visitedSequencePoints="3" numBranchPoints="0" visitedBranchPoints="0" sequenceCoverage="100" branchCoverage="100" maxCyclomaticComplexity="1" minCyclomaticComplexity="1" visitedClasses="0" numClasses="0" visitedMethods="1" numMethods="1" />
              <MetadataToken />
              <Name>System.Void ConsoleAppVisuals.Core::SetBackgroundColor(System.ConsoleColor)</Name>
              <FileRef uid="2" />
              <SequencePoints>
                <SequencePoint vc="3" uspid="190" ordinal="0" sl="190" sc="1" el="190" ec="2" bec="0" bev="0" fileid="2" />
                <SequencePoint vc="3" uspid="191" ordinal="1" sl="191" sc="1" el="191" ec="2" bec="0" bev="0" fileid="2" />
                <SequencePoint vc="3" uspid="192" ordinal="2" sl="192" sc="1" el="192" ec="2" bec="0" bev="0" fileid="2" />
              </SequencePoints>
              <BranchPoints />
              <MethodPoint vc="3" uspid="0" p8:type="SequencePoint" ordinal="5" offset="5" sc="0" sl="190" ec="1" el="192" bec="0" bev="0" fileid="2" xmlns:p8="xsi" />
            </Method>
            <Method cyclomaticComplexity="1" nPathComplexity="1" sequenceCoverage="100" branchCoverage="100" isConstructor="False" isGetter="False" isSetter="False" isStatic="True">
              <Summary numSequencePoints="1" visitedSequencePoints="1" numBranchPoints="0" visitedBranchPoints="0" sequenceCoverage="100" branchCoverage="100" maxCyclomaticComplexity="1" minCyclomaticComplexity="1" visitedClasses="0" numClasses="0" visitedMethods="1" numMethods="1" />
              <MetadataToken />
              <Name>System.Void ConsoleAppVisuals.Core::SaveColorPanel()</Name>
              <FileRef uid="2" />
              <SequencePoints>
                <SequencePoint vc="1" uspid="204" ordinal="0" sl="204" sc="1" el="204" ec="2" bec="0" bev="0" fileid="2" />
              </SequencePoints>
              <BranchPoints />
              <MethodPoint vc="1" uspid="0" p8:type="SequencePoint" ordinal="6" offset="6" sc="0" sl="204" ec="1" el="204" bec="0" bev="0" fileid="2" xmlns:p8="xsi" />
            </Method>
            <Method cyclomaticComplexity="1" nPathComplexity="1" sequenceCoverage="100" branchCoverage="100" isConstructor="False" isGetter="False" isSetter="False" isStatic="True">
              <Summary numSequencePoints="1" visitedSequencePoints="1" numBranchPoints="0" visitedBranchPoints="0" sequenceCoverage="100" branchCoverage="100" maxCyclomaticComplexity="1" minCyclomaticComplexity="1" visitedClasses="0" numClasses="0" visitedMethods="1" numMethods="1" />
              <MetadataToken />
              <Name>System.Void ConsoleAppVisuals.Core::LoadSavedColorPanel()</Name>
              <FileRef uid="2" />
              <SequencePoints>
                <SequencePoint vc="1" uspid="216" ordinal="0" sl="216" sc="1" el="216" ec="2" bec="0" bev="0" fileid="2" />
              </SequencePoints>
              <BranchPoints />
              <MethodPoint vc="1" uspid="0" p8:type="SequencePoint" ordinal="7" offset="7" sc="0" sl="216" ec="1" el="216" bec="0" bev="0" fileid="2" xmlns:p8="xsi" />
            </Method>
            <Method cyclomaticComplexity="1" nPathComplexity="1" sequenceCoverage="100" branchCoverage="100" isConstructor="False" isGetter="False" isSetter="False" isStatic="True">
              <Summary numSequencePoints="1" visitedSequencePoints="1" numBranchPoints="0" visitedBranchPoints="0" sequenceCoverage="100" branchCoverage="100" maxCyclomaticComplexity="1" minCyclomaticComplexity="1" visitedClasses="0" numClasses="0" visitedMethods="1" numMethods="1" />
              <MetadataToken />
              <Name>System.Void ConsoleAppVisuals.Core::LoadTerminalColorPanel()</Name>
              <FileRef uid="2" />
              <SequencePoints>
                <SequencePoint vc="1" uspid="228" ordinal="0" sl="228" sc="1" el="228" ec="2" bec="0" bev="0" fileid="2" />
              </SequencePoints>
              <BranchPoints />
              <MethodPoint vc="1" uspid="0" p8:type="SequencePoint" ordinal="8" offset="8" sc="0" sl="228" ec="1" el="228" bec="0" bev="0" fileid="2" xmlns:p8="xsi" />
            </Method>
            <Method cyclomaticComplexity="1" nPathComplexity="1" sequenceCoverage="100" branchCoverage="100" isConstructor="False" isGetter="False" isSetter="False" isStatic="True">
              <Summary numSequencePoints="2" visitedSequencePoints="2" numBranchPoints="0" visitedBranchPoints="0" sequenceCoverage="100" branchCoverage="100" maxCyclomaticComplexity="1" minCyclomaticComplexity="1" visitedClasses="0" numClasses="0" visitedMethods="1" numMethods="1" />
              <MetadataToken />
              <Name>System.Void ConsoleAppVisuals.Core::SetStyler(System.String)</Name>
              <FileRef uid="2" />
              <SequencePoints>
                <SequencePoint vc="1" uspid="273" ordinal="0" sl="273" sc="1" el="273" ec="2" bec="0" bev="0" fileid="2" />
                <SequencePoint vc="1" uspid="274" ordinal="1" sl="274" sc="1" el="274" ec="2" bec="0" bev="0" fileid="2" />
              </SequencePoints>
              <BranchPoints />
              <MethodPoint vc="2" uspid="0" p8:type="SequencePoint" ordinal="9" offset="9" sc="0" sl="273" ec="1" el="274" bec="0" bev="0" fileid="2" xmlns:p8="xsi" />
            </Method>
            <Method cyclomaticComplexity="1" nPathComplexity="1" sequenceCoverage="100" branchCoverage="100" isConstructor="False" isGetter="False" isSetter="False" isStatic="True">
              <Summary numSequencePoints="1" visitedSequencePoints="1" numBranchPoints="0" visitedBranchPoints="0" sequenceCoverage="100" branchCoverage="100" maxCyclomaticComplexity="1" minCyclomaticComplexity="1" visitedClasses="0" numClasses="0" visitedMethods="1" numMethods="1" />
              <MetadataToken />
              <Name>System.String[] ConsoleAppVisuals.Core::StyleText(System.String)</Name>
              <FileRef uid="2" />
              <SequencePoints>
                <SequencePoint vc="11" uspid="288" ordinal="0" sl="288" sc="1" el="288" ec="2" bec="0" bev="0" fileid="2" />
              </SequencePoints>
              <BranchPoints />
              <MethodPoint vc="1" uspid="0" p8:type="SequencePoint" ordinal="10" offset="10" sc="0" sl="288" ec="1" el="288" bec="0" bev="0" fileid="2" xmlns:p8="xsi" />
            </Method>
            <Method cyclomaticComplexity="1" nPathComplexity="1" sequenceCoverage="100" branchCoverage="100" isConstructor="False" isGetter="False" isSetter="False" isStatic="True">
              <Summary numSequencePoints="10" visitedSequencePoints="10" numBranchPoints="0" visitedBranchPoints="0" sequenceCoverage="100" branchCoverage="100" maxCyclomaticComplexity="1" minCyclomaticComplexity="1" visitedClasses="0" numClasses="0" visitedMethods="1" numMethods="1" />
              <MetadataToken />
              <Name>System.ConsoleColor ConsoleAppVisuals.Core::GetRandomColor()</Name>
              <FileRef uid="2" />
              <SequencePoints>
                <SequencePoint vc="1" uspid="331" ordinal="0" sl="331" sc="1" el="331" ec="2" bec="0" bev="0" fileid="2" />
                <SequencePoint vc="1" uspid="332" ordinal="1" sl="332" sc="1" el="332" ec="2" bec="0" bev="0" fileid="2" />
                <SequencePoint vc="1" uspid="333" ordinal="2" sl="333" sc="1" el="333" ec="2" bec="0" bev="0" fileid="2" />
                <SequencePoint vc="1" uspid="334" ordinal="3" sl="334" sc="1" el="334" ec="2" bec="0" bev="0" fileid="2" />
                <SequencePoint vc="1" uspid="335" ordinal="4" sl="335" sc="1" el="335" ec="2" bec="0" bev="0" fileid="2" />
                <SequencePoint vc="1" uspid="336" ordinal="5" sl="336" sc="1" el="336" ec="2" bec="0" bev="0" fileid="2" />
                <SequencePoint vc="1" uspid="337" ordinal="6" sl="337" sc="1" el="337" ec="2" bec="0" bev="0" fileid="2" />
                <SequencePoint vc="1" uspid="338" ordinal="7" sl="338" sc="1" el="338" ec="2" bec="0" bev="0" fileid="2" />
                <SequencePoint vc="1" uspid="339" ordinal="8" sl="339" sc="1" el="339" ec="2" bec="0" bev="0" fileid="2" />
                <SequencePoint vc="1" uspid="340" ordinal="9" sl="340" sc="1" el="340" ec="2" bec="0" bev="0" fileid="2" />
              </SequencePoints>
              <BranchPoints />
              <MethodPoint vc="10" uspid="0" p8:type="SequencePoint" ordinal="11" offset="11" sc="0" sl="331" ec="1" el="340" bec="0" bev="0" fileid="2" xmlns:p8="xsi" />
            </Method>
            <Method cyclomaticComplexity="1" nPathComplexity="1" sequenceCoverage="100" branchCoverage="100" isConstructor="False" isGetter="False" isSetter="False" isStatic="True">
              <Summary numSequencePoints="4" visitedSequencePoints="4" numBranchPoints="0" visitedBranchPoints="0" sequenceCoverage="100" branchCoverage="100" maxCyclomaticComplexity="1" minCyclomaticComplexity="1" visitedClasses="0" numClasses="0" visitedMethods="1" numMethods="1" />
              <MetadataToken />
              <Name>System.Void ConsoleAppVisuals.Core::RestoreColorPanel()</Name>
              <FileRef uid="2" />
              <SequencePoints>
                <SequencePoint vc="1" uspid="355" ordinal="0" sl="355" sc="1" el="355" ec="2" bec="0" bev="0" fileid="2" />
                <SequencePoint vc="1" uspid="356" ordinal="1" sl="356" sc="1" el="356" ec="2" bec="0" bev="0" fileid="2" />
                <SequencePoint vc="1" uspid="357" ordinal="2" sl="357" sc="1" el="357" ec="2" bec="0" bev="0" fileid="2" />
                <SequencePoint vc="1" uspid="358" ordinal="3" sl="358" sc="1" el="358" ec="2" bec="0" bev="0" fileid="2" />
              </SequencePoints>
              <BranchPoints />
              <MethodPoint vc="4" uspid="0" p8:type="SequencePoint" ordinal="12" offset="12" sc="0" sl="355" ec="1" el="358" bec="0" bev="0" fileid="2" xmlns:p8="xsi" />
            </Method>
            <Method cyclomaticComplexity="4" nPathComplexity="4" sequenceCoverage="100" branchCoverage="100" isConstructor="False" isGetter="False" isSetter="False" isStatic="True">
              <Summary numSequencePoints="3" visitedSequencePoints="3" numBranchPoints="4" visitedBranchPoints="4" sequenceCoverage="100" branchCoverage="100" maxCyclomaticComplexity="4" minCyclomaticComplexity="4" visitedClasses="0" numClasses="0" visitedMethods="1" numMethods="1" />
              <MetadataToken />
              <Name>System.Void ConsoleAppVisuals.Core::ApplyNegative(System.Boolean)</Name>
              <FileRef uid="2" />
              <SequencePoints>
                <SequencePoint vc="4068" uspid="374" ordinal="0" sl="374" sc="1" el="374" ec="2" bec="2" bev="2" fileid="2" />
                <SequencePoint vc="4068" uspid="375" ordinal="1" sl="375" sc="1" el="375" ec="2" bec="2" bev="2" fileid="2" />
                <SequencePoint vc="4068" uspid="376" ordinal="2" sl="376" sc="1" el="376" ec="2" bec="0" bev="0" fileid="2" />
              </SequencePoints>
              <BranchPoints>
                <BranchPoint vc="4067" uspid="374" ordinal="0" path="0" offset="1" offsetend="3" sl="374" fileid="2" />
                <BranchPoint vc="1" uspid="374" ordinal="1" path="1" offset="1" offsetend="15" sl="374" fileid="2" />
                <BranchPoint vc="4067" uspid="375" ordinal="2" path="0" offset="31" offsetend="33" sl="375" fileid="2" />
                <BranchPoint vc="1" uspid="375" ordinal="3" path="1" offset="31" offsetend="45" sl="375" fileid="2" />
              </BranchPoints>
              <MethodPoint vc="3" uspid="0" p8:type="SequencePoint" ordinal="13" offset="13" sc="0" sl="374" ec="1" el="376" bec="0" bev="0" fileid="2" xmlns:p8="xsi" />
            </Method>
            <Method cyclomaticComplexity="14" nPathComplexity="14" sequenceCoverage="100" branchCoverage="100" isConstructor="False" isGetter="False" isSetter="False" isStatic="True">
              <Summary numSequencePoints="11" visitedSequencePoints="11" numBranchPoints="14" visitedBranchPoints="14" sequenceCoverage="100" branchCoverage="100" maxCyclomaticComplexity="14" minCyclomaticComplexity="14" visitedClasses="0" numClasses="0" visitedMethods="1" numMethods="1" />
              <MetadataToken />
              <Name>System.String ConsoleAppVisuals.Core::ResizeString(System.String,System.Int32,ConsoleAppVisuals.TextAlignment,System.Boolean)</Name>
              <FileRef uid="2" />
              <SequencePoints>
                <SequencePoint vc="1987" uspid="1206" ordinal="0" sl="1206" sc="1" el="1206" ec="2" bec="0" bev="0" fileid="2" />
                <SequencePoint vc="1987" uspid="1207" ordinal="1" sl="1207" sc="1" el="1207" ec="2" bec="8" bev="8" fileid="2" />
                <SequencePoint vc="1" uspid="1211" ordinal="2" sl="1211" sc="1" el="1211" ec="2" bec="0" bev="0" fileid="2" />
                <SequencePoint vc="7" uspid="1213" ordinal="3" sl="1213" sc="1" el="1213" ec="2" bec="0" bev="0" fileid="2" />
                <SequencePoint vc="1" uspid="1215" ordinal="4" sl="1215" sc="1" el="1215" ec="2" bec="0" bev="0" fileid="2" />
                <SequencePoint vc="1978" uspid="1217" ordinal="5" sl="1217" sc="1" el="1217" ec="2" bec="6" bev="6" fileid="2" />
                <SequencePoint vc="1" uspid="1221" ordinal="6" sl="1221" sc="1" el="1221" ec="2" bec="0" bev="0" fileid="2" />
                <SequencePoint vc="7" uspid="1223" ordinal="7" sl="1223" sc="1" el="1223" ec="2" bec="0" bev="0" fileid="2" />
                <SequencePoint vc="7" uspid="1224" ordinal="8" sl="1224" sc="1" el="1224" ec="2" bec="0" bev="0" fileid="2" />
                <SequencePoint vc="1" uspid="1226" ordinal="9" sl="1226" sc="1" el="1226" ec="2" bec="0" bev="0" fileid="2" />
                <SequencePoint vc="1969" uspid="1228" ordinal="10" sl="1228" sc="1" el="1228" ec="2" bec="0" bev="0" fileid="2" />
              </SequencePoints>
              <BranchPoints>
                <BranchPoint vc="18" uspid="1207" ordinal="0" path="0" offset="10" offsetend="12" sl="1207" fileid="2" />
                <BranchPoint vc="9" uspid="1207" ordinal="2" path="0" offset="14" offsetend="16" sl="1207" fileid="2" />
                <BranchPoint vc="1" uspid="1207" ordinal="6" path="2" offset="17" offsetend="36" sl="1207" fileid="2" />
                <BranchPoint vc="7" uspid="1207" ordinal="5" path="1" offset="17" offsetend="45" sl="1207" fileid="2" />
                <BranchPoint vc="1" uspid="1207" ordinal="7" path="3" offset="17" offsetend="57" sl="1207" fileid="2" />
                <BranchPoint vc="1978" uspid="1207" ordinal="1" path="1" offset="10" offsetend="67" sl="1207" fileid="2" />
                <BranchPoint vc="1978" uspid="1207" ordinal="3" path="1" offset="14" offsetend="67" sl="1207" fileid="2" />
                <BranchPoint vc="9" uspid="1217" ordinal="8" path="0" offset="69" offsetend="71" sl="1217" fileid="2" />
                <BranchPoint vc="1" uspid="1217" ordinal="12" path="2" offset="72" offsetend="91" sl="1217" fileid="2" />
                <BranchPoint vc="7" uspid="1217" ordinal="11" path="1" offset="72" offsetend="99" sl="1217" fileid="2" />
                <BranchPoint vc="1" uspid="1217" ordinal="13" path="3" offset="72" offsetend="133" sl="1217" fileid="2" />
                <BranchPoint vc="1969" uspid="1207" ordinal="4" path="0" offset="17" offsetend="141" sl="1207" fileid="2" />
                <BranchPoint vc="1969" uspid="1217" ordinal="9" path="1" offset="69" offsetend="141" sl="1217" fileid="2" />
                <BranchPoint vc="1969" uspid="1217" ordinal="10" path="0" offset="72" offsetend="141" sl="1217" fileid="2" />
              </BranchPoints>
              <MethodPoint vc="11" uspid="0" p8:type="SequencePoint" ordinal="14" offset="14" sc="0" sl="1206" ec="1" el="1228" bec="0" bev="0" fileid="2" xmlns:p8="xsi" />
            </Method>
            <Method cyclomaticComplexity="8" nPathComplexity="8" sequenceCoverage="100" branchCoverage="100" isConstructor="False" isGetter="False" isSetter="False" isStatic="True">
              <Summary numSequencePoints="12" visitedSequencePoints="12" numBranchPoints="8" visitedBranchPoints="8" sequenceCoverage="100" branchCoverage="100" maxCyclomaticComplexity="8" minCyclomaticComplexity="8" visitedClasses="0" numClasses="0" visitedMethods="1" numMethods="1" />
              <MetadataToken />
              <Name>System.String ConsoleAppVisuals.Core::InsertString(System.String,System.String,ConsoleAppVisuals.Placement)</Name>
              <FileRef uid="2" />
              <SequencePoints>
                <SequencePoint vc="9" uspid="1251" ordinal="0" sl="1251" sc="1" el="1251" ec="2" bec="2" bev="2" fileid="2" />
                <SequencePoint vc="2" uspid="1253" ordinal="1" sl="1253" sc="1" el="1253" ec="2" bec="6" bev="6" fileid="2" />
                <SequencePoint vc="2" uspid="1254" ordinal="2" sl="1254" sc="1" el="1254" ec="2" bec="0" bev="0" fileid="2" />
                <SequencePoint vc="2" uspid="1255" ordinal="3" sl="1255" sc="1" el="1255" ec="2" bec="0" bev="0" fileid="2" />
                <SequencePoint vc="2" uspid="1262" ordinal="4" sl="1262" sc="1" el="1262" ec="2" bec="0" bev="0" fileid="2" />
                <SequencePoint vc="2" uspid="1263" ordinal="5" sl="1263" sc="1" el="1263" ec="2" bec="0" bev="0" fileid="2" />
                <SequencePoint vc="2" uspid="1264" ordinal="6" sl="1264" sc="1" el="1264" ec="2" bec="0" bev="0" fileid="2" />
                <SequencePoint vc="2" uspid="1266" ordinal="7" sl="1266" sc="1" el="1266" ec="2" bec="0" bev="0" fileid="2" />
                <SequencePoint vc="2" uspid="1268" ordinal="8" sl="1268" sc="1" el="1268" ec="2" bec="0" bev="0" fileid="2" />
                <SequencePoint vc="2" uspid="1269" ordinal="9" sl="1269" sc="1" el="1269" ec="2" bec="0" bev="0" fileid="2" />
                <SequencePoint vc="2" uspid="1270" ordinal="10" sl="1270" sc="1" el="1270" ec="2" bec="0" bev="0" fileid="2" />
                <SequencePoint vc="1" uspid="1272" ordinal="11" sl="1272" sc="1" el="1272" ec="2" bec="0" bev="0" fileid="2" />
              </SequencePoints>
              <BranchPoints>
                <BranchPoint vc="2" uspid="1251" ordinal="0" path="0" offset="12" offsetend="14" sl="1251" fileid="2" />
                <BranchPoint vc="7" uspid="1251" ordinal="1" path="1" offset="12" offsetend="25" sl="1251" fileid="2" />
                <BranchPoint vc="2" uspid="1253" ordinal="3" path="1" offset="26" offsetend="53" sl="1253" fileid="2" />
                <BranchPoint vc="2" uspid="1253" ordinal="6" path="4" offset="26" offsetend="53" sl="1253" fileid="2" />
                <BranchPoint vc="2" uspid="1253" ordinal="7" path="5" offset="26" offsetend="53" sl="1253" fileid="2" />
                <BranchPoint vc="2" uspid="1253" ordinal="4" path="2" offset="26" offsetend="92" sl="1253" fileid="2" />
                <BranchPoint vc="2" uspid="1253" ordinal="5" path="3" offset="26" offsetend="113" sl="1253" fileid="2" />
                <BranchPoint vc="1" uspid="1253" ordinal="2" path="0" offset="26" offsetend="158" sl="1253" fileid="2" />
              </BranchPoints>
              <MethodPoint vc="12" uspid="0" p8:type="SequencePoint" ordinal="15" offset="15" sc="0" sl="1251" ec="1" el="1272" bec="0" bev="0" fileid="2" xmlns:p8="xsi" />
            </Method>
            <Method cyclomaticComplexity="4" nPathComplexity="4" sequenceCoverage="100" branchCoverage="100" isConstructor="False" isGetter="False" isSetter="False" isStatic="True">
              <Summary numSequencePoints="7" visitedSequencePoints="7" numBranchPoints="4" visitedBranchPoints="4" sequenceCoverage="100" branchCoverage="100" maxCyclomaticComplexity="4" minCyclomaticComplexity="4" visitedClasses="0" numClasses="0" visitedMethods="1" numMethods="1" />
              <MetadataToken />
              <Name>System.ValueTuple`2&lt;System.String,System.Nullable`1&lt;System.ValueTuple`2&lt;System.Int32,System.Int32&gt;&gt;&gt; ConsoleAppVisuals.Core::GetRangeAndRemoveNegativeAnchors(System.String)</Name>
              <FileRef uid="2" />
              <SequencePoints>
                <SequencePoint vc="2036" uspid="1314" ordinal="0" sl="1314" sc="1" el="1314" ec="2" bec="0" bev="0" fileid="2" />
                <SequencePoint vc="2036" uspid="1315" ordinal="1" sl="1315" sc="1" el="1315" ec="2" bec="0" bev="0" fileid="2" />
                <SequencePoint vc="2036" uspid="1316" ordinal="2" sl="1316" sc="1" el="1316" ec="2" bec="4" bev="4" fileid="2" />
                <SequencePoint vc="2034" uspid="1317" ordinal="3" sl="1317" sc="1" el="1317" ec="2" bec="0" bev="0" fileid="2" />
                <SequencePoint vc="2" uspid="1319" ordinal="4" sl="1319" sc="1" el="1319" ec="2" bec="0" bev="0" fileid="2" />
                <SequencePoint vc="2" uspid="1320" ordinal="5" sl="1320" sc="1" el="1320" ec="2" bec="0" bev="0" fileid="2" />
                <SequencePoint vc="2" uspid="1321" ordinal="6" sl="1321" sc="1" el="1321" ec="2" bec="0" bev="0" fileid="2" />
              </SequencePoints>
              <BranchPoints>
                <BranchPoint vc="2" uspid="1316" ordinal="0" path="0" offset="29" offsetend="31" sl="1316" fileid="2" />
                <BranchPoint vc="2034" uspid="1316" ordinal="1" path="1" offset="29" offsetend="35" sl="1316" fileid="2" />
                <BranchPoint vc="2034" uspid="1316" ordinal="2" path="0" offset="33" offsetend="35" sl="1316" fileid="2" />
                <BranchPoint vc="2" uspid="1316" ordinal="3" path="1" offset="33" offsetend="51" sl="1316" fileid="2" />
              </BranchPoints>
              <MethodPoint vc="7" uspid="0" p8:type="SequencePoint" ordinal="16" offset="16" sc="0" sl="1314" ec="1" el="1321" bec="0" bev="0" fileid="2" xmlns:p8="xsi" />
            </Method>
            <Method cyclomaticComplexity="6" nPathComplexity="6" sequenceCoverage="100" branchCoverage="100" isConstructor="False" isGetter="False" isSetter="False" isStatic="True">
              <Summary numSequencePoints="9" visitedSequencePoints="9" numBranchPoints="6" visitedBranchPoints="6" sequenceCoverage="100" branchCoverage="100" maxCyclomaticComplexity="6" minCyclomaticComplexity="6" visitedClasses="0" numClasses="0" visitedMethods="1" numMethods="1" />
              <MetadataToken />
              <Name>ConsoleAppVisuals.TextAlignment ConsoleAppVisuals.Core::ToTextAlignment(ConsoleAppVisuals.Placement)</Name>
              <FileRef uid="2" />
              <SequencePoints>
                <SequencePoint vc="6" uspid="1339" ordinal="0" sl="1339" sc="1" el="1339" ec="2" bec="6" bev="6" fileid="2" />
                <SequencePoint vc="6" uspid="1340" ordinal="1" sl="1340" sc="1" el="1340" ec="2" bec="0" bev="0" fileid="2" />
                <SequencePoint vc="1" uspid="1341" ordinal="2" sl="1341" sc="1" el="1341" ec="2" bec="0" bev="0" fileid="2" />
                <SequencePoint vc="1" uspid="1342" ordinal="3" sl="1342" sc="1" el="1342" ec="2" bec="0" bev="0" fileid="2" />
                <SequencePoint vc="1" uspid="1343" ordinal="4" sl="1343" sc="1" el="1343" ec="2" bec="0" bev="0" fileid="2" />
                <SequencePoint vc="1" uspid="1344" ordinal="5" sl="1344" sc="1" el="1344" ec="2" bec="0" bev="0" fileid="2" />
                <SequencePoint vc="1" uspid="1345" ordinal="6" sl="1345" sc="1" el="1345" ec="2" bec="0" bev="0" fileid="2" />
                <SequencePoint vc="1" uspid="1346" ordinal="7" sl="1346" sc="1" el="1346" ec="2" bec="0" bev="0" fileid="2" />
                <SequencePoint vc="6" uspid="1347" ordinal="8" sl="1347" sc="1" el="1347" ec="2" bec="0" bev="0" fileid="2" />
              </SequencePoints>
              <BranchPoints>
                <BranchPoint vc="1" uspid="1339" ordinal="1" path="1" offset="1" offsetend="28" sl="1339" fileid="2" />
                <BranchPoint vc="1" uspid="1339" ordinal="2" path="2" offset="1" offsetend="32" sl="1339" fileid="2" />
                <BranchPoint vc="1" uspid="1339" ordinal="3" path="3" offset="1" offsetend="36" sl="1339" fileid="2" />
                <BranchPoint vc="1" uspid="1339" ordinal="5" path="5" offset="1" offsetend="40" sl="1339" fileid="2" />
                <BranchPoint vc="1" uspid="1339" ordinal="4" path="4" offset="1" offsetend="44" sl="1339" fileid="2" />
                <BranchPoint vc="1" uspid="1339" ordinal="0" path="0" offset="1" offsetend="48" sl="1339" fileid="2" />
              </BranchPoints>
              <MethodPoint vc="9" uspid="0" p8:type="SequencePoint" ordinal="17" offset="17" sc="0" sl="1339" ec="1" el="1347" bec="0" bev="0" fileid="2" xmlns:p8="xsi" />
            </Method>
            <Method cyclomaticComplexity="4" nPathComplexity="4" sequenceCoverage="100" branchCoverage="100" isConstructor="False" isGetter="False" isSetter="False" isStatic="True">
              <Summary numSequencePoints="7" visitedSequencePoints="7" numBranchPoints="4" visitedBranchPoints="4" sequenceCoverage="100" branchCoverage="100" maxCyclomaticComplexity="4" minCyclomaticComplexity="4" visitedClasses="0" numClasses="0" visitedMethods="1" numMethods="1" />
              <MetadataToken />
              <Name>ConsoleAppVisuals.Placement ConsoleAppVisuals.Core::ToPlacement(ConsoleAppVisuals.TextAlignment)</Name>
              <FileRef uid="2" />
              <SequencePoints>
                <SequencePoint vc="4" uspid="1365" ordinal="0" sl="1365" sc="1" el="1365" ec="2" bec="4" bev="4" fileid="2" />
                <SequencePoint vc="4" uspid="1366" ordinal="1" sl="1366" sc="1" el="1366" ec="2" bec="0" bev="0" fileid="2" />
                <SequencePoint vc="1" uspid="1367" ordinal="2" sl="1367" sc="1" el="1367" ec="2" bec="0" bev="0" fileid="2" />
                <SequencePoint vc="1" uspid="1368" ordinal="3" sl="1368" sc="1" el="1368" ec="2" bec="0" bev="0" fileid="2" />
                <SequencePoint vc="1" uspid="1369" ordinal="4" sl="1369" sc="1" el="1369" ec="2" bec="0" bev="0" fileid="2" />
                <SequencePoint vc="1" uspid="1370" ordinal="5" sl="1370" sc="1" el="1370" ec="2" bec="0" bev="0" fileid="2" />
                <SequencePoint vc="4" uspid="1371" ordinal="6" sl="1371" sc="1" el="1371" ec="2" bec="0" bev="0" fileid="2" />
              </SequencePoints>
              <BranchPoints>
                <BranchPoint vc="1" uspid="1365" ordinal="1" path="1" offset="1" offsetend="20" sl="1365" fileid="2" />
                <BranchPoint vc="1" uspid="1365" ordinal="2" path="2" offset="1" offsetend="24" sl="1365" fileid="2" />
                <BranchPoint vc="1" uspid="1365" ordinal="3" path="3" offset="1" offsetend="28" sl="1365" fileid="2" />
                <BranchPoint vc="1" uspid="1365" ordinal="0" path="0" offset="1" offsetend="32" sl="1365" fileid="2" />
              </BranchPoints>
              <MethodPoint vc="7" uspid="0" p8:type="SequencePoint" ordinal="18" offset="18" sc="0" sl="1365" ec="1" el="1371" bec="0" bev="0" fileid="2" xmlns:p8="xsi" />
            </Method>
            <Method cyclomaticComplexity="1" nPathComplexity="1" sequenceCoverage="100" branchCoverage="100" isConstructor="True" isGetter="False" isSetter="False" isStatic="True">
              <Summary numSequencePoints="27" visitedSequencePoints="27" numBranchPoints="0" visitedBranchPoints="0" sequenceCoverage="100" branchCoverage="100" maxCyclomaticComplexity="1" minCyclomaticComplexity="1" visitedClasses="0" numClasses="0" visitedMethods="1" numMethods="1" />
              <MetadataToken />
              <Name>System.Void ConsoleAppVisuals.Core::.cctor()</Name>
              <FileRef uid="2" />
              <SequencePoints>
                <SequencePoint vc="1" uspid="26" ordinal="0" sl="26" sc="1" el="26" ec="2" bec="0" bev="0" fileid="2" />
                <SequencePoint vc="1" uspid="27" ordinal="1" sl="27" sc="1" el="27" ec="2" bec="0" bev="0" fileid="2" />
                <SequencePoint vc="1" uspid="30" ordinal="2" sl="30" sc="1" el="30" ec="2" bec="0" bev="0" fileid="2" />
                <SequencePoint vc="1" uspid="33" ordinal="3" sl="33" sc="1" el="33" ec="2" bec="0" bev="0" fileid="2" />
                <SequencePoint vc="1" uspid="34" ordinal="4" sl="34" sc="1" el="34" ec="2" bec="0" bev="0" fileid="2" />
                <SequencePoint vc="1" uspid="35" ordinal="5" sl="35" sc="1" el="35" ec="2" bec="0" bev="0" fileid="2" />
                <SequencePoint vc="1" uspid="36" ordinal="6" sl="36" sc="1" el="36" ec="2" bec="0" bev="0" fileid="2" />
                <SequencePoint vc="1" uspid="37" ordinal="7" sl="37" sc="1" el="37" ec="2" bec="0" bev="0" fileid="2" />
                <SequencePoint vc="1" uspid="38" ordinal="8" sl="38" sc="1" el="38" ec="2" bec="0" bev="0" fileid="2" />
                <SequencePoint vc="1" uspid="39" ordinal="9" sl="39" sc="1" el="39" ec="2" bec="0" bev="0" fileid="2" />
                <SequencePoint vc="1" uspid="40" ordinal="10" sl="40" sc="1" el="40" ec="2" bec="0" bev="0" fileid="2" />
                <SequencePoint vc="1" uspid="41" ordinal="11" sl="41" sc="1" el="41" ec="2" bec="0" bev="0" fileid="2" />
                <SequencePoint vc="1" uspid="44" ordinal="12" sl="44" sc="1" el="44" ec="2" bec="0" bev="0" fileid="2" />
                <SequencePoint vc="1" uspid="45" ordinal="13" sl="45" sc="1" el="45" ec="2" bec="0" bev="0" fileid="2" />
                <SequencePoint vc="1" uspid="46" ordinal="14" sl="46" sc="1" el="46" ec="2" bec="0" bev="0" fileid="2" />
                <SequencePoint vc="1" uspid="47" ordinal="15" sl="47" sc="1" el="47" ec="2" bec="0" bev="0" fileid="2" />
                <SequencePoint vc="1" uspid="54" ordinal="16" sl="54" sc="1" el="54" ec="2" bec="0" bev="0" fileid="2" />
                <SequencePoint vc="1" uspid="55" ordinal="17" sl="55" sc="1" el="55" ec="2" bec="0" bev="0" fileid="2" />
                <SequencePoint vc="1" uspid="56" ordinal="18" sl="56" sc="1" el="56" ec="2" bec="0" bev="0" fileid="2" />
                <SequencePoint vc="1" uspid="57" ordinal="19" sl="57" sc="1" el="57" ec="2" bec="0" bev="0" fileid="2" />
                <SequencePoint vc="1" uspid="58" ordinal="20" sl="58" sc="1" el="58" ec="2" bec="0" bev="0" fileid="2" />
                <SequencePoint vc="1" uspid="64" ordinal="21" sl="64" sc="1" el="64" ec="2" bec="0" bev="0" fileid="2" />
                <SequencePoint vc="1" uspid="65" ordinal="22" sl="65" sc="1" el="65" ec="2" bec="0" bev="0" fileid="2" />
                <SequencePoint vc="1" uspid="66" ordinal="23" sl="66" sc="1" el="66" ec="2" bec="0" bev="0" fileid="2" />
                <SequencePoint vc="1" uspid="67" ordinal="24" sl="67" sc="1" el="67" ec="2" bec="0" bev="0" fileid="2" />
                <SequencePoint vc="1" uspid="68" ordinal="25" sl="68" sc="1" el="68" ec="2" bec="0" bev="0" fileid="2" />
                <SequencePoint vc="1" uspid="69" ordinal="26" sl="69" sc="1" el="69" ec="2" bec="0" bev="0" fileid="2" />
              </SequencePoints>
              <BranchPoints />
              <MethodPoint vc="27" uspid="0" p8:type="SequencePoint" ordinal="19" offset="19" sc="0" sl="26" ec="1" el="69" bec="0" bev="0" fileid="2" xmlns:p8="xsi" />
            </Method>
          </Methods>
        </Class>
        <Class>
          <Summary numSequencePoints="1" visitedSequencePoints="0" numBranchPoints="0" visitedBranchPoints="0" sequenceCoverage="0" branchCoverage="100" maxCyclomaticComplexity="1" minCyclomaticComplexity="1" visitedClasses="0" numClasses="1" visitedMethods="0" numMethods="1" />
          <FullName>ConsoleAppVisuals.Core/&lt;&gt;c</FullName>
          <Methods>
            <Method cyclomaticComplexity="1" nPathComplexity="1" sequenceCoverage="0" branchCoverage="100" isConstructor="False" isGetter="False" isSetter="False" isStatic="True">
              <Summary numSequencePoints="1" visitedSequencePoints="0" numBranchPoints="0" visitedBranchPoints="0" sequenceCoverage="0" branchCoverage="100" maxCyclomaticComplexity="1" minCyclomaticComplexity="1" visitedClasses="0" numClasses="0" visitedMethods="0" numMethods="1" />
              <MetadataToken />
              <Name>System.Int32 ConsoleAppVisuals.Core/&lt;&gt;c::&lt;WriteMultiplePositionedLines&gt;b__52_0(System.String)</Name>
              <FileRef uid="2" />
              <SequencePoints>
                <SequencePoint vc="0" uspid="707" ordinal="0" sl="707" sc="1" el="707" ec="2" bec="0" bev="0" fileid="2" />
              </SequencePoints>
              <BranchPoints />
              <MethodPoint vc="0" uspid="0" p8:type="SequencePoint" ordinal="0" offset="0" sc="0" sl="707" ec="1" el="707" bec="0" bev="0" fileid="2" xmlns:p8="xsi" />
            </Method>
          </Methods>
        </Class>
        <Class>
          <Summary numSequencePoints="44" visitedSequencePoints="0" numBranchPoints="8" visitedBranchPoints="0" sequenceCoverage="0" branchCoverage="0" maxCyclomaticComplexity="4" minCyclomaticComplexity="1" visitedClasses="0" numClasses="1" visitedMethods="0" numMethods="10" />
          <FullName>ConsoleAppVisuals.Banner</FullName>
          <Methods>
            <Method cyclomaticComplexity="1" nPathComplexity="1" sequenceCoverage="0" branchCoverage="100" isConstructor="False" isGetter="True" isSetter="False" isStatic="True">
              <Summary numSequencePoints="1" visitedSequencePoints="0" numBranchPoints="0" visitedBranchPoints="0" sequenceCoverage="0" branchCoverage="100" maxCyclomaticComplexity="1" minCyclomaticComplexity="1" visitedClasses="0" numClasses="0" visitedMethods="0" numMethods="1" />
              <MetadataToken />
              <Name>ConsoleAppVisuals.Placement ConsoleAppVisuals.Banner::get_Placement()</Name>
              <FileRef uid="3" />
              <SequencePoints>
                <SequencePoint vc="0" uspid="31" ordinal="0" sl="31" sc="1" el="31" ec="2" bec="0" bev="0" fileid="3" />
              </SequencePoints>
              <BranchPoints />
              <MethodPoint vc="0" uspid="0" p8:type="SequencePoint" ordinal="0" offset="0" sc="0" sl="31" ec="1" el="31" bec="0" bev="0" fileid="3" xmlns:p8="xsi" />
            </Method>
            <Method cyclomaticComplexity="1" nPathComplexity="1" sequenceCoverage="0" branchCoverage="100" isConstructor="False" isGetter="True" isSetter="False" isStatic="True">
              <Summary numSequencePoints="1" visitedSequencePoints="0" numBranchPoints="0" visitedBranchPoints="0" sequenceCoverage="0" branchCoverage="100" maxCyclomaticComplexity="1" minCyclomaticComplexity="1" visitedClasses="0" numClasses="0" visitedMethods="0" numMethods="1" />
              <MetadataToken />
              <Name>System.Int32 ConsoleAppVisuals.Banner::get_Line()</Name>
              <FileRef uid="3" />
              <SequencePoints>
                <SequencePoint vc="0" uspid="37" ordinal="0" sl="37" sc="1" el="37" ec="2" bec="0" bev="0" fileid="3" />
              </SequencePoints>
              <BranchPoints />
              <MethodPoint vc="0" uspid="0" p8:type="SequencePoint" ordinal="1" offset="1" sc="0" sl="37" ec="1" el="37" bec="0" bev="0" fileid="3" xmlns:p8="xsi" />
            </Method>
            <Method cyclomaticComplexity="1" nPathComplexity="1" sequenceCoverage="0" branchCoverage="100" isConstructor="False" isGetter="True" isSetter="False" isStatic="True">
              <Summary numSequencePoints="1" visitedSequencePoints="0" numBranchPoints="0" visitedBranchPoints="0" sequenceCoverage="0" branchCoverage="100" maxCyclomaticComplexity="1" minCyclomaticComplexity="1" visitedClasses="0" numClasses="0" visitedMethods="0" numMethods="1" />
              <MetadataToken />
              <Name>System.Int32 ConsoleAppVisuals.Banner::get_Height()</Name>
              <FileRef uid="3" />
              <SequencePoints>
                <SequencePoint vc="0" uspid="42" ordinal="0" sl="42" sc="1" el="42" ec="2" bec="0" bev="0" fileid="3" />
              </SequencePoints>
              <BranchPoints />
              <MethodPoint vc="0" uspid="0" p8:type="SequencePoint" ordinal="2" offset="2" sc="0" sl="42" ec="1" el="42" bec="0" bev="0" fileid="3" xmlns:p8="xsi" />
            </Method>
            <Method cyclomaticComplexity="1" nPathComplexity="1" sequenceCoverage="0" branchCoverage="100" isConstructor="False" isGetter="True" isSetter="False" isStatic="True">
              <Summary numSequencePoints="1" visitedSequencePoints="0" numBranchPoints="0" visitedBranchPoints="0" sequenceCoverage="0" branchCoverage="100" maxCyclomaticComplexity="1" minCyclomaticComplexity="1" visitedClasses="0" numClasses="0" visitedMethods="0" numMethods="1" />
              <MetadataToken />
              <Name>System.Int32 ConsoleAppVisuals.Banner::get_Width()</Name>
              <FileRef uid="3" />
              <SequencePoints>
                <SequencePoint vc="0" uspid="47" ordinal="0" sl="47" sc="1" el="47" ec="2" bec="0" bev="0" fileid="3" />
              </SequencePoints>
              <BranchPoints />
              <MethodPoint vc="0" uspid="0" p8:type="SequencePoint" ordinal="3" offset="3" sc="0" sl="47" ec="1" el="47" bec="0" bev="0" fileid="3" xmlns:p8="xsi" />
            </Method>
            <Method cyclomaticComplexity="2" nPathComplexity="2" sequenceCoverage="0" branchCoverage="0" isConstructor="False" isGetter="False" isSetter="False" isStatic="True">
              <Summary numSequencePoints="5" visitedSequencePoints="0" numBranchPoints="2" visitedBranchPoints="0" sequenceCoverage="0" branchCoverage="0" maxCyclomaticComplexity="2" minCyclomaticComplexity="2" visitedClasses="0" numClasses="0" visitedMethods="0" numMethods="1" />
              <MetadataToken />
              <Name>ConsoleAppVisuals.Placement ConsoleAppVisuals.Banner::CheckPlacement(ConsoleAppVisuals.Placement)</Name>
              <FileRef uid="3" />
              <SequencePoints>
                <SequencePoint vc="0" uspid="89" ordinal="0" sl="89" sc="1" el="89" ec="2" bec="2" bev="0" fileid="3" />
                <SequencePoint vc="0" uspid="91" ordinal="1" sl="91" sc="1" el="91" ec="2" bec="0" bev="0" fileid="3" />
                <SequencePoint vc="0" uspid="92" ordinal="2" sl="92" sc="1" el="92" ec="2" bec="0" bev="0" fileid="3" />
                <SequencePoint vc="0" uspid="93" ordinal="3" sl="93" sc="1" el="93" ec="2" bec="0" bev="0" fileid="3" />
                <SequencePoint vc="0" uspid="95" ordinal="4" sl="95" sc="1" el="95" ec="2" bec="0" bev="0" fileid="3" />
              </SequencePoints>
              <BranchPoints>
                <BranchPoint vc="0" uspid="89" ordinal="0" path="0" offset="2" offsetend="4" sl="89" fileid="3" />
                <BranchPoint vc="0" uspid="89" ordinal="1" path="1" offset="2" offsetend="15" sl="89" fileid="3" />
              </BranchPoints>
              <MethodPoint vc="0" uspid="0" p8:type="SequencePoint" ordinal="4" offset="4" sc="0" sl="89" ec="1" el="95" bec="0" bev="0" fileid="3" xmlns:p8="xsi" />
            </Method>
            <Method cyclomaticComplexity="1" nPathComplexity="1" sequenceCoverage="0" branchCoverage="100" isConstructor="False" isGetter="False" isSetter="False" isStatic="True">
              <Summary numSequencePoints="2" visitedSequencePoints="0" numBranchPoints="0" visitedBranchPoints="0" sequenceCoverage="0" branchCoverage="100" maxCyclomaticComplexity="1" minCyclomaticComplexity="1" visitedClasses="0" numClasses="0" visitedMethods="0" numMethods="1" />
              <MetadataToken />
              <Name>System.Void ConsoleAppVisuals.Banner::UpdateLeftText(System.String)</Name>
              <FileRef uid="3" />
              <SequencePoints>
                <SequencePoint vc="0" uspid="113" ordinal="0" sl="113" sc="1" el="113" ec="2" bec="0" bev="0" fileid="3" />
                <SequencePoint vc="0" uspid="114" ordinal="1" sl="114" sc="1" el="114" ec="2" bec="0" bev="0" fileid="3" />
              </SequencePoints>
              <BranchPoints />
              <MethodPoint vc="0" uspid="0" p8:type="SequencePoint" ordinal="5" offset="5" sc="0" sl="113" ec="1" el="114" bec="0" bev="0" fileid="3" xmlns:p8="xsi" />
            </Method>
            <Method cyclomaticComplexity="1" nPathComplexity="1" sequenceCoverage="0" branchCoverage="100" isConstructor="False" isGetter="False" isSetter="False" isStatic="True">
              <Summary numSequencePoints="2" visitedSequencePoints="0" numBranchPoints="0" visitedBranchPoints="0" sequenceCoverage="0" branchCoverage="100" maxCyclomaticComplexity="1" minCyclomaticComplexity="1" visitedClasses="0" numClasses="0" visitedMethods="0" numMethods="1" />
              <MetadataToken />
              <Name>System.Void ConsoleAppVisuals.Banner::UpdateCenterText(System.String)</Name>
              <FileRef uid="3" />
              <SequencePoints>
                <SequencePoint vc="0" uspid="129" ordinal="0" sl="129" sc="1" el="129" ec="2" bec="0" bev="0" fileid="3" />
                <SequencePoint vc="0" uspid="130" ordinal="1" sl="130" sc="1" el="130" ec="2" bec="0" bev="0" fileid="3" />
              </SequencePoints>
              <BranchPoints />
              <MethodPoint vc="0" uspid="0" p8:type="SequencePoint" ordinal="6" offset="6" sc="0" sl="129" ec="1" el="130" bec="0" bev="0" fileid="3" xmlns:p8="xsi" />
            </Method>
            <Method cyclomaticComplexity="1" nPathComplexity="1" sequenceCoverage="0" branchCoverage="100" isConstructor="False" isGetter="False" isSetter="False" isStatic="True">
              <Summary numSequencePoints="2" visitedSequencePoints="0" numBranchPoints="0" visitedBranchPoints="0" sequenceCoverage="0" branchCoverage="100" maxCyclomaticComplexity="1" minCyclomaticComplexity="1" visitedClasses="0" numClasses="0" visitedMethods="0" numMethods="1" />
              <MetadataToken />
              <Name>System.Void ConsoleAppVisuals.Banner::UpdateRightText(System.String)</Name>
              <FileRef uid="3" />
              <SequencePoints>
                <SequencePoint vc="0" uspid="145" ordinal="0" sl="145" sc="1" el="145" ec="2" bec="0" bev="0" fileid="3" />
                <SequencePoint vc="0" uspid="146" ordinal="1" sl="146" sc="1" el="146" ec="2" bec="0" bev="0" fileid="3" />
              </SequencePoints>
              <BranchPoints />
              <MethodPoint vc="0" uspid="0" p8:type="SequencePoint" ordinal="7" offset="7" sc="0" sl="145" ec="1" el="146" bec="0" bev="0" fileid="3" xmlns:p8="xsi" />
            </Method>
            <Method cyclomaticComplexity="4" nPathComplexity="4" sequenceCoverage="0" branchCoverage="0" isConstructor="False" isGetter="False" isSetter="False" isStatic="True">
              <Summary numSequencePoints="12" visitedSequencePoints="0" numBranchPoints="4" visitedBranchPoints="0" sequenceCoverage="0" branchCoverage="0" maxCyclomaticComplexity="4" minCyclomaticComplexity="4" visitedClasses="0" numClasses="0" visitedMethods="0" numMethods="1" />
              <MetadataToken />
              <Name>System.Void ConsoleAppVisuals.Banner::RenderElementActions()</Name>
              <FileRef uid="3" />
              <SequencePoints>
                <SequencePoint vc="0" uspid="153" ordinal="0" sl="153" sc="1" el="153" ec="2" bec="2" bev="0" fileid="3" />
                <SequencePoint vc="0" uspid="155" ordinal="1" sl="155" sc="1" el="155" ec="2" bec="0" bev="0" fileid="3" />
                <SequencePoint vc="0" uspid="157" ordinal="2" sl="157" sc="1" el="157" ec="2" bec="0" bev="0" fileid="3" />
                <SequencePoint vc="0" uspid="158" ordinal="3" sl="158" sc="1" el="158" ec="2" bec="2" bev="0" fileid="3" />
                <SequencePoint vc="0" uspid="160" ordinal="4" sl="160" sc="1" el="160" ec="2" bec="0" bev="0" fileid="3" />
                <SequencePoint vc="0" uspid="161" ordinal="5" sl="161" sc="1" el="161" ec="2" bec="0" bev="0" fileid="3" />
                <SequencePoint vc="0" uspid="162" ordinal="6" sl="162" sc="1" el="162" ec="2" bec="0" bev="0" fileid="3" />
                <SequencePoint vc="0" uspid="163" ordinal="7" sl="163" sc="1" el="163" ec="2" bec="0" bev="0" fileid="3" />
                <SequencePoint vc="0" uspid="164" ordinal="8" sl="164" sc="1" el="164" ec="2" bec="0" bev="0" fileid="3" />
                <SequencePoint vc="0" uspid="165" ordinal="9" sl="165" sc="1" el="165" ec="2" bec="0" bev="0" fileid="3" />
                <SequencePoint vc="0" uspid="166" ordinal="10" sl="166" sc="1" el="166" ec="2" bec="0" bev="0" fileid="3" />
                <SequencePoint vc="0" uspid="168" ordinal="11" sl="168" sc="1" el="168" ec="2" bec="0" bev="0" fileid="3" />
              </SequencePoints>
              <BranchPoints>
                <BranchPoint vc="0" uspid="153" ordinal="1" path="1" offset="41" offsetend="4" sl="153" fileid="3" />
                <BranchPoint vc="0" uspid="153" ordinal="0" path="0" offset="41" offsetend="43" sl="153" fileid="3" />
                <BranchPoint vc="0" uspid="158" ordinal="3" path="1" offset="123" offsetend="77" sl="158" fileid="3" />
                <BranchPoint vc="0" uspid="158" ordinal="2" path="0" offset="123" offsetend="125" sl="158" fileid="3" />
              </BranchPoints>
              <MethodPoint vc="0" uspid="0" p8:type="SequencePoint" ordinal="8" offset="8" sc="0" sl="153" ec="1" el="168" bec="0" bev="0" fileid="3" xmlns:p8="xsi" />
            </Method>
            <Method cyclomaticComplexity="2" nPathComplexity="2" sequenceCoverage="0" branchCoverage="0" isConstructor="True" isGetter="False" isSetter="False" isStatic="True">
              <Summary numSequencePoints="17" visitedSequencePoints="0" numBranchPoints="2" visitedBranchPoints="0" sequenceCoverage="0" branchCoverage="0" maxCyclomaticComplexity="2" minCyclomaticComplexity="2" visitedClasses="0" numClasses="0" visitedMethods="0" numMethods="1" />
              <MetadataToken />
              <Name>System.Void ConsoleAppVisuals.Banner::.ctor(System.String,System.String,System.String,System.Int32,System.Int32,ConsoleAppVisuals.Placement,System.Nullable`1&lt;System.Int32&gt;)</Name>
              <FileRef uid="3" />
              <SequencePoints>
                <SequencePoint vc="0" uspid="68" ordinal="0" sl="68" sc="1" el="68" ec="2" bec="0" bev="0" fileid="3" />
                <SequencePoint vc="0" uspid="69" ordinal="1" sl="69" sc="1" el="69" ec="2" bec="0" bev="0" fileid="3" />
                <SequencePoint vc="0" uspid="70" ordinal="2" sl="70" sc="1" el="70" ec="2" bec="0" bev="0" fileid="3" />
                <SequencePoint vc="0" uspid="71" ordinal="3" sl="71" sc="1" el="71" ec="2" bec="0" bev="0" fileid="3" />
                <SequencePoint vc="0" uspid="72" ordinal="4" sl="72" sc="1" el="72" ec="2" bec="0" bev="0" fileid="3" />
                <SequencePoint vc="0" uspid="73" ordinal="5" sl="73" sc="1" el="73" ec="2" bec="0" bev="0" fileid="3" />
                <SequencePoint vc="0" uspid="74" ordinal="6" sl="74" sc="1" el="74" ec="2" bec="0" bev="0" fileid="3" />
                <SequencePoint vc="0" uspid="75" ordinal="7" sl="75" sc="1" el="75" ec="2" bec="0" bev="0" fileid="3" />
                <SequencePoint vc="0" uspid="76" ordinal="8" sl="76" sc="1" el="76" ec="2" bec="0" bev="0" fileid="3" />
                <SequencePoint vc="0" uspid="78" ordinal="9" sl="78" sc="1" el="78" ec="2" bec="0" bev="0" fileid="3" />
                <SequencePoint vc="0" uspid="79" ordinal="10" sl="79" sc="1" el="79" ec="2" bec="0" bev="0" fileid="3" />
                <SequencePoint vc="0" uspid="80" ordinal="11" sl="80" sc="1" el="80" ec="2" bec="0" bev="0" fileid="3" />
                <SequencePoint vc="0" uspid="81" ordinal="12" sl="81" sc="1" el="81" ec="2" bec="0" bev="0" fileid="3" />
                <SequencePoint vc="0" uspid="82" ordinal="13" sl="82" sc="1" el="82" ec="2" bec="0" bev="0" fileid="3" />
                <SequencePoint vc="0" uspid="83" ordinal="14" sl="83" sc="1" el="83" ec="2" bec="0" bev="0" fileid="3" />
                <SequencePoint vc="0" uspid="84" ordinal="15" sl="84" sc="1" el="84" ec="2" bec="2" bev="0" fileid="3" />
                <SequencePoint vc="0" uspid="85" ordinal="16" sl="85" sc="1" el="85" ec="2" bec="0" bev="0" fileid="3" />
              </SequencePoints>
              <BranchPoints>
                <BranchPoint vc="0" uspid="84" ordinal="0" path="0" offset="87" offsetend="89" sl="84" fileid="3" />
                <BranchPoint vc="0" uspid="84" ordinal="1" path="1" offset="87" offsetend="102" sl="84" fileid="3" />
              </BranchPoints>
              <MethodPoint vc="0" uspid="0" p8:type="SequencePoint" ordinal="9" offset="9" sc="0" sl="68" ec="1" el="85" bec="0" bev="0" fileid="3" xmlns:p8="xsi" />
            </Method>
          </Methods>
        </Class>
        <Class>
          <Summary numSequencePoints="34" visitedSequencePoints="0" numBranchPoints="4" visitedBranchPoints="0" sequenceCoverage="0" branchCoverage="0" maxCyclomaticComplexity="2" minCyclomaticComplexity="1" visitedClasses="0" numClasses="1" visitedMethods="0" numMethods="6" />
          <FullName>ConsoleAppVisuals.FakeLoadingBar</FullName>
          <Methods>
            <Method cyclomaticComplexity="1" nPathComplexity="1" sequenceCoverage="0" branchCoverage="100" isConstructor="False" isGetter="True" isSetter="False" isStatic="True">
              <Summary numSequencePoints="1" visitedSequencePoints="0" numBranchPoints="0" visitedBranchPoints="0" sequenceCoverage="0" branchCoverage="100" maxCyclomaticComplexity="1" minCyclomaticComplexity="1" visitedClasses="0" numClasses="0" visitedMethods="0" numMethods="1" />
              <MetadataToken />
              <Name>System.Int32 ConsoleAppVisuals.FakeLoadingBar::get_Line()</Name>
              <FileRef uid="4" />
              <SequencePoints>
                <SequencePoint vc="0" uspid="36" ordinal="0" sl="36" sc="1" el="36" ec="2" bec="0" bev="0" fileid="4" />
              </SequencePoints>
              <BranchPoints />
              <MethodPoint vc="0" uspid="0" p8:type="SequencePoint" ordinal="0" offset="0" sc="0" sl="36" ec="1" el="36" bec="0" bev="0" fileid="4" xmlns:p8="xsi" />
            </Method>
            <Method cyclomaticComplexity="1" nPathComplexity="1" sequenceCoverage="0" branchCoverage="100" isConstructor="False" isGetter="True" isSetter="False" isStatic="True">
              <Summary numSequencePoints="1" visitedSequencePoints="0" numBranchPoints="0" visitedBranchPoints="0" sequenceCoverage="0" branchCoverage="100" maxCyclomaticComplexity="1" minCyclomaticComplexity="1" visitedClasses="0" numClasses="0" visitedMethods="0" numMethods="1" />
              <MetadataToken />
              <Name>System.Int32 ConsoleAppVisuals.FakeLoadingBar::get_Height()</Name>
              <FileRef uid="4" />
              <SequencePoints>
                <SequencePoint vc="0" uspid="42" ordinal="0" sl="42" sc="1" el="42" ec="2" bec="0" bev="0" fileid="4" />
              </SequencePoints>
              <BranchPoints />
              <MethodPoint vc="0" uspid="0" p8:type="SequencePoint" ordinal="1" offset="1" sc="0" sl="42" ec="1" el="42" bec="0" bev="0" fileid="4" xmlns:p8="xsi" />
            </Method>
            <Method cyclomaticComplexity="1" nPathComplexity="1" sequenceCoverage="0" branchCoverage="100" isConstructor="False" isGetter="True" isSetter="False" isStatic="True">
              <Summary numSequencePoints="1" visitedSequencePoints="0" numBranchPoints="0" visitedBranchPoints="0" sequenceCoverage="0" branchCoverage="100" maxCyclomaticComplexity="1" minCyclomaticComplexity="1" visitedClasses="0" numClasses="0" visitedMethods="0" numMethods="1" />
              <MetadataToken />
              <Name>System.Int32 ConsoleAppVisuals.FakeLoadingBar::get_Width()</Name>
              <FileRef uid="4" />
              <SequencePoints>
                <SequencePoint vc="0" uspid="47" ordinal="0" sl="47" sc="1" el="47" ec="2" bec="0" bev="0" fileid="4" />
              </SequencePoints>
              <BranchPoints />
              <MethodPoint vc="0" uspid="0" p8:type="SequencePoint" ordinal="2" offset="2" sc="0" sl="47" ec="1" el="47" bec="0" bev="0" fileid="4" xmlns:p8="xsi" />
            </Method>
            <Method cyclomaticComplexity="1" nPathComplexity="1" sequenceCoverage="0" branchCoverage="100" isConstructor="False" isGetter="False" isSetter="False" isStatic="True">
              <Summary numSequencePoints="2" visitedSequencePoints="0" numBranchPoints="0" visitedBranchPoints="0" sequenceCoverage="0" branchCoverage="100" maxCyclomaticComplexity="1" minCyclomaticComplexity="1" visitedClasses="0" numClasses="0" visitedMethods="0" numMethods="1" />
              <MetadataToken />
              <Name>System.Void ConsoleAppVisuals.FakeLoadingBar::UpdateText(System.String)</Name>
              <FileRef uid="4" />
              <SequencePoints>
                <SequencePoint vc="0" uspid="96" ordinal="0" sl="96" sc="1" el="96" ec="2" bec="0" bev="0" fileid="4" />
                <SequencePoint vc="0" uspid="97" ordinal="1" sl="97" sc="1" el="97" ec="2" bec="0" bev="0" fileid="4" />
              </SequencePoints>
              <BranchPoints />
              <MethodPoint vc="0" uspid="0" p8:type="SequencePoint" ordinal="3" offset="3" sc="0" sl="96" ec="1" el="97" bec="0" bev="0" fileid="4" xmlns:p8="xsi" />
            </Method>
            <Method cyclomaticComplexity="2" nPathComplexity="2" sequenceCoverage="0" branchCoverage="0" isConstructor="False" isGetter="False" isSetter="False" isStatic="True">
              <Summary numSequencePoints="16" visitedSequencePoints="0" numBranchPoints="2" visitedBranchPoints="0" sequenceCoverage="0" branchCoverage="0" maxCyclomaticComplexity="2" minCyclomaticComplexity="2" visitedClasses="0" numClasses="0" visitedMethods="0" numMethods="1" />
              <MetadataToken />
              <Name>System.Void ConsoleAppVisuals.FakeLoadingBar::RenderElementActions()</Name>
              <FileRef uid="4" />
              <SequencePoints>
                <SequencePoint vc="0" uspid="104" ordinal="0" sl="104" sc="1" el="104" ec="2" bec="0" bev="0" fileid="4" />
                <SequencePoint vc="0" uspid="105" ordinal="1" sl="105" sc="1" el="105" ec="2" bec="0" bev="0" fileid="4" />
                <SequencePoint vc="0" uspid="106" ordinal="2" sl="106" sc="1" el="106" ec="2" bec="2" bev="0" fileid="4" />
                <SequencePoint vc="0" uspid="108" ordinal="3" sl="108" sc="1" el="108" ec="2" bec="0" bev="0" fileid="4" />
                <SequencePoint vc="0" uspid="110" ordinal="4" sl="110" sc="1" el="110" ec="2" bec="0" bev="0" fileid="4" />
                <SequencePoint vc="0" uspid="111" ordinal="5" sl="111" sc="1" el="111" ec="2" bec="0" bev="0" fileid="4" />
                <SequencePoint vc="0" uspid="112" ordinal="6" sl="112" sc="1" el="112" ec="2" bec="0" bev="0" fileid="4" />
                <SequencePoint vc="0" uspid="113" ordinal="7" sl="113" sc="1" el="113" ec="2" bec="0" bev="0" fileid="4" />
                <SequencePoint vc="0" uspid="114" ordinal="8" sl="114" sc="1" el="114" ec="2" bec="0" bev="0" fileid="4" />
                <SequencePoint vc="0" uspid="115" ordinal="9" sl="115" sc="1" el="115" ec="2" bec="0" bev="0" fileid="4" />
                <SequencePoint vc="0" uspid="116" ordinal="10" sl="116" sc="1" el="116" ec="2" bec="0" bev="0" fileid="4" />
                <SequencePoint vc="0" uspid="117" ordinal="11" sl="117" sc="1" el="117" ec="2" bec="0" bev="0" fileid="4" />
                <SequencePoint vc="0" uspid="118" ordinal="12" sl="118" sc="1" el="118" ec="2" bec="0" bev="0" fileid="4" />
                <SequencePoint vc="0" uspid="119" ordinal="13" sl="119" sc="1" el="119" ec="2" bec="0" bev="0" fileid="4" />
                <SequencePoint vc="0" uspid="120" ordinal="14" sl="120" sc="1" el="120" ec="2" bec="0" bev="0" fileid="4" />
                <SequencePoint vc="0" uspid="121" ordinal="15" sl="121" sc="1" el="121" ec="2" bec="0" bev="0" fileid="4" />
              </SequencePoints>
              <BranchPoints>
                <BranchPoint vc="0" uspid="106" ordinal="1" path="1" offset="73" offsetend="45" sl="106" fileid="4" />
                <BranchPoint vc="0" uspid="106" ordinal="0" path="0" offset="73" offsetend="75" sl="106" fileid="4" />
              </BranchPoints>
              <MethodPoint vc="0" uspid="0" p8:type="SequencePoint" ordinal="4" offset="4" sc="0" sl="104" ec="1" el="121" bec="0" bev="0" fileid="4" xmlns:p8="xsi" />
            </Method>
            <Method cyclomaticComplexity="2" nPathComplexity="2" sequenceCoverage="0" branchCoverage="0" isConstructor="True" isGetter="False" isSetter="False" isStatic="True">
              <Summary numSequencePoints="13" visitedSequencePoints="0" numBranchPoints="2" visitedBranchPoints="0" sequenceCoverage="0" branchCoverage="0" maxCyclomaticComplexity="2" minCyclomaticComplexity="2" visitedClasses="0" numClasses="0" visitedMethods="0" numMethods="1" />
              <MetadataToken />
              <Name>System.Void ConsoleAppVisuals.FakeLoadingBar::.ctor(System.String,ConsoleAppVisuals.Placement,System.Nullable`1&lt;System.Int32&gt;,System.Int32,System.Int32)</Name>
              <FileRef uid="4" />
              <SequencePoints>
                <SequencePoint vc="0" uspid="66" ordinal="0" sl="66" sc="1" el="66" ec="2" bec="0" bev="0" fileid="4" />
                <SequencePoint vc="0" uspid="67" ordinal="1" sl="67" sc="1" el="67" ec="2" bec="0" bev="0" fileid="4" />
                <SequencePoint vc="0" uspid="68" ordinal="2" sl="68" sc="1" el="68" ec="2" bec="0" bev="0" fileid="4" />
                <SequencePoint vc="0" uspid="69" ordinal="3" sl="69" sc="1" el="69" ec="2" bec="0" bev="0" fileid="4" />
                <SequencePoint vc="0" uspid="70" ordinal="4" sl="70" sc="1" el="70" ec="2" bec="0" bev="0" fileid="4" />
                <SequencePoint vc="0" uspid="71" ordinal="5" sl="71" sc="1" el="71" ec="2" bec="0" bev="0" fileid="4" />
                <SequencePoint vc="0" uspid="72" ordinal="6" sl="72" sc="1" el="72" ec="2" bec="0" bev="0" fileid="4" />
                <SequencePoint vc="0" uspid="74" ordinal="7" sl="74" sc="1" el="74" ec="2" bec="0" bev="0" fileid="4" />
                <SequencePoint vc="0" uspid="75" ordinal="8" sl="75" sc="1" el="75" ec="2" bec="0" bev="0" fileid="4" />
                <SequencePoint vc="0" uspid="76" ordinal="9" sl="76" sc="1" el="76" ec="2" bec="2" bev="0" fileid="4" />
                <SequencePoint vc="0" uspid="77" ordinal="10" sl="77" sc="1" el="77" ec="2" bec="0" bev="0" fileid="4" />
                <SequencePoint vc="0" uspid="78" ordinal="11" sl="78" sc="1" el="78" ec="2" bec="0" bev="0" fileid="4" />
                <SequencePoint vc="0" uspid="79" ordinal="12" sl="79" sc="1" el="79" ec="2" bec="0" bev="0" fileid="4" />
              </SequencePoints>
              <BranchPoints>
                <BranchPoint vc="0" uspid="76" ordinal="0" path="0" offset="59" offsetend="61" sl="76" fileid="4" />
                <BranchPoint vc="0" uspid="76" ordinal="1" path="1" offset="59" offsetend="69" sl="76" fileid="4" />
              </BranchPoints>
              <MethodPoint vc="0" uspid="0" p8:type="SequencePoint" ordinal="5" offset="5" sc="0" sl="66" ec="1" el="79" bec="0" bev="0" fileid="4" xmlns:p8="xsi" />
            </Method>
          </Methods>
        </Class>
        <Class>
          <Summary numSequencePoints="21" visitedSequencePoints="0" numBranchPoints="0" visitedBranchPoints="0" sequenceCoverage="0" branchCoverage="100" maxCyclomaticComplexity="1" minCyclomaticComplexity="1" visitedClasses="0" numClasses="1" visitedMethods="0" numMethods="9" />
          <FullName>ConsoleAppVisuals.Footer</FullName>
          <Methods>
            <Method cyclomaticComplexity="1" nPathComplexity="1" sequenceCoverage="0" branchCoverage="100" isConstructor="False" isGetter="True" isSetter="False" isStatic="True">
[...]
              </SequencePoints>
              <BranchPoints>
                <BranchPoint vc="0" uspid="953" ordinal="9" path="1" offset="154" offsetend="22" sl="953" fileid="26" />
                <BranchPoint vc="0" uspid="955" ordinal="0" path="0" offset="35" offsetend="37" sl="955" fileid="26" />
                <BranchPoint vc="0" uspid="955" ordinal="2" path="0" offset="54" offsetend="56" sl="955" fileid="26" />
                <BranchPoint vc="0" uspid="955" ordinal="4" path="0" offset="73" offsetend="75" sl="955" fileid="26" />
                <BranchPoint vc="0" uspid="955" ordinal="6" path="0" offset="92" offsetend="94" sl="955" fileid="26" />
                <BranchPoint vc="0" uspid="955" ordinal="1" path="1" offset="35" offsetend="143" sl="955" fileid="26" />
                <BranchPoint vc="0" uspid="955" ordinal="3" path="1" offset="54" offsetend="143" sl="955" fileid="26" />
                <BranchPoint vc="0" uspid="955" ordinal="5" path="1" offset="73" offsetend="143" sl="955" fileid="26" />
                <BranchPoint vc="0" uspid="955" ordinal="7" path="1" offset="92" offsetend="143" sl="955" fileid="26" />
                <BranchPoint vc="0" uspid="953" ordinal="8" path="0" offset="154" offsetend="159" sl="953" fileid="26" />
                <BranchPoint vc="0" uspid="975" ordinal="15" path="1" offset="347" offsetend="232" sl="975" fileid="26" />
                <BranchPoint vc="0" uspid="977" ordinal="10" path="0" offset="248" offsetend="250" sl="977" fileid="26" />
                <BranchPoint vc="0" uspid="981" ordinal="12" path="0" offset="318" offsetend="320" sl="981" fileid="26" />
                <BranchPoint vc="0" uspid="981" ordinal="13" path="1" offset="318" offsetend="326" sl="981" fileid="26" />
                <BranchPoint vc="0" uspid="977" ordinal="11" path="1" offset="248" offsetend="340" sl="977" fileid="26" />
                <BranchPoint vc="0" uspid="975" ordinal="14" path="0" offset="347" offsetend="349" sl="975" fileid="26" />
                <BranchPoint vc="0" uspid="967" ordinal="0" path="0" offset="16" offsetend="18" sl="967" fileid="26" />
                <BranchPoint vc="0" uspid="967" ordinal="1" path="1" offset="16" offsetend="35" sl="967" fileid="26" />
              </BranchPoints>
              <MethodPoint vc="0" uspid="0" p8:type="SequencePoint" ordinal="31" offset="31" sc="0" sl="952" ec="1" el="986" bec="0" bev="0" fileid="26" xmlns:p8="xsi" />
            </Method>
            <Method cyclomaticComplexity="18" nPathComplexity="18" sequenceCoverage="0" branchCoverage="0" isConstructor="False" isGetter="False" isSetter="False" isStatic="True">
              <Summary numSequencePoints="35" visitedSequencePoints="0" numBranchPoints="18" visitedBranchPoints="0" sequenceCoverage="0" branchCoverage="0" maxCyclomaticComplexity="18" minCyclomaticComplexity="18" visitedClasses="0" numClasses="0" visitedMethods="0" numMethods="1" />
              <MetadataToken />
              <Name>System.Void ConsoleAppVisuals.Window::AddListClassesInheritingInteractiveElement(ConsoleAppVisuals.Placement)</Name>
              <FileRef uid="26" />
              <SequencePoints>
                <SequencePoint vc="0" uspid="998" ordinal="0" sl="998" sc="1" el="998" ec="2" bec="0" bev="0" fileid="26" />
                <SequencePoint vc="0" uspid="999" ordinal="1" sl="999" sc="1" el="999" ec="2" bec="2" bev="0" fileid="26" />
                <SequencePoint vc="0" uspid="1001" ordinal="2" sl="1001" sc="1" el="1001" ec="2" bec="8" bev="0" fileid="26" />
                <SequencePoint vc="0" uspid="1002" ordinal="3" sl="1002" sc="1" el="1002" ec="2" bec="0" bev="0" fileid="26" />
                <SequencePoint vc="0" uspid="1003" ordinal="4" sl="1003" sc="1" el="1003" ec="2" bec="0" bev="0" fileid="26" />
                <SequencePoint vc="0" uspid="1004" ordinal="5" sl="1004" sc="1" el="1004" ec="2" bec="0" bev="0" fileid="26" />
                <SequencePoint vc="0" uspid="1005" ordinal="6" sl="1005" sc="1" el="1005" ec="2" bec="0" bev="0" fileid="26" />
                <SequencePoint vc="0" uspid="1006" ordinal="7" sl="1006" sc="1" el="1006" ec="2" bec="0" bev="0" fileid="26" />
                <SequencePoint vc="0" uspid="1008" ordinal="8" sl="1008" sc="1" el="1008" ec="2" bec="0" bev="0" fileid="26" />
                <SequencePoint vc="0" uspid="1009" ordinal="9" sl="1009" sc="1" el="1009" ec="2" bec="0" bev="0" fileid="26" />
                <SequencePoint vc="0" uspid="1010" ordinal="10" sl="1010" sc="1" el="1010" ec="2" bec="0" bev="0" fileid="26" />
                <SequencePoint vc="0" uspid="1011" ordinal="11" sl="1011" sc="1" el="1011" ec="2" bec="0" bev="0" fileid="26" />
                <SequencePoint vc="0" uspid="1012" ordinal="12" sl="1012" sc="1" el="1012" ec="2" bec="0" bev="0" fileid="26" />
                <SequencePoint vc="0" uspid="1013" ordinal="13" sl="1013" sc="1" el="1013" ec="2" bec="4" bev="0" fileid="26" />
                <SequencePoint vc="0" uspid="1014" ordinal="14" sl="1014" sc="1" el="1014" ec="2" bec="0" bev="0" fileid="26" />
                <SequencePoint vc="0" uspid="1015" ordinal="15" sl="1015" sc="1" el="1015" ec="2" bec="0" bev="0" fileid="26" />
                <SequencePoint vc="0" uspid="1016" ordinal="16" sl="1016" sc="1" el="1016" ec="2" bec="0" bev="0" fileid="26" />
                <SequencePoint vc="0" uspid="1017" ordinal="17" sl="1017" sc="1" el="1017" ec="2" bec="0" bev="0" fileid="26" />
                <SequencePoint vc="0" uspid="1018" ordinal="18" sl="1018" sc="1" el="1018" ec="2" bec="0" bev="0" fileid="26" />
                <SequencePoint vc="0" uspid="1021" ordinal="19" sl="1021" sc="1" el="1021" ec="2" bec="0" bev="0" fileid="26" />
                <SequencePoint vc="0" uspid="1022" ordinal="20" sl="1022" sc="1" el="1022" ec="2" bec="0" bev="0" fileid="26" />
                <SequencePoint vc="0" uspid="1023" ordinal="21" sl="1023" sc="1" el="1023" ec="2" bec="0" bev="0" fileid="26" />
                <SequencePoint vc="0" uspid="1024" ordinal="22" sl="1024" sc="1" el="1024" ec="2" bec="0" bev="0" fileid="26" />
                <SequencePoint vc="0" uspid="1025" ordinal="23" sl="1025" sc="1" el="1025" ec="2" bec="0" bev="0" fileid="26" />
                <SequencePoint vc="0" uspid="1026" ordinal="24" sl="1026" sc="1" el="1026" ec="2" bec="0" bev="0" fileid="26" />
                <SequencePoint vc="0" uspid="1027" ordinal="25" sl="1027" sc="1" el="1027" ec="2" bec="0" bev="0" fileid="26" />
                <SequencePoint vc="0" uspid="1028" ordinal="26" sl="1028" sc="1" el="1028" ec="2" bec="0" bev="0" fileid="26" />
                <SequencePoint vc="0" uspid="1029" ordinal="27" sl="1029" sc="1" el="1029" ec="2" bec="2" bev="0" fileid="26" />
                <SequencePoint vc="0" uspid="1031" ordinal="28" sl="1031" sc="1" el="1031" ec="2" bec="2" bev="0" fileid="26" />
                <SequencePoint vc="0" uspid="1032" ordinal="29" sl="1032" sc="1" el="1032" ec="2" bec="0" bev="0" fileid="26" />
                <SequencePoint vc="0" uspid="1033" ordinal="30" sl="1033" sc="1" el="1033" ec="2" bec="0" bev="0" fileid="26" />
                <SequencePoint vc="0" uspid="1034" ordinal="31" sl="1034" sc="1" el="1034" ec="2" bec="0" bev="0" fileid="26" />
                <SequencePoint vc="0" uspid="1036" ordinal="32" sl="1036" sc="1" el="1036" ec="2" bec="0" bev="0" fileid="26" />
                <SequencePoint vc="0" uspid="1037" ordinal="33" sl="1037" sc="1" el="1037" ec="2" bec="0" bev="0" fileid="26" />
                <SequencePoint vc="0" uspid="1038" ordinal="34" sl="1038" sc="1" el="1038" ec="2" bec="0" bev="0" fileid="26" />
              </SequencePoints>
              <BranchPoints>
                <BranchPoint vc="0" uspid="999" ordinal="9" path="1" offset="154" offsetend="22" sl="999" fileid="26" />
                <BranchPoint vc="0" uspid="1001" ordinal="0" path="0" offset="35" offsetend="37" sl="1001" fileid="26" />
                <BranchPoint vc="0" uspid="1001" ordinal="2" path="0" offset="54" offsetend="56" sl="1001" fileid="26" />
                <BranchPoint vc="0" uspid="1001" ordinal="4" path="0" offset="73" offsetend="75" sl="1001" fileid="26" />
                <BranchPoint vc="0" uspid="1001" ordinal="6" path="0" offset="92" offsetend="94" sl="1001" fileid="26" />
                <BranchPoint vc="0" uspid="1001" ordinal="1" path="1" offset="35" offsetend="143" sl="1001" fileid="26" />
                <BranchPoint vc="0" uspid="1001" ordinal="3" path="1" offset="54" offsetend="143" sl="1001" fileid="26" />
                <BranchPoint vc="0" uspid="1001" ordinal="5" path="1" offset="73" offsetend="143" sl="1001" fileid="26" />
                <BranchPoint vc="0" uspid="1001" ordinal="7" path="1" offset="92" offsetend="143" sl="1001" fileid="26" />
                <BranchPoint vc="0" uspid="999" ordinal="8" path="0" offset="154" offsetend="159" sl="999" fileid="26" />
                <BranchPoint vc="0" uspid="1029" ordinal="13" path="1" offset="338" offsetend="232" sl="1029" fileid="26" />
                <BranchPoint vc="0" uspid="1031" ordinal="10" path="0" offset="309" offsetend="311" sl="1031" fileid="26" />
                <BranchPoint vc="0" uspid="1031" ordinal="11" path="1" offset="309" offsetend="317" sl="1031" fileid="26" />
                <BranchPoint vc="0" uspid="1029" ordinal="12" path="0" offset="338" offsetend="340" sl="1029" fileid="26" />
                <BranchPoint vc="0" uspid="1013" ordinal="0" path="0" offset="12" offsetend="14" sl="1013" fileid="26" />
                <BranchPoint vc="0" uspid="1013" ordinal="2" path="0" offset="25" offsetend="27" sl="1013" fileid="26" />
                <BranchPoint vc="0" uspid="1013" ordinal="1" path="1" offset="12" offsetend="54" sl="1013" fileid="26" />
                <BranchPoint vc="0" uspid="1013" ordinal="3" path="1" offset="25" offsetend="54" sl="1013" fileid="26" />
              </BranchPoints>
              <MethodPoint vc="0" uspid="0" p8:type="SequencePoint" ordinal="32" offset="32" sc="0" sl="998" ec="1" el="1038" bec="0" bev="0" fileid="26" xmlns:p8="xsi" />
            </Method>
            <Method cyclomaticComplexity="18" nPathComplexity="18" sequenceCoverage="0" branchCoverage="0" isConstructor="False" isGetter="False" isSetter="False" isStatic="True">
              <Summary numSequencePoints="28" visitedSequencePoints="0" numBranchPoints="18" visitedBranchPoints="0" sequenceCoverage="0" branchCoverage="0" maxCyclomaticComplexity="18" minCyclomaticComplexity="18" visitedClasses="0" numClasses="0" visitedMethods="0" numMethods="1" />
              <MetadataToken />
              <Name>System.Collections.Generic.List`1&lt;System.String&gt; ConsoleAppVisuals.Window::GetListClassesInheritingInteractiveElement()</Name>
              <FileRef uid="26" />
              <SequencePoints>
                <SequencePoint vc="0" uspid="1053" ordinal="0" sl="1053" sc="1" el="1053" ec="2" bec="0" bev="0" fileid="26" />
                <SequencePoint vc="0" uspid="1054" ordinal="1" sl="1054" sc="1" el="1054" ec="2" bec="2" bev="0" fileid="26" />
                <SequencePoint vc="0" uspid="1056" ordinal="2" sl="1056" sc="1" el="1056" ec="2" bec="8" bev="0" fileid="26" />
                <SequencePoint vc="0" uspid="1057" ordinal="3" sl="1057" sc="1" el="1057" ec="2" bec="0" bev="0" fileid="26" />
                <SequencePoint vc="0" uspid="1058" ordinal="4" sl="1058" sc="1" el="1058" ec="2" bec="0" bev="0" fileid="26" />
                <SequencePoint vc="0" uspid="1059" ordinal="5" sl="1059" sc="1" el="1059" ec="2" bec="0" bev="0" fileid="26" />
                <SequencePoint vc="0" uspid="1060" ordinal="6" sl="1060" sc="1" el="1060" ec="2" bec="0" bev="0" fileid="26" />
                <SequencePoint vc="0" uspid="1061" ordinal="7" sl="1061" sc="1" el="1061" ec="2" bec="0" bev="0" fileid="26" />
                <SequencePoint vc="0" uspid="1063" ordinal="8" sl="1063" sc="1" el="1063" ec="2" bec="0" bev="0" fileid="26" />
                <SequencePoint vc="0" uspid="1064" ordinal="9" sl="1064" sc="1" el="1064" ec="2" bec="0" bev="0" fileid="26" />
                <SequencePoint vc="0" uspid="1065" ordinal="10" sl="1065" sc="1" el="1065" ec="2" bec="0" bev="0" fileid="26" />
                <SequencePoint vc="0" uspid="1066" ordinal="11" sl="1066" sc="1" el="1066" ec="2" bec="0" bev="0" fileid="26" />
                <SequencePoint vc="0" uspid="1067" ordinal="12" sl="1067" sc="1" el="1067" ec="2" bec="0" bev="0" fileid="26" />
                <SequencePoint vc="0" uspid="1068" ordinal="13" sl="1068" sc="1" el="1068" ec="2" bec="4" bev="0" fileid="26" />
                <SequencePoint vc="0" uspid="1069" ordinal="14" sl="1069" sc="1" el="1069" ec="2" bec="0" bev="0" fileid="26" />
                <SequencePoint vc="0" uspid="1070" ordinal="15" sl="1070" sc="1" el="1070" ec="2" bec="0" bev="0" fileid="26" />
                <SequencePoint vc="0" uspid="1071" ordinal="16" sl="1071" sc="1" el="1071" ec="2" bec="0" bev="0" fileid="26" />
                <SequencePoint vc="0" uspid="1072" ordinal="17" sl="1072" sc="1" el="1072" ec="2" bec="0" bev="0" fileid="26" />
                <SequencePoint vc="0" uspid="1073" ordinal="18" sl="1073" sc="1" el="1073" ec="2" bec="0" bev="0" fileid="26" />
                <SequencePoint vc="0" uspid="1076" ordinal="19" sl="1076" sc="1" el="1076" ec="2" bec="0" bev="0" fileid="26" />
                <SequencePoint vc="0" uspid="1077" ordinal="20" sl="1077" sc="1" el="1077" ec="2" bec="0" bev="0" fileid="26" />
                <SequencePoint vc="0" uspid="1078" ordinal="21" sl="1078" sc="1" el="1078" ec="2" bec="0" bev="0" fileid="26" />
                <SequencePoint vc="0" uspid="1079" ordinal="22" sl="1079" sc="1" el="1079" ec="2" bec="2" bev="0" fileid="26" />
                <SequencePoint vc="0" uspid="1081" ordinal="23" sl="1081" sc="1" el="1081" ec="2" bec="2" bev="0" fileid="26" />
                <SequencePoint vc="0" uspid="1082" ordinal="24" sl="1082" sc="1" el="1082" ec="2" bec="0" bev="0" fileid="26" />
                <SequencePoint vc="0" uspid="1083" ordinal="25" sl="1083" sc="1" el="1083" ec="2" bec="0" bev="0" fileid="26" />
                <SequencePoint vc="0" uspid="1084" ordinal="26" sl="1084" sc="1" el="1084" ec="2" bec="0" bev="0" fileid="26" />
                <SequencePoint vc="0" uspid="1086" ordinal="27" sl="1086" sc="1" el="1086" ec="2" bec="0" bev="0" fileid="26" />
              </SequencePoints>
              <BranchPoints>
                <BranchPoint vc="0" uspid="1054" ordinal="9" path="1" offset="154" offsetend="22" sl="1054" fileid="26" />
                <BranchPoint vc="0" uspid="1056" ordinal="0" path="0" offset="35" offsetend="37" sl="1056" fileid="26" />
                <BranchPoint vc="0" uspid="1056" ordinal="2" path="0" offset="54" offsetend="56" sl="1056" fileid="26" />
                <BranchPoint vc="0" uspid="1056" ordinal="4" path="0" offset="73" offsetend="75" sl="1056" fileid="26" />
                <BranchPoint vc="0" uspid="1056" ordinal="6" path="0" offset="92" offsetend="94" sl="1056" fileid="26" />
                <BranchPoint vc="0" uspid="1056" ordinal="1" path="1" offset="35" offsetend="143" sl="1056" fileid="26" />
                <BranchPoint vc="0" uspid="1056" ordinal="3" path="1" offset="54" offsetend="143" sl="1056" fileid="26" />
                <BranchPoint vc="0" uspid="1056" ordinal="5" path="1" offset="73" offsetend="143" sl="1056" fileid="26" />
                <BranchPoint vc="0" uspid="1056" ordinal="7" path="1" offset="92" offsetend="143" sl="1056" fileid="26" />
                <BranchPoint vc="0" uspid="1054" ordinal="8" path="0" offset="154" offsetend="159" sl="1054" fileid="26" />
                <BranchPoint vc="0" uspid="1079" ordinal="13" path="1" offset="338" offsetend="232" sl="1079" fileid="26" />
                <BranchPoint vc="0" uspid="1081" ordinal="10" path="0" offset="309" offsetend="311" sl="1081" fileid="26" />
                <BranchPoint vc="0" uspid="1081" ordinal="11" path="1" offset="309" offsetend="317" sl="1081" fileid="26" />
                <BranchPoint vc="0" uspid="1079" ordinal="12" path="0" offset="338" offsetend="340" sl="1079" fileid="26" />
                <BranchPoint vc="0" uspid="1068" ordinal="0" path="0" offset="12" offsetend="14" sl="1068" fileid="26" />
                <BranchPoint vc="0" uspid="1068" ordinal="2" path="0" offset="25" offsetend="27" sl="1068" fileid="26" />
                <BranchPoint vc="0" uspid="1068" ordinal="1" path="1" offset="12" offsetend="54" sl="1068" fileid="26" />
                <BranchPoint vc="0" uspid="1068" ordinal="3" path="1" offset="25" offsetend="54" sl="1068" fileid="26" />
              </BranchPoints>
              <MethodPoint vc="0" uspid="0" p8:type="SequencePoint" ordinal="33" offset="33" sc="0" sl="1053" ec="1" el="1086" bec="0" bev="0" fileid="26" xmlns:p8="xsi" />
            </Method>
            <Method cyclomaticComplexity="1" nPathComplexity="1" sequenceCoverage="0" branchCoverage="100" isConstructor="False" isGetter="False" isSetter="False" isStatic="True">
              <Summary numSequencePoints="4" visitedSequencePoints="0" numBranchPoints="0" visitedBranchPoints="0" sequenceCoverage="0" branchCoverage="100" maxCyclomaticComplexity="1" minCyclomaticComplexity="1" visitedClasses="0" numClasses="0" visitedMethods="0" numMethods="1" />
              <MetadataToken />
              <Name>System.Void ConsoleAppVisuals.Window::AddDashboard()</Name>
              <FileRef uid="26" />
              <SequencePoints>
                <SequencePoint vc="0" uspid="1101" ordinal="0" sl="1101" sc="1" el="1101" ec="2" bec="0" bev="0" fileid="26" />
                <SequencePoint vc="0" uspid="1102" ordinal="1" sl="1102" sc="1" el="1102" ec="2" bec="0" bev="0" fileid="26" />
                <SequencePoint vc="0" uspid="1103" ordinal="2" sl="1103" sc="1" el="1103" ec="2" bec="0" bev="0" fileid="26" />
                <SequencePoint vc="0" uspid="1104" ordinal="3" sl="1104" sc="1" el="1104" ec="2" bec="0" bev="0" fileid="26" />
              </SequencePoints>
              <BranchPoints />
              <MethodPoint vc="0" uspid="0" p8:type="SequencePoint" ordinal="34" offset="34" sc="0" sl="1101" ec="1" el="1104" bec="0" bev="0" fileid="26" xmlns:p8="xsi" />
            </Method>
            <Method cyclomaticComplexity="1" nPathComplexity="1" sequenceCoverage="0" branchCoverage="100" isConstructor="False" isGetter="False" isSetter="False" isStatic="True">
              <Summary numSequencePoints="4" visitedSequencePoints="0" numBranchPoints="0" visitedBranchPoints="0" sequenceCoverage="0" branchCoverage="100" maxCyclomaticComplexity="1" minCyclomaticComplexity="1" visitedClasses="0" numClasses="0" visitedMethods="0" numMethods="1" />
              <MetadataToken />
              <Name>System.Void ConsoleAppVisuals.Window::RemoveDashboard()</Name>
              <FileRef uid="26" />
              <SequencePoints>
                <SequencePoint vc="0" uspid="1118" ordinal="0" sl="1118" sc="1" el="1118" ec="2" bec="0" bev="0" fileid="26" />
                <SequencePoint vc="0" uspid="1119" ordinal="1" sl="1119" sc="1" el="1119" ec="2" bec="0" bev="0" fileid="26" />
                <SequencePoint vc="0" uspid="1120" ordinal="2" sl="1120" sc="1" el="1120" ec="2" bec="0" bev="0" fileid="26" />
                <SequencePoint vc="0" uspid="1121" ordinal="3" sl="1121" sc="1" el="1121" ec="2" bec="0" bev="0" fileid="26" />
              </SequencePoints>
              <BranchPoints />
              <MethodPoint vc="0" uspid="0" p8:type="SequencePoint" ordinal="35" offset="35" sc="0" sl="1118" ec="1" el="1121" bec="0" bev="0" fileid="26" xmlns:p8="xsi" />
            </Method>
          </Methods>
        </Class>
      </Classes>
    </Module>
  </Modules>
</CoverageSession>