TN:
SF:/Users/yannvidamment/Documents/__FILES__/DEV/GIT-PROJECTS/Project-ConsoleAppVisuals/test-windowtests/src/ConsoleAppVisuals/elements/Banner.cs
FN:31,Placement()
FN:37,Line()
FN:42,Height()
FN:47,Width()
FN:89,CheckPlacement(ConsoleAppVisuals.Placement)
FN:113,UpdateLeftText(System.String)
FN:129,UpdateCenterText(System.String)
FN:145,UpdateRightText(System.String)
FN:153,RenderElementActions()
FN:68,.ctor(System.String,System.String,System.String,System.Int32,System.Int32,ConsoleAppVisuals.Placement,System.Nullable`1<System.Int32>)
FNDA:0,Placement()
FNDA:0,Line()
FNDA:0,Height()
FNDA:0,Width()
FNDA:0,CheckPlacement(ConsoleAppVisuals.Placement)
FNDA:0,UpdateLeftText(System.String)
FNDA:0,UpdateCenterText(System.String)
FNDA:0,UpdateRightText(System.String)
FNDA:0,RenderElementActions()
FNDA:0,.ctor(System.String,System.String,System.String,System.Int32,System.Int32,ConsoleAppVisuals.Placement,System.Nullable`1<System.Int32>)
FNF:10
FNH:0
BRDA:89,89,0,-
BRDA:89,89,1,-
BRDA:153,153,2,-
BRDA:153,153,3,-
BRDA:158,158,4,-
BRDA:158,158,5,-
BRDA:84,84,6,-
BRDA:84,84,7,-
BRF:8
BRH:0
DA:31,0
DA:37,0
DA:42,0
DA:47,0
DA:68,0
DA:69,0
DA:70,0
DA:71,0
DA:72,0
DA:73,0
DA:74,0
DA:75,0
DA:76,0
DA:78,0
DA:79,0
DA:80,0
DA:81,0
DA:82,0
DA:83,0
DA:84,0
DA:85,0
DA:89,0
DA:91,0
DA:92,0
DA:93,0
DA:95,0
DA:113,0
DA:114,0
DA:129,0
DA:130,0
DA:145,0
DA:146,0
DA:153,0
DA:155,0
DA:157,0
DA:158,0
DA:160,0
DA:161,0
DA:162,0
DA:163,0
DA:164,0
DA:165,0
DA:166,0
DA:168,0
LH:0
LF:44
end_of_record
SF:/Users/yannvidamment/Documents/__FILES__/DEV/GIT-PROJECTS/Project-ConsoleAppVisuals/test-windowtests/src/ConsoleAppVisuals/Core.cs
FN:76,GetSelector()
FN:122,GetColorPanel()
FN:128,GetInitialColorPanel()
FN:157,SetSelector(System.Char,System.Char)
FN:173,SetForegroundColor(System.ConsoleColor)
FN:190,SetBackgroundColor(System.ConsoleColor)
FN:204,SaveColorPanel()
FN:216,LoadSavedColorPanel()
FN:228,LoadTerminalColorPanel()
FN:273,SetStyler(System.String)
FN:288,StyleText(System.String)
FN:331,GetRandomColor()
FN:355,RestoreColorPanel()
FN:374,ApplyNegative(System.Boolean)
FN:1206,ResizeString(System.String,System.Int32,ConsoleAppVisuals.TextAlignment,System.Boolean)
FN:1251,InsertString(System.String,System.String,ConsoleAppVisuals.Placement)
FN:1314,GetRangeAndRemoveNegativeAnchors(System.String)
FN:1339,ToTextAlignment(ConsoleAppVisuals.Placement)
FN:1365,ToPlacement(ConsoleAppVisuals.TextAlignment)
FN:26,.cctor()
FNDA:1,GetSelector()
FNDA:8,GetColorPanel()
FNDA:1,GetInitialColorPanel()
FNDA:1,SetSelector(System.Char,System.Char)
FNDA:3,SetForegroundColor(System.ConsoleColor)
FNDA:3,SetBackgroundColor(System.ConsoleColor)
FNDA:1,SaveColorPanel()
FNDA:1,LoadSavedColorPanel()
FNDA:1,LoadTerminalColorPanel()
FNDA:1,SetStyler(System.String)
FNDA:1,StyleText(System.String)
FNDA:1,GetRandomColor()
FNDA:1,RestoreColorPanel()
FNDA:2,ApplyNegative(System.Boolean)
FNDA:7,ResizeString(System.String,System.Int32,ConsoleAppVisuals.TextAlignment,System.Boolean)
FNDA:9,InsertString(System.String,System.String,ConsoleAppVisuals.Placement)
FNDA:3,GetRangeAndRemoveNegativeAnchors(System.String)
FNDA:6,ToTextAlignment(ConsoleAppVisuals.Placement)
FNDA:4,ToPlacement(ConsoleAppVisuals.TextAlignment)
FNDA:1,.cctor()
FNF:20
FNH:20
BRDA:374,374,8,1
BRDA:374,374,9,1
BRDA:375,375,10,1
BRDA:375,375,11,1
BRDA:1207,1207,12,6
BRDA:1207,1207,13,3
BRDA:1207,1207,14,1
BRDA:1207,1207,15,1
BRDA:1207,1207,16,1
BRDA:1207,1207,17,4
BRDA:1207,1207,18,4
BRDA:1207,1207,19,1
BRDA:1217,1217,20,3
BRDA:1217,1217,21,1
BRDA:1217,1217,22,1
BRDA:1217,1217,23,1
BRDA:1217,1217,24,1
BRDA:1217,1217,25,1
BRDA:1251,1251,26,2
BRDA:1251,1251,27,7
BRDA:1253,1253,28,2
BRDA:1253,1253,29,2
BRDA:1253,1253,30,2
BRDA:1253,1253,31,2
BRDA:1253,1253,32,2
BRDA:1253,1253,33,1
BRDA:1316,1316,34,2
BRDA:1316,1316,35,1
BRDA:1316,1316,36,1
BRDA:1316,1316,37,2
BRDA:1339,1339,38,1
BRDA:1339,1339,39,1
BRDA:1339,1339,40,1
BRDA:1339,1339,41,1
BRDA:1339,1339,42,1
BRDA:1339,1339,43,1
BRDA:1365,1365,44,1
BRDA:1365,1365,45,1
BRDA:1365,1365,46,1
BRDA:1365,1365,47,1
BRF:40
BRH:40
DA:26,1
DA:27,1
DA:30,1
DA:33,1
DA:34,1
DA:35,1
DA:36,1
DA:37,1
DA:38,1
DA:39,1
DA:40,1
DA:41,1
DA:44,1
DA:45,1
DA:46,1
DA:47,1
DA:54,1
DA:55,1
DA:56,1
DA:57,1
DA:58,1
DA:64,1
DA:65,1
DA:66,1
DA:67,1
DA:68,1
DA:69,1
DA:76,1
DA:122,8
DA:128,1
DA:157,1
DA:158,1
DA:173,3
DA:174,3
DA:175,3
DA:190,3
DA:191,3
DA:192,3
DA:204,1
DA:216,1
DA:228,1
DA:273,1
DA:274,1
DA:288,1
DA:331,1
DA:332,1
DA:333,1
DA:334,1
DA:335,1
DA:336,1
DA:337,1
DA:338,1
DA:339,1
DA:340,1
DA:355,1
DA:356,1
DA:357,1
DA:358,1
DA:374,2
DA:375,2
DA:376,2
DA:707,0
DA:1206,7
DA:1207,7
DA:1211,1
DA:1213,1
DA:1215,1
DA:1217,4
DA:1221,1
DA:1223,1
DA:1224,1
DA:1226,1
DA:1228,1
DA:1251,9
DA:1253,2
DA:1254,2
DA:1255,2
DA:1262,2
DA:1263,2
DA:1264,2
DA:1266,2
DA:1268,2
DA:1269,2
DA:1270,2
DA:1272,1
DA:1314,3
DA:1315,3
DA:1316,3
DA:1317,1
DA:1319,2
DA:1320,2
DA:1321,2
DA:1339,6
DA:1340,6
DA:1341,1
DA:1342,1
DA:1343,1
DA:1344,1
DA:1345,1
DA:1346,1
DA:1347,6
DA:1365,4
DA:1366,4
DA:1367,1
DA:1368,1
DA:1369,1
DA:1370,1
DA:1371,4
LH:107
LF:108
end_of_record
SF:/Users/yannvidamment/Documents/__FILES__/DEV/GIT-PROJECTS/Project-ConsoleAppVisuals/test-windowtests/src/ConsoleAppVisuals/models/Element.cs
FN:24,Id()
FN:30,Visibility()
FN:35,Placement()
FN:40,TextAlignment()
FN:45,IsInteractive()
FN:51,Line()
FN:57,Height()
FN:63,Width()
FN:69,MaxNumberOfThisElement()
FN:75,ElementSource()
FN:86,ToggleVisibility()
FN:180,GetRenderSpace()
FNDA:0,Id()
FNDA:0,Visibility()
FNDA:0,Placement()
FNDA:0,TextAlignment()
FNDA:0,IsInteractive()
FNDA:0,Line()
FNDA:0,Height()
FNDA:0,Width()
FNDA:0,MaxNumberOfThisElement()
FNDA:0,ElementSource()
FNDA:0,ToggleVisibility()
FNDA:0,GetRenderSpace()
FNF:12
FNH:0
BRDA:86,86,48,-
BRDA:86,86,49,-
BRDA:90,90,50,-
BRDA:90,90,51,-
BRDA:181,181,52,-
BRDA:181,181,53,-
BRF:6
BRH:0
DA:24,0
DA:30,0
DA:35,0
DA:40,0
DA:45,0
DA:51,0
DA:57,0
DA:63,0
DA:69,0
DA:75,0
DA:86,0
DA:88,0
DA:90,0
DA:92,0
DA:96,0
DA:97,0
DA:98,0
DA:180,0
DA:181,0
DA:183,0
DA:185,0
LH:0
LF:21
end_of_record
SF:/Users/yannvidamment/Documents/__FILES__/DEV/GIT-PROJECTS/Project-ConsoleAppVisuals/test-windowtests/src/ConsoleAppVisuals/errors/ElementNotFoundException.cs
FN:57,GetObjectData(System.Runtime.Serialization.SerializationInfo,System.Runtime.Serialization.StreamingContext)
FN:66,GetDebuggerDisplay()
FN:24,.ctor()
FN:31,.ctor(System.String)
FN:39,.ctor(System.String,System.Exception)
FN:47,.ctor(System.Runtime.Serialization.SerializationInfo,System.Runtime.Serialization.StreamingContext)
FNDA:0,GetObjectData(System.Runtime.Serialization.SerializationInfo,System.Runtime.Serialization.StreamingContext)
FNDA:0,GetDebuggerDisplay()
FNDA:0,.ctor()
FNDA:0,.ctor(System.String)
FNDA:0,.ctor(System.String,System.Exception)
FNDA:0,.ctor(System.Runtime.Serialization.SerializationInfo,System.Runtime.Serialization.StreamingContext)
FNF:6
FNH:0
BRDA:57,57,54,-
BRDA:57,57,55,-
BRF:2
BRH:0
DA:24,0
DA:31,0
DA:39,0
DA:47,0
DA:57,0
DA:59,0
DA:61,0
DA:62,0
DA:66,0
LH:0
LF:9
end_of_record
SF:/Users/yannvidamment/Documents/__FILES__/DEV/GIT-PROJECTS/Project-ConsoleAppVisuals/test-windowtests/src/ConsoleAppVisuals/elements/interactive/EmbeddedText.cs
FN:32,Placement()
FN:37,Line()
FN:42,Height()
FN:47,Width()
FN:97,AddLine(System.String)
FN:114,InsertLine(System.String,System.Int32)
FN:130,RemoveLine(System.String)
FN:146,RemoveLine(System.Int32)
FN:154,RenderElementActions()
FN:168,BuildText()
FN:66,.ctor(System.Collections.Generic.List`1<System.String>,System.String,ConsoleAppVisuals.TextAlignment,ConsoleAppVisuals.Placement,System.Nullable`1<System.Int32>)
FNDA:0,Placement()
FNDA:0,Line()
FNDA:0,Height()
FNDA:0,Width()
FNDA:0,AddLine(System.String)
FNDA:0,InsertLine(System.String,System.Int32)
FNDA:0,RemoveLine(System.String)
FNDA:0,RemoveLine(System.Int32)
FNDA:0,RenderElementActions()
FNDA:0,BuildText()
FNDA:0,.ctor(System.Collections.Generic.List`1<System.String>,System.String,ConsoleAppVisuals.TextAlignment,ConsoleAppVisuals.Placement,System.Nullable`1<System.Int32>)
FNF:11
FNH:0
BRDA:170,170,56,-
BRDA:170,170,57,-
BRDA:173,173,58,-
BRDA:173,173,59,-
BRDA:173,173,60,-
BRDA:173,173,61,-
BRDA:75,75,62,-
BRDA:75,75,63,-
BRDA:78,78,64,-
BRDA:78,78,65,-
BRF:10
BRH:0
DA:32,0
DA:37,0
DA:42,0
DA:47,0
DA:66,0
DA:67,0
DA:68,0
DA:69,0
DA:70,0
DA:71,0
DA:72,0
DA:74,0
DA:75,0
DA:76,0
DA:77,0
DA:78,0
DA:79,0
DA:80,0
DA:97,0
DA:98,0
DA:114,0
DA:115,0
DA:130,0
DA:131,0
DA:146,0
DA:147,0
DA:154,0
DA:155,0
DA:156,0
DA:157,0
DA:158,0
DA:159,0
DA:160,0
DA:161,0
DA:162,0
DA:163,0
DA:164,0
DA:168,0
DA:169,0
DA:170,0
DA:172,0
DA:173,0
DA:176,0
DA:177,0
DA:178,0
DA:179,0
DA:181,0
DA:182,0
DA:184,0
DA:187,0
DA:188,0
DA:190,0
DA:191,0
DA:192,0
DA:193,0
DA:194,0
DA:195,0
DA:196,0
DA:197,0
DA:198,0
DA:199,0
DA:200,0
DA:201,0
DA:202,0
DA:203,0
LH:0
LF:65
end_of_record
SF:/Users/yannvidamment/Documents/__FILES__/DEV/GIT-PROJECTS/Project-ConsoleAppVisuals/test-windowtests/src/ConsoleAppVisuals/errors/EmptyFileException.cs
FN:57,GetObjectData(System.Runtime.Serialization.SerializationInfo,System.Runtime.Serialization.StreamingContext)
FN:66,GetDebuggerDisplay()
FN:24,.ctor()
FN:31,.ctor(System.String)
FN:39,.ctor(System.String,System.Exception)
FN:47,.ctor(System.Runtime.Serialization.SerializationInfo,System.Runtime.Serialization.StreamingContext)
FNDA:0,GetObjectData(System.Runtime.Serialization.SerializationInfo,System.Runtime.Serialization.StreamingContext)
FNDA:0,GetDebuggerDisplay()
FNDA:0,.ctor()
FNDA:2,.ctor(System.String)
FNDA:0,.ctor(System.String,System.Exception)
FNDA:0,.ctor(System.Runtime.Serialization.SerializationInfo,System.Runtime.Serialization.StreamingContext)
FNF:6
FNH:1
BRDA:57,57,66,-
BRDA:57,57,67,-
BRF:2
BRH:0
DA:24,0
DA:31,2
DA:39,0
DA:47,0
DA:57,0
DA:59,0
DA:61,0
DA:62,0
DA:66,0
LH:1
LF:9
end_of_record
SF:/Users/yannvidamment/Documents/__FILES__/DEV/GIT-PROJECTS/Project-ConsoleAppVisuals/test-windowtests/src/ConsoleAppVisuals/elements/FakeLoadingBar.cs
FN:36,Line()
FN:42,Height()
FN:47,Width()
FN:96,UpdateText(System.String)
FN:104,RenderElementActions()
FN:66,.ctor(System.String,ConsoleAppVisuals.Placement,System.Nullable`1<System.Int32>,System.Int32,System.Int32)
FNDA:0,Line()
FNDA:0,Height()
FNDA:0,Width()
FNDA:0,UpdateText(System.String)
FNDA:0,RenderElementActions()
FNDA:0,.ctor(System.String,ConsoleAppVisuals.Placement,System.Nullable`1<System.Int32>,System.Int32,System.Int32)
FNF:6
FNH:0
BRDA:106,106,68,-
BRDA:106,106,69,-
BRDA:76,76,70,-
BRDA:76,76,71,-
BRF:4
BRH:0
DA:36,0
DA:42,0
DA:47,0
DA:66,0
DA:67,0
DA:68,0
DA:69,0
DA:70,0
DA:71,0
DA:72,0
DA:74,0
DA:75,0
DA:76,0
DA:77,0
DA:78,0
DA:79,0
DA:96,0
DA:97,0
DA:104,0
DA:105,0
DA:106,0
DA:108,0
DA:110,0
DA:111,0
DA:112,0
DA:113,0
DA:114,0
DA:115,0
DA:116,0
DA:117,0
DA:118,0
DA:119,0
DA:120,0
DA:121,0
LH:0
LF:34
end_of_record
SF:/Users/yannvidamment/Documents/__FILES__/DEV/GIT-PROJECTS/Project-ConsoleAppVisuals/test-windowtests/src/ConsoleAppVisuals/elements/interactive/FloatSelector.cs
FN:34,Placement()
FN:39,Line()
FN:44,Height()
FN:50,Width()
FN:98,CheckMin(System.Single,System.Single)
FN:107,CheckMax(System.Single,System.Single)
FN:114,CheckStart(System.Single,System.Single,System.Single)
FN:125,CheckStep(System.Single,System.Single,System.Single)
FN:139,RenderElementActions()
FN:174,DisplayChoices(System.Int32,System.Single)
FN:208,NextNumber(ConsoleAppVisuals.Direction,System.Single)
FN:227,BuildLine(ConsoleAppVisuals.Direction)
FN:240,BuildNumber(System.Single)
FN:75,.ctor(System.String,System.Single,System.Single,System.Single,System.Single,ConsoleAppVisuals.Placement,System.Nullable`1<System.Int32>,System.Boolean)
FNDA:0,Placement()
FNDA:0,Line()
FNDA:0,Height()
FNDA:0,Width()
FNDA:0,CheckMin(System.Single,System.Single)
FNDA:0,CheckMax(System.Single,System.Single)
FNDA:0,CheckStart(System.Single,System.Single,System.Single)
FNDA:0,CheckStep(System.Single,System.Single,System.Single)
FNDA:0,RenderElementActions()
FNDA:0,DisplayChoices(System.Int32,System.Single)
FNDA:0,NextNumber(ConsoleAppVisuals.Direction,System.Single)
FNDA:0,BuildLine(ConsoleAppVisuals.Direction)
FNDA:0,BuildNumber(System.Single)
FNDA:0,.ctor(System.String,System.Single,System.Single,System.Single,System.Single,ConsoleAppVisuals.Placement,System.Nullable`1<System.Int32>,System.Boolean)
FNF:14
FNH:0
BRDA:98,98,72,-
BRDA:98,98,73,-
BRDA:107,107,74,-
BRDA:107,107,75,-
BRDA:114,114,76,-
BRDA:114,114,77,-
BRDA:116,116,78,-
BRDA:116,116,79,-
BRDA:125,125,80,-
BRDA:125,125,81,-
BRDA:146,146,82,-
BRDA:146,146,83,-
BRDA:146,146,84,-
BRDA:146,146,85,-
BRDA:146,146,86,-
BRDA:146,146,87,-
BRDA:146,146,88,-
BRDA:146,146,89,-
BRDA:146,146,90,-
BRDA:146,146,91,-
BRDA:146,146,92,-
BRDA:146,146,93,-
BRDA:146,146,94,-
BRDA:146,146,95,-
BRDA:208,208,96,-
BRDA:208,208,97,-
BRDA:210,210,98,-
BRDA:210,210,99,-
BRDA:212,212,100,-
BRDA:212,212,101,-
BRDA:217,217,102,-
BRDA:217,217,103,-
BRDA:219,219,104,-
BRDA:219,219,105,-
BRDA:227,227,106,-
BRDA:227,227,107,-
BRDA:229,229,108,-
BRDA:229,229,109,-
BRDA:231,231,110,-
BRDA:231,231,111,-
BRDA:92,92,112,-
BRDA:92,92,113,-
BRF:42
BRH:0
DA:34,0
DA:39,0
DA:44,0
DA:50,0
DA:51,0
DA:52,0
DA:53,0
DA:75,0
DA:76,0
DA:77,0
DA:78,0
DA:79,0
DA:80,0
DA:81,0
DA:82,0
DA:83,0
DA:84,0
DA:86,0
DA:87,0
DA:88,0
DA:89,0
DA:90,0
DA:91,0
DA:92,0
DA:93,0
DA:94,0
DA:98,0
DA:99,0
DA:100,0
DA:101,0
DA:102,0
DA:107,0
DA:108,0
DA:109,0
DA:114,0
DA:115,0
DA:116,0
DA:117,0
DA:118,0
DA:119,0
DA:120,0
DA:125,0
DA:126,0
DA:127,0
DA:128,0
DA:129,0
DA:139,0
DA:140,0
DA:141,0
DA:142,0
DA:144,0
DA:146,0
DA:150,0
DA:151,0
DA:154,0
DA:155,0
DA:157,0
DA:158,0
DA:159,0
DA:160,0
DA:161,0
DA:163,0
DA:164,0
DA:168,0
DA:174,0
DA:175,0
DA:176,0
DA:177,0
DA:178,0
DA:179,0
DA:180,0
DA:181,0
DA:182,0
DA:183,0
DA:184,0
DA:185,0
DA:186,0
DA:187,0
DA:188,0
DA:189,0
DA:190,0
DA:191,0
DA:192,0
DA:193,0
DA:194,0
DA:195,0
DA:196,0
DA:197,0
DA:198,0
DA:199,0
DA:200,0
DA:201,0
DA:202,0
DA:203,0
DA:204,0
DA:208,0
DA:210,0
DA:211,0
DA:212,0
DA:213,0
DA:217,0
DA:218,0
DA:219,0
DA:220,0
DA:222,0
DA:227,0
DA:228,0
DA:229,0
DA:230,0
DA:231,0
DA:232,0
DA:234,0
DA:235,0
DA:240,0
DA:241,0
DA:242,0
DA:243,0
DA:244,0
DA:245,0
DA:246,0
LH:0
LF:120
end_of_record
SF:/Users/yannvidamment/Documents/__FILES__/DEV/GIT-PROJECTS/Project-ConsoleAppVisuals/test-windowtests/src/ConsoleAppVisuals/models/FontYamlFile.cs
FN:23,Name()
FN:28,Chars()
FNDA:21,Name()
FNDA:6311,Chars()
FNF:2
FNH:2
BRF:0
BRH:0
DA:23,21
DA:28,6311
LH:2
LF:2
end_of_record
SF:/Users/yannvidamment/Documents/__FILES__/DEV/GIT-PROJECTS/Project-ConsoleAppVisuals/test-windowtests/src/ConsoleAppVisuals/elements/Footer.cs
FN:27,Placement()
FN:32,Line()
FN:37,Height()
FN:42,Width()
FN:85,UpdateLeftText(System.String)
FN:101,UpdateCenterText(System.String)
FN:117,UpdateRightText(System.String)
FN:125,RenderElementActions()
FN:59,.ctor(System.String,System.String,System.String)
FNDA:0,Placement()
FNDA:0,Line()
FNDA:0,Height()
FNDA:0,Width()
FNDA:0,UpdateLeftText(System.String)
FNDA:0,UpdateCenterText(System.String)
FNDA:0,UpdateRightText(System.String)
FNDA:0,RenderElementActions()
FNDA:0,.ctor(System.String,System.String,System.String)
FNF:9
FNH:0
BRF:0
BRH:0
DA:27,0
DA:32,0
DA:37,0
DA:42,0
DA:59,0
DA:60,0
DA:61,0
DA:62,0
DA:63,0
DA:65,0
DA:66,0
DA:67,0
DA:68,0
DA:85,0
DA:86,0
DA:101,0
DA:102,0
DA:117,0
DA:118,0
DA:125,0
DA:126,0
LH:0
LF:21
end_of_record
SF:/Users/yannvidamment/Documents/__FILES__/DEV/GIT-PROJECTS/Project-ConsoleAppVisuals/test-windowtests/src/ConsoleAppVisuals/elements/Header.cs
FN:28,Placement()
FN:34,Line()
FN:39,Height()
FN:44,Width()
FN:90,UpdateLeftText(System.String)
FN:106,UpdateCenterText(System.String)
FN:122,UpdateRightText(System.String)
FN:130,RenderElementActions()
FN:62,.ctor(System.String,System.String,System.String,System.Int32)
FNDA:0,Placement()
FNDA:0,Line()
FNDA:0,Height()
FNDA:0,Width()
FNDA:0,UpdateLeftText(System.String)
FNDA:0,UpdateCenterText(System.String)
FNDA:0,UpdateRightText(System.String)
FNDA:0,RenderElementActions()
FNDA:0,.ctor(System.String,System.String,System.String,System.Int32)
FNF:9
FNH:0
BRDA:34,34,114,-
BRDA:34,34,115,-
BRF:2
BRH:0
DA:28,0
DA:34,0
DA:39,0
DA:44,0
DA:62,0
DA:63,0
DA:64,0
DA:65,0
DA:66,0
DA:67,0
DA:69,0
DA:70,0
DA:71,0
DA:72,0
DA:73,0
DA:90,0
DA:91,0
DA:106,0
DA:107,0
DA:122,0
DA:123,0
DA:130,0
DA:131,0
LH:0
LF:23
end_of_record
SF:/Users/yannvidamment/Documents/__FILES__/DEV/GIT-PROJECTS/Project-ConsoleAppVisuals/test-windowtests/src/ConsoleAppVisuals/models/InteractionEventArgs.cs
FN:23,State()
FN:28,Info()
FN:35,.ctor(ConsoleAppVisuals.Output,T)
FNDA:0,State()
FNDA:0,Info()
FNDA:0,.ctor(ConsoleAppVisuals.Output,T)
FNF:3
FNH:0
BRF:0
BRH:0
DA:23,0
DA:28,0
DA:35,0
DA:37,0
DA:38,0
DA:39,0
LH:0
LF:6
end_of_record
SF:/Users/yannvidamment/Documents/__FILES__/DEV/GIT-PROJECTS/Project-ConsoleAppVisuals/test-windowtests/src/ConsoleAppVisuals/models/InteractiveElement.cs
FN:23,IsInteractive()
FN:28,MaxNumberOfThisElement()
FN:43,GetInteractionResponse()
FN:54,SetInteractionResponse(System.Object,ConsoleAppVisuals.InteractionEventArgs`1<TResponse>)
FN:64,SendResponse(System.Object,ConsoleAppVisuals.InteractionEventArgs`1<TResponse>)
FN:72,RenderOptionsBeforeHand()
FN:80,RenderOptionsAfterHand()
FNDA:0,IsInteractive()
FNDA:0,MaxNumberOfThisElement()
FNDA:0,GetInteractionResponse()
FNDA:0,SetInteractionResponse(System.Object,ConsoleAppVisuals.InteractionEventArgs`1<TResponse>)
FNDA:0,SendResponse(System.Object,ConsoleAppVisuals.InteractionEventArgs`1<TResponse>)
FNDA:0,RenderOptionsBeforeHand()
FNDA:0,RenderOptionsAfterHand()
FNF:7
FNH:0
BRDA:64,64,116,-
BRDA:64,64,117,-
BRF:2
BRH:0
DA:23,0
DA:28,0
DA:43,0
DA:54,0
DA:55,0
DA:64,0
DA:65,0
DA:72,0
DA:73,0
DA:80,0
DA:81,0
LH:0
LF:11
end_of_record
SF:/Users/yannvidamment/Documents/__FILES__/DEV/GIT-PROJECTS/Project-ConsoleAppVisuals/test-windowtests/src/ConsoleAppVisuals/elements/interactive/IntSelector.cs
FN:34,Placement()
FN:39,Line()
FN:44,Height()
FN:50,Width()
FN:98,CheckMin(System.Int32,System.Int32)
FN:107,CheckMax(System.Int32,System.Int32)
FN:114,CheckStart(System.Int32,System.Int32,System.Int32)
FN:125,CheckStep(System.Int32,System.Int32,System.Int32)
FN:139,RenderElementActions()
FN:171,DisplayChoices(System.Int32,System.Int32)
FN:205,NextNumber(ConsoleAppVisuals.Direction,System.Int32)
FN:224,BuildLine(ConsoleAppVisuals.Direction)
FN:237,BuildNumber(System.Int32)
FN:75,.ctor(System.String,System.Int32,System.Int32,System.Int32,System.Int32,ConsoleAppVisuals.Placement,System.Nullable`1<System.Int32>,System.Boolean)
FNDA:0,Placement()
FNDA:0,Line()
FNDA:0,Height()
FNDA:0,Width()
FNDA:0,CheckMin(System.Int32,System.Int32)
FNDA:0,CheckMax(System.Int32,System.Int32)
FNDA:0,CheckStart(System.Int32,System.Int32,System.Int32)
FNDA:0,CheckStep(System.Int32,System.Int32,System.Int32)
FNDA:0,RenderElementActions()
FNDA:0,DisplayChoices(System.Int32,System.Int32)
FNDA:0,NextNumber(ConsoleAppVisuals.Direction,System.Int32)
FNDA:0,BuildLine(ConsoleAppVisuals.Direction)
FNDA:0,BuildNumber(System.Int32)
FNDA:0,.ctor(System.String,System.Int32,System.Int32,System.Int32,System.Int32,ConsoleAppVisuals.Placement,System.Nullable`1<System.Int32>,System.Boolean)
FNF:14
FNH:0
BRDA:98,98,118,-
BRDA:98,98,119,-
BRDA:107,107,120,-
BRDA:107,107,121,-
BRDA:114,114,122,-
BRDA:114,114,123,-
BRDA:116,116,124,-
BRDA:116,116,125,-
BRDA:125,125,126,-
BRDA:125,125,127,-
BRDA:146,146,128,-
BRDA:146,146,129,-
BRDA:146,146,130,-
BRDA:146,146,131,-
BRDA:146,146,132,-
BRDA:146,146,133,-
BRDA:146,146,134,-
BRDA:146,146,135,-
BRDA:146,146,136,-
BRDA:146,146,137,-
BRDA:146,146,138,-
BRDA:146,146,139,-
BRDA:146,146,140,-
BRDA:146,146,141,-
BRDA:205,205,142,-
BRDA:205,205,143,-
BRDA:207,207,144,-
BRDA:207,207,145,-
BRDA:209,209,146,-
BRDA:209,209,147,-
BRDA:214,214,148,-
BRDA:214,214,149,-
BRDA:216,216,150,-
BRDA:216,216,151,-
BRDA:224,224,152,-
BRDA:224,224,153,-
BRDA:226,226,154,-
BRDA:226,226,155,-
BRDA:228,228,156,-
BRDA:228,228,157,-
BRDA:92,92,158,-
BRDA:92,92,159,-
BRF:42
BRH:0
DA:34,0
DA:39,0
DA:44,0
DA:50,0
DA:51,0
DA:52,0
DA:53,0
DA:75,0
DA:76,0
DA:77,0
DA:78,0
DA:79,0
DA:80,0
DA:81,0
DA:82,0
DA:83,0
DA:84,0
DA:86,0
DA:87,0
DA:88,0
DA:89,0
DA:90,0
DA:91,0
DA:92,0
DA:93,0
DA:94,0
DA:98,0
DA:99,0
DA:100,0
DA:101,0
DA:102,0
DA:107,0
DA:108,0
DA:109,0
DA:114,0
DA:115,0
DA:116,0
DA:117,0
DA:118,0
DA:119,0
DA:120,0
DA:125,0
DA:126,0
DA:127,0
DA:128,0
DA:129,0
DA:139,0
DA:140,0
DA:141,0
DA:142,0
DA:144,0
DA:146,0
DA:150,0
DA:151,0
DA:154,0
DA:155,0
DA:157,0
DA:158,0
DA:160,0
DA:161,0
DA:165,0
DA:171,0
DA:172,0
DA:173,0
DA:174,0
DA:175,0
DA:176,0
DA:177,0
DA:178,0
DA:179,0
DA:180,0
DA:181,0
DA:182,0
DA:183,0
DA:184,0
DA:185,0
DA:186,0
DA:187,0
DA:188,0
DA:189,0
DA:190,0
DA:191,0
DA:192,0
DA:193,0
DA:194,0
DA:195,0
DA:196,0
DA:197,0
DA:198,0
DA:199,0
DA:200,0
DA:201,0
DA:205,0
DA:207,0
DA:208,0
DA:209,0
DA:210,0
DA:214,0
DA:215,0
DA:216,0
DA:217,0
DA:219,0
DA:224,0
DA:225,0
DA:226,0
DA:227,0
DA:228,0
DA:229,0
DA:231,0
DA:232,0
DA:237,0
DA:238,0
DA:239,0
DA:240,0
DA:241,0
DA:242,0
DA:243,0
LH:0
LF:117
end_of_record
SF:/Users/yannvidamment/Documents/__FILES__/DEV/GIT-PROJECTS/Project-ConsoleAppVisuals/test-windowtests/src/ConsoleAppVisuals/elements/LoadingBar.cs
FN:39,Line()
FN:45,Height()
FN:50,Width()
FN:99,UpdateText(System.String)
FN:115,UpdateProgress(System.Single)
FN:139,RenderElementActions()
FN:125,BuildBar(System.String,System.Single,System.Int32)
FN:69,.ctor(System.String,System.Single&,ConsoleAppVisuals.Placement,System.Nullable`1<System.Int32>,System.Int32)
FNDA:0,Line()
FNDA:0,Height()
FNDA:0,Width()
FNDA:0,UpdateText(System.String)
FNDA:0,UpdateProgress(System.Single)
FNDA:0,RenderElementActions()
FNDA:0,BuildBar(System.String,System.Single,System.Int32)
FNDA:0,.ctor(System.String,System.Single&,ConsoleAppVisuals.Placement,System.Nullable`1<System.Int32>,System.Int32)
FNF:8
FNH:0
BRDA:140,140,160,-
BRDA:140,140,161,-
BRDA:126,126,162,-
BRDA:126,126,163,-
BRDA:80,80,164,-
BRDA:80,80,165,-
BRF:6
BRH:0
DA:39,0
DA:45,0
DA:50,0
DA:69,0
DA:70,0
DA:71,0
DA:72,0
DA:73,0
DA:74,0
DA:75,0
DA:77,0
DA:78,0
DA:79,0
DA:80,0
DA:81,0
DA:82,0
DA:99,0
DA:100,0
DA:115,0
DA:116,0
DA:125,0
DA:126,0
DA:128,0
DA:130,0
DA:131,0
DA:132,0
DA:133,0
DA:134,0
DA:135,0
DA:136,0
DA:137,0
DA:139,0
DA:140,0
DA:142,0
DA:144,0
DA:145,0
DA:146,0
DA:147,0
DA:148,0
LH:0
LF:39
end_of_record
SF:/Users/yannvidamment/Documents/__FILES__/DEV/GIT-PROJECTS/Project-ConsoleAppVisuals/test-windowtests/src/ConsoleAppVisuals/elements/Matrix.cs
FN:21,GetCorners()
FN:26,Count()
FN:31,Placement()
FN:36,Height()
FN:41,Width()
FN:46,Line()
FN:85,CompatibilityCheck()
FN:105,BuildMatrix()
FN:130,CalculateLocalMax(System.Int32[])
FN:144,CreateBorder(System.Int32[])
FN:156,CreateSeparator(System.Int32[])
FN:168,BuildLine(System.Text.StringBuilder,System.Int32[],System.Int32)
FN:182,CreateFooter(System.Int32[])
FN:202,GetElement(ConsoleAppVisuals.Position)
FN:215,SetRoundedCorners(System.Boolean)
FN:227,AddLine(System.Collections.Generic.List`1<T>)
FN:252,RemoveLine(System.Int32)
FN:276,UpdateLine(System.Int32,System.Collections.Generic.List`1<T>)
FN:304,Remove(ConsoleAppVisuals.Position)
FN:327,UpdateElement(ConsoleAppVisuals.Position,T)
FN:342,RenderElementActions()
FN:59,.ctor(System.Collections.Generic.List`1<System.Collections.Generic.List`1<T>>,System.Boolean,ConsoleAppVisuals.Placement,System.Nullable`1<System.Int32>)
FNDA:0,GetCorners()
FNDA:0,Count()
FNDA:0,Placement()
FNDA:0,Height()
FNDA:0,Width()
FNDA:0,Line()
FNDA:0,CompatibilityCheck()
FNDA:0,BuildMatrix()
FNDA:0,CalculateLocalMax(System.Int32[])
FNDA:0,CreateBorder(System.Int32[])
FNDA:0,CreateSeparator(System.Int32[])
FNDA:0,BuildLine(System.Text.StringBuilder,System.Int32[],System.Int32)
FNDA:0,CreateFooter(System.Int32[])
FNDA:0,GetElement(ConsoleAppVisuals.Position)
FNDA:0,SetRoundedCorners(System.Boolean)
FNDA:0,AddLine(System.Collections.Generic.List`1<T>)
FNDA:0,RemoveLine(System.Int32)
FNDA:0,UpdateLine(System.Int32,System.Collections.Generic.List`1<T>)
FNDA:0,Remove(ConsoleAppVisuals.Position)
FNDA:0,UpdateElement(ConsoleAppVisuals.Position,T)
FNDA:0,RenderElementActions()
FNDA:0,.ctor(System.Collections.Generic.List`1<System.Collections.Generic.List`1<T>>,System.Boolean,ConsoleAppVisuals.Placement,System.Nullable`1<System.Int32>)
FNF:22
FNH:0
BRDA:21,21,166,-
BRDA:21,21,167,-
BRDA:36,36,168,-
BRDA:36,36,169,-
BRDA:41,41,170,-
BRDA:41,41,171,-
BRDA:41,41,172,-
BRDA:41,41,173,-
BRDA:85,85,174,-
BRDA:85,85,175,-
BRDA:90,90,176,-
BRDA:90,90,177,-
BRDA:92,92,178,-
BRDA:92,92,179,-
BRDA:113,113,180,-
BRDA:113,113,181,-
BRDA:118,118,182,-
BRDA:118,118,183,-
BRDA:130,130,184,-
BRDA:130,130,185,-
BRDA:132,132,186,-
BRDA:132,132,187,-
BRDA:134,134,188,-
BRDA:134,134,189,-
BRDA:134,134,190,-
BRDA:134,134,191,-
BRDA:134,134,192,-
BRDA:134,134,193,-
BRDA:136,136,194,-
BRDA:136,136,195,-
BRDA:136,136,196,-
BRDA:136,136,197,-
BRDA:146,146,198,-
BRDA:146,146,199,-
BRDA:149,149,200,-
BRDA:149,149,201,-
BRDA:158,158,202,-
BRDA:158,158,203,-
BRDA:161,161,204,-
BRDA:161,161,205,-
BRDA:168,168,206,-
BRDA:168,168,207,-
BRDA:170,170,208,-
BRDA:170,170,209,-
BRDA:170,170,210,-
BRDA:170,170,211,-
BRDA:170,170,212,-
BRDA:170,170,213,-
BRDA:173,173,214,-
BRDA:173,173,215,-
BRDA:184,184,216,-
BRDA:184,184,217,-
BRDA:187,187,218,-
BRDA:187,187,219,-
BRDA:202,202,220,-
BRDA:202,202,221,-
BRDA:202,202,222,-
BRDA:202,202,223,-
BRDA:227,227,224,-
BRDA:227,227,225,-
BRDA:252,252,226,-
BRDA:252,252,227,-
BRDA:252,252,228,-
BRDA:252,252,229,-
BRDA:276,276,230,-
BRDA:276,276,231,-
BRDA:276,276,232,-
BRDA:276,276,233,-
BRDA:280,280,234,-
BRDA:280,280,235,-
BRDA:304,304,236,-
BRDA:304,304,237,-
BRDA:304,304,238,-
BRDA:304,304,239,-
BRDA:327,327,240,-
BRDA:327,327,241,-
BRDA:327,327,242,-
BRDA:327,327,243,-
BRDA:342,342,244,-
BRDA:342,342,245,-
BRDA:68,68,246,-
BRDA:68,68,247,-
BRDA:69,69,248,-
BRDA:69,69,249,-
BRDA:72,72,250,-
BRDA:72,72,251,-
BRF:86
BRH:0
DA:21,0
DA:26,0
DA:31,0
DA:36,0
DA:41,0
DA:46,0
DA:59,0
DA:60,0
DA:61,0
DA:62,0
DA:63,0
DA:64,0
DA:66,0
DA:67,0
DA:68,0
DA:69,0
DA:71,0
DA:72,0
DA:74,0
DA:79,0
DA:81,0
DA:85,0
DA:87,0
DA:89,0
DA:90,0
DA:92,0
DA:94,0
DA:97,0
DA:105,0
DA:106,0
DA:108,0
DA:109,0
DA:110,0
DA:112,0
DA:113,0
DA:115,0
DA:116,0
DA:117,0
DA:118,0
DA:119,0
DA:122,0
DA:123,0
DA:125,0
DA:126,0
DA:130,0
DA:132,0
DA:134,0
DA:136,0
DA:140,0
DA:144,0
DA:145,0
DA:146,0
DA:148,0
DA:149,0
DA:151,0
DA:156,0
DA:157,0
DA:158,0
DA:160,0
DA:161,0
DA:163,0
DA:168,0
DA:170,0
DA:171,0
DA:172,0
DA:173,0
DA:174,0
DA:176,0
DA:178,0
DA:182,0
DA:183,0
DA:184,0
DA:186,0
DA:187,0
DA:189,0
DA:202,0
DA:204,0
DA:206,0
DA:215,0
DA:216,0
DA:217,0
DA:227,0
DA:229,0
DA:230,0
DA:231,0
DA:234,0
DA:235,0
DA:236,0
DA:252,0
DA:254,0
DA:256,0
DA:257,0
DA:258,0
DA:276,0
DA:278,0
DA:280,0
DA:282,0
DA:283,0
DA:284,0
DA:286,0
DA:287,0
DA:288,0
DA:304,0
DA:306,0
DA:308,0
DA:309,0
DA:310,0
DA:327,0
DA:329,0
DA:331,0
DA:332,0
DA:333,0
DA:342,0
DA:343,0
DA:344,0
DA:345,0
DA:346,0
DA:347,0
DA:348,0
DA:349,0
DA:350,0
DA:351,0
DA:352,0
DA:353,0
LH:0
LF:124
end_of_record
SF:/Users/yannvidamment/Documents/__FILES__/DEV/GIT-PROJECTS/Project-ConsoleAppVisuals/test-windowtests/src/ConsoleAppVisuals/errors/NotSupportedCharException.cs
FN:57,GetObjectData(System.Runtime.Serialization.SerializationInfo,System.Runtime.Serialization.StreamingContext)
FN:66,GetDebuggerDisplay()
FN:24,.ctor()
FN:31,.ctor(System.String)
FN:39,.ctor(System.String,System.Exception)
FN:47,.ctor(System.Runtime.Serialization.SerializationInfo,System.Runtime.Serialization.StreamingContext)
FNDA:0,GetObjectData(System.Runtime.Serialization.SerializationInfo,System.Runtime.Serialization.StreamingContext)
FNDA:0,GetDebuggerDisplay()
FNDA:0,.ctor()
FNDA:4,.ctor(System.String)
FNDA:0,.ctor(System.String,System.Exception)
FNDA:0,.ctor(System.Runtime.Serialization.SerializationInfo,System.Runtime.Serialization.StreamingContext)
FNF:6
FNH:1
BRDA:57,57,252,-
BRDA:57,57,253,-
BRF:2
BRH:0
DA:24,0
DA:31,4
DA:39,0
DA:47,0
DA:57,0
DA:59,0
DA:61,0
DA:62,0
DA:66,0
LH:1
LF:9
end_of_record
SF:/Users/yannvidamment/Documents/__FILES__/DEV/GIT-PROJECTS/Project-ConsoleAppVisuals/test-windowtests/src/ConsoleAppVisuals/models/Position.cs
FN:23,X()
FN:28,Y()
FN:80,ToString()
FN:95,Equals(System.Object)
FN:108,GetHashCode()
FN:115,System.IEquatable<ConsoleAppVisuals.Position>.Equals(ConsoleAppVisuals.Position)
FN:125,op_Equality(ConsoleAppVisuals.Position,ConsoleAppVisuals.Position)
FN:136,op_Inequality(ConsoleAppVisuals.Position,ConsoleAppVisuals.Position)
FN:46,.ctor(System.Int32,System.Int32)
FN:63,.ctor(ConsoleAppVisuals.Position)
FNDA:19,X()
FNDA:13,Y()
FNDA:0,ToString()
FNDA:0,Equals(System.Object)
FNDA:0,GetHashCode()
FNDA:0,System.IEquatable<ConsoleAppVisuals.Position>.Equals(ConsoleAppVisuals.Position)
FNDA:0,op_Equality(ConsoleAppVisuals.Position,ConsoleAppVisuals.Position)
FNDA:0,op_Inequality(ConsoleAppVisuals.Position,ConsoleAppVisuals.Position)
FNDA:6,.ctor(System.Int32,System.Int32)
FNDA:0,.ctor(ConsoleAppVisuals.Position)
FNF:10
FNH:3
BRDA:95,95,254,-
BRDA:95,95,255,-
BRDA:95,95,256,-
BRDA:95,95,257,-
BRF:4
BRH:0
DA:23,19
DA:28,13
DA:46,6
DA:47,6
DA:48,6
DA:63,0
DA:64,0
DA:65,0
DA:80,0
DA:95,0
DA:108,0
DA:115,0
DA:125,0
DA:136,0
LH:5
LF:14
end_of_record
SF:/Users/yannvidamment/Documents/__FILES__/DEV/GIT-PROJECTS/Project-ConsoleAppVisuals/test-windowtests/src/ConsoleAppVisuals/elements/interactive/Prompt.cs
FN:30,Placement()
FN:36,Line()
FN:41,Height()
FN:46,Width()
FN:84,RenderElementActions()
FN:64,.ctor(System.String,System.String,ConsoleAppVisuals.Placement,System.Nullable`1<System.Int32>)
FNDA:0,Placement()
FNDA:0,Line()
FNDA:0,Height()
FNDA:0,Width()
FNDA:0,RenderElementActions()
FNDA:0,.ctor(System.String,System.String,ConsoleAppVisuals.Placement,System.Nullable`1<System.Int32>)
FNF:6
FNH:0
BRDA:108,108,258,-
BRDA:108,108,259,-
BRDA:108,108,260,-
BRDA:108,108,261,-
BRDA:104,104,262,-
BRDA:104,104,263,-
BRDA:104,104,264,-
BRDA:104,104,265,-
BRDA:106,106,266,-
BRDA:106,106,267,-
BRDA:106,106,268,-
BRDA:106,106,269,-
BRDA:110,110,270,-
BRDA:110,110,271,-
BRDA:72,72,272,-
BRDA:72,72,273,-
BRDA:74,74,274,-
BRDA:74,74,275,-
BRF:18
BRH:0
DA:30,0
DA:36,0
DA:41,0
DA:46,0
DA:64,0
DA:65,0
DA:66,0
DA:67,0
DA:68,0
DA:69,0
DA:71,0
DA:72,0
DA:73,0
DA:74,0
DA:75,0
DA:84,0
DA:85,0
DA:86,0
DA:87,0
DA:88,0
DA:89,0
DA:90,0
DA:91,0
DA:92,0
DA:93,0
DA:97,0
DA:98,0
DA:99,0
DA:100,0
DA:101,0
DA:102,0
DA:103,0
DA:104,0
DA:105,0
DA:106,0
DA:107,0
DA:108,0
DA:109,0
DA:110,0
DA:111,0
DA:112,0
DA:113,0
DA:114,0
DA:115,0
DA:116,0
DA:117,0
LH:0
LF:46
end_of_record
SF:/Users/yannvidamment/Documents/__FILES__/DEV/GIT-PROJECTS/Project-ConsoleAppVisuals/test-windowtests/src/ConsoleAppVisuals/elements/interactive/ScrollingMenu.cs
FN:31,Placement()
FN:36,Line()
FN:41,Height()
FN:47,Width()
FN:88,RenderElementActions()
FN:121,EqualizeChoicesLength(System.String[])
FN:135,DisplayChoices(System.Int32,ConsoleAppVisuals.Placement,System.String[],System.Int32,System.Boolean)
FN:66,.ctor(System.String,System.Int32,ConsoleAppVisuals.Placement,System.Nullable`1<System.Int32>,System.String[])
FNDA:0,Placement()
FNDA:0,Line()
FNDA:0,Height()
FNDA:0,Width()
FNDA:0,RenderElementActions()
FNDA:0,EqualizeChoicesLength(System.String[])
FNDA:0,DisplayChoices(System.Int32,ConsoleAppVisuals.Placement,System.String[],System.Int32,System.Boolean)
FNDA:0,.ctor(System.String,System.Int32,ConsoleAppVisuals.Placement,System.Nullable`1<System.Int32>,System.String[])
FNF:8
FNH:0
BRDA:97,97,276,-
BRDA:97,97,277,-
BRDA:97,97,278,-
BRDA:97,97,279,-
BRDA:97,97,280,-
BRDA:97,97,281,-
BRDA:97,97,282,-
BRDA:97,97,283,-
BRDA:97,97,284,-
BRDA:97,97,285,-
BRDA:97,97,286,-
BRDA:97,97,287,-
BRDA:97,97,288,-
BRDA:97,97,289,-
BRDA:97,97,290,-
BRDA:97,97,291,-
BRDA:97,97,292,-
BRDA:97,97,293,-
BRDA:101,101,294,-
BRDA:101,101,295,-
BRDA:105,105,296,-
BRDA:105,105,297,-
BRDA:121,121,298,-
BRDA:121,121,299,-
BRDA:122,122,300,-
BRDA:122,122,301,-
BRDA:136,136,302,-
BRDA:136,136,303,-
BRDA:138,138,304,-
BRDA:138,138,305,-
BRDA:143,143,306,-
BRDA:143,143,307,-
BRDA:77,77,308,-
BRDA:77,77,309,-
BRF:34
BRH:0
DA:31,0
DA:36,0
DA:41,0
DA:47,0
DA:66,0
DA:67,0
DA:68,0
DA:69,0
DA:70,0
DA:71,0
DA:72,0
DA:74,0
DA:75,0
DA:76,0
DA:77,0
DA:78,0
DA:79,0
DA:88,0
DA:89,0
DA:90,0
DA:91,0
DA:94,0
DA:95,0
DA:97,0
DA:101,0
DA:102,0
DA:105,0
DA:106,0
DA:108,0
DA:109,0
DA:111,0
DA:112,0
DA:114,0
DA:115,0
DA:121,0
DA:122,0
DA:124,0
DA:126,0
DA:135,0
DA:136,0
DA:138,0
DA:139,0
DA:140,0
DA:141,0
DA:142,0
DA:143,0
DA:144,0
DA:146,0
LH:0
LF:48
end_of_record
SF:/Users/yannvidamment/Documents/__FILES__/DEV/GIT-PROJECTS/Project-ConsoleAppVisuals/test-windowtests/src/ConsoleAppVisuals/elements/interactive/TableSelector.cs
FN:31,GetRawHeaders()
FN:36,GetRawLines()
FN:41,Placement()
FN:46,Line()
FN:51,Height()
FN:56,Width()
FN:103,CompatibilityCheck()
FN:119,CheckRawLines()
FN:139,CheckRawHeadersAndLines()
FN:166,BuildTable()
FN:188,BuildHeadersAndLines()
FN:279,BuildHeaders()
FN:329,BuildLines()
FN:385,BuildTitle()
FN:407,GetCorners()
FN:412,Count()
FN:423,AddHeaders(System.Collections.Generic.List`1<System.String>)
FN:440,UpdateHeaders(System.Collections.Generic.List`1<System.String>)
FN:449,AddTitle(System.String)
FN:459,UpdateTitle(System.String)
FN:468,SetRoundedCorners(System.Boolean)
FN:481,GetLine(System.Int32)
FN:496,GetColumnData(System.Int32)
FN:523,GetColumnData(System.String)
FN:547,AddLine(System.Collections.Generic.List`1<T>)
FN:572,RemoveLine(System.Int32)
FN:591,UpdateLine(System.Int32,System.Collections.Generic.List`1<T>)
FN:614,ClearHeaders()
FN:623,ClearLines()
FN:632,Reset()
FN:645,RenderElementActions()
FN:701,ReturnIndex(System.Int32)
FN:706,GetMinIndex(System.Boolean)
FN:718,GetMaxIndex(System.Boolean)
FN:723,HandleUpArrowKey(System.Int32,System.Int32,System.Int32)
FN:736,HandleDownArrowKey(System.Int32,System.Int32,System.Int32)
FN:21,.ctor(System.String,System.Collections.Generic.List`1<System.String>,System.Collections.Generic.List`1<System.Collections.Generic.List`1<T>>,System.Boolean,System.Boolean,System.String,ConsoleAppVisuals.Placement,System.Nullable`1<System.Int32>)
FNDA:0,GetRawHeaders()
FNDA:0,GetRawLines()
FNDA:0,Placement()
FNDA:0,Line()
FNDA:0,Height()
FNDA:0,Width()
FNDA:0,CompatibilityCheck()
FNDA:0,CheckRawLines()
FNDA:0,CheckRawHeadersAndLines()
FNDA:0,BuildTable()
FNDA:0,BuildHeadersAndLines()
FNDA:0,BuildHeaders()
FNDA:0,BuildLines()
FNDA:0,BuildTitle()
FNDA:0,GetCorners()
FNDA:0,Count()
FNDA:0,AddHeaders(System.Collections.Generic.List`1<System.String>)
FNDA:0,UpdateHeaders(System.Collections.Generic.List`1<System.String>)
FNDA:0,AddTitle(System.String)
FNDA:0,UpdateTitle(System.String)
FNDA:0,SetRoundedCorners(System.Boolean)
FNDA:0,GetLine(System.Int32)
FNDA:0,GetColumnData(System.Int32)
FNDA:0,GetColumnData(System.String)
FNDA:0,AddLine(System.Collections.Generic.List`1<T>)
FNDA:0,RemoveLine(System.Int32)
FNDA:0,UpdateLine(System.Int32,System.Collections.Generic.List`1<T>)
FNDA:0,ClearHeaders()
FNDA:0,ClearLines()
FNDA:0,Reset()
FNDA:0,RenderElementActions()
FNDA:0,ReturnIndex(System.Int32)
FNDA:0,GetMinIndex(System.Boolean)
FNDA:0,GetMaxIndex(System.Boolean)
FNDA:0,HandleUpArrowKey(System.Int32,System.Int32,System.Int32)
FNDA:0,HandleDownArrowKey(System.Int32,System.Int32,System.Int32)
FNDA:0,.ctor(System.String,System.Collections.Generic.List`1<System.String>,System.Collections.Generic.List`1<System.Collections.Generic.List`1<T>>,System.Boolean,System.Boolean,System.String,ConsoleAppVisuals.Placement,System.Nullable`1<System.Int32>)
FNF:37
FNH:0
BRDA:51,51,310,-
BRDA:51,51,311,-
BRDA:56,56,312,-
BRDA:56,56,313,-
BRDA:56,56,314,-
BRDA:56,56,315,-
BRDA:103,103,316,-
BRDA:103,103,317,-
BRDA:107,107,318,-
BRDA:107,107,319,-
BRDA:119,119,320,-
BRDA:119,119,321,-
BRDA:119,119,322,-
BRDA:119,119,323,-
BRDA:124,124,324,-
BRDA:124,124,325,-
BRDA:126,126,326,-
BRDA:126,126,327,-
BRDA:139,139,328,-
BRDA:139,139,329,-
BRDA:139,139,330,-
BRDA:139,139,331,-
BRDA:144,144,332,-
BRDA:144,144,333,-
BRDA:146,146,334,-
BRDA:146,146,335,-
BRDA:148,148,336,-
BRDA:148,148,337,-
BRDA:148,148,338,-
BRDA:148,148,339,-
BRDA:166,166,340,-
BRDA:166,166,341,-
BRDA:168,168,342,-
BRDA:168,168,343,-
BRDA:175,175,344,-
BRDA:175,175,345,-
BRDA:188,188,346,-
BRDA:188,188,347,-
BRDA:188,188,348,-
BRDA:188,188,349,-
BRDA:192,192,350,-
BRDA:192,192,351,-
BRDA:194,194,352,-
BRDA:194,194,353,-
BRDA:194,194,354,-
BRDA:194,194,355,-
BRDA:196,196,356,-
BRDA:196,196,357,-
BRDA:200,200,358,-
BRDA:200,200,359,-
BRDA:202,202,360,-
BRDA:202,202,361,-
BRDA:204,204,362,-
BRDA:204,204,363,-
BRDA:204,204,364,-
BRDA:204,204,365,-
BRDA:204,204,366,-
BRDA:204,204,367,-
BRDA:206,206,368,-
BRDA:206,206,369,-
BRDA:206,206,370,-
BRDA:206,206,371,-
BRDA:212,212,372,-
BRDA:212,212,373,-
BRDA:214,214,374,-
BRDA:214,214,375,-
BRDA:214,214,376,-
BRDA:214,214,377,-
BRDA:215,215,378,-
BRDA:215,215,379,-
BRDA:227,227,380,-
BRDA:227,227,381,-
BRDA:230,230,382,-
BRDA:230,230,383,-
BRDA:237,237,384,-
BRDA:237,237,385,-
BRDA:240,240,386,-
BRDA:240,240,387,-
BRDA:244,244,388,-
BRDA:244,244,389,-
BRDA:247,247,390,-
BRDA:247,247,391,-
BRDA:249,249,392,-
BRDA:249,249,393,-
BRDA:249,249,394,-
BRDA:249,249,395,-
BRDA:249,249,396,-
BRDA:249,249,397,-
BRDA:250,250,398,-
BRDA:250,250,399,-
BRDA:263,263,400,-
BRDA:263,263,401,-
BRDA:266,266,402,-
BRDA:266,266,403,-
BRDA:279,279,404,-
BRDA:279,279,405,-
BRDA:283,283,406,-
BRDA:283,283,407,-
BRDA:285,285,408,-
BRDA:285,285,409,-
BRDA:285,285,410,-
BRDA:285,285,411,-
BRDA:287,287,412,-
BRDA:287,287,413,-
BRDA:291,291,414,-
BRDA:291,291,415,-
BRDA:293,293,416,-
BRDA:293,293,417,-
BRDA:293,293,418,-
BRDA:293,293,419,-
BRDA:294,294,420,-
BRDA:294,294,421,-
BRDA:305,305,422,-
BRDA:305,305,423,-
BRDA:308,308,424,-
BRDA:308,308,425,-
BRDA:314,314,426,-
BRDA:314,314,427,-
BRDA:317,317,428,-
BRDA:317,317,429,-
BRDA:329,329,430,-
BRDA:329,329,431,-
BRDA:333,333,432,-
BRDA:333,333,433,-
BRDA:335,335,434,-
BRDA:335,335,435,-
BRDA:337,337,436,-
BRDA:337,337,437,-
BRDA:337,337,438,-
BRDA:337,337,439,-
BRDA:337,337,440,-
BRDA:337,337,441,-
BRDA:339,339,442,-
BRDA:339,339,443,-
BRDA:339,339,444,-
BRDA:339,339,445,-
BRDA:343,343,446,-
BRDA:343,343,447,-
BRDA:346,346,448,-
BRDA:346,346,449,-
BRDA:348,348,450,-
BRDA:348,348,451,-
BRDA:348,348,452,-
BRDA:348,348,453,-
BRDA:348,348,454,-
BRDA:348,348,455,-
BRDA:349,349,456,-
BRDA:349,349,457,-
BRDA:361,361,458,-
BRDA:361,361,459,-
BRDA:364,364,460,-
BRDA:364,364,461,-
BRDA:370,370,462,-
BRDA:370,370,463,-
BRDA:373,373,464,-
BRDA:373,373,465,-
BRDA:385,385,466,-
BRDA:385,385,467,-
BRDA:407,407,468,-
BRDA:407,407,469,-
BRDA:412,412,470,-
BRDA:412,412,471,-
BRDA:424,424,472,-
BRDA:424,424,473,-
BRDA:481,481,474,-
BRDA:481,481,475,-
BRDA:481,481,476,-
BRDA:481,481,477,-
BRDA:481,481,478,-
BRDA:481,481,479,-
BRDA:496,496,480,-
BRDA:496,496,481,-
BRDA:501,501,482,-
BRDA:501,501,483,-
BRDA:501,501,484,-
BRDA:501,501,485,-
BRDA:507,507,486,-
BRDA:507,507,487,-
BRDA:523,523,488,-
BRDA:523,523,489,-
BRDA:527,527,490,-
BRDA:527,527,491,-
BRDA:531,531,492,-
BRDA:531,531,493,-
BRDA:547,547,494,-
BRDA:547,547,495,-
BRDA:547,547,496,-
BRDA:547,547,497,-
BRDA:547,547,498,-
BRDA:547,547,499,-
BRDA:553,553,500,-
BRDA:553,553,501,-
BRDA:553,553,502,-
BRDA:553,553,503,-
BRDA:559,559,504,-
BRDA:559,559,505,-
BRDA:572,572,506,-
BRDA:572,572,507,-
BRDA:572,572,508,-
BRDA:572,572,509,-
BRDA:572,572,510,-
BRDA:572,572,511,-
BRDA:572,572,512,-
BRDA:572,572,513,-
BRDA:577,577,514,-
BRDA:577,577,515,-
BRDA:591,591,516,-
BRDA:591,591,517,-
BRDA:591,591,518,-
BRDA:591,591,519,-
BRDA:593,593,520,-
BRDA:593,593,521,-
BRDA:593,593,522,-
BRDA:593,593,523,-
BRDA:598,598,524,-
BRDA:598,598,525,-
BRDA:598,598,526,-
BRDA:598,598,527,-
BRDA:633,633,528,-
BRDA:633,633,529,-
BRDA:634,634,530,-
BRDA:634,634,531,-
BRDA:670,670,532,-
BRDA:670,670,533,-
BRDA:670,670,534,-
BRDA:670,670,535,-
BRDA:670,670,536,-
BRDA:670,670,537,-
BRDA:670,670,538,-
BRDA:670,670,539,-
BRDA:670,670,540,-
BRDA:670,670,541,-
BRDA:670,670,542,-
BRDA:670,670,543,-
BRDA:670,670,544,-
BRDA:670,670,545,-
BRDA:670,670,546,-
BRDA:670,670,547,-
BRDA:670,670,548,-
BRDA:670,670,549,-
BRDA:652,652,550,-
BRDA:652,652,551,-
BRDA:656,656,552,-
BRDA:656,656,553,-
BRDA:658,658,554,-
BRDA:658,658,555,-
BRDA:706,706,556,-
BRDA:706,706,557,-
BRDA:708,708,558,-
BRDA:708,708,559,-
BRDA:718,718,560,-
BRDA:718,718,561,-
BRDA:723,723,562,-
BRDA:723,723,563,-
BRDA:727,727,564,-
BRDA:727,727,565,-
BRDA:736,736,566,-
BRDA:736,736,567,-
BRDA:740,740,568,-
BRDA:740,740,569,-
BRDA:92,92,570,-
BRDA:92,92,571,-
BRDA:93,93,572,-
BRDA:93,93,573,-
BRF:264
BRH:0
DA:21,0
DA:31,0
DA:36,0
DA:41,0
DA:46,0
DA:51,0
DA:56,0
DA:74,0
DA:75,0
DA:76,0
DA:77,0
DA:78,0
DA:79,0
DA:80,0
DA:81,0
DA:82,0
DA:83,0
DA:85,0
DA:86,0
DA:87,0
DA:88,0
DA:89,0
DA:90,0
DA:91,0
DA:92,0
DA:93,0
DA:95,0
DA:97,0
DA:103,0
DA:105,0
DA:107,0
DA:109,0
DA:113,0
DA:119,0
DA:121,0
DA:124,0
DA:126,0
DA:128,0
DA:129,0
DA:130,0
DA:134,0
DA:139,0
DA:141,0
DA:144,0
DA:146,0
DA:148,0
DA:150,0
DA:151,0
DA:152,0
DA:156,0
DA:159,0
DA:166,0
DA:168,0
DA:170,0
DA:175,0
DA:177,0
DA:181,0
DA:184,0
DA:188,0
DA:190,0
DA:191,0
DA:192,0
DA:194,0
DA:196,0
DA:200,0
DA:202,0
DA:204,0
DA:206,0
DA:211,0
DA:212,0
DA:214,0
DA:215,0
DA:217,0
DA:221,0
DA:224,0
DA:226,0
DA:227,0
DA:229,0
DA:230,0
DA:231,0
DA:232,0
DA:234,0
DA:236,0
DA:237,0
DA:239,0
DA:240,0
DA:242,0
DA:244,0
DA:246,0
DA:247,0
DA:249,0
DA:250,0
DA:252,0
DA:256,0
DA:259,0
DA:262,0
DA:263,0
DA:265,0
DA:266,0
DA:267,0
DA:268,0
DA:270,0
DA:272,0
DA:273,0
DA:275,0
DA:279,0
DA:281,0
DA:282,0
DA:283,0
DA:285,0
DA:287,0
DA:290,0
DA:291,0
DA:293,0
DA:294,0
DA:296,0
DA:300,0
DA:303,0
DA:304,0
DA:305,0
DA:307,0
DA:308,0
DA:309,0
DA:310,0
DA:312,0
DA:313,0
DA:314,0
DA:316,0
DA:317,0
DA:318,0
DA:319,0
DA:321,0
DA:322,0
DA:323,0
DA:325,0
DA:329,0
DA:331,0
DA:332,0
DA:333,0
DA:335,0
DA:337,0
DA:339,0
DA:343,0
DA:345,0
DA:346,0
DA:348,0
DA:349,0
DA:351,0
DA:355,0
DA:358,0
DA:360,0
DA:361,0
DA:363,0
DA:364,0
DA:365,0
DA:366,0
DA:368,0
DA:369,0
DA:370,0
DA:372,0
DA:373,0
DA:374,0
DA:375,0
DA:377,0
DA:378,0
DA:379,0
DA:381,0
DA:385,0
DA:387,0
DA:388,0
DA:389,0
DA:390,0
DA:391,0
DA:392,0
DA:393,0
DA:394,0
DA:395,0
DA:396,0
DA:397,0
DA:398,0
DA:399,0
DA:400,0
DA:401,0
DA:403,0
DA:407,0
DA:412,0
DA:423,0
DA:424,0
DA:426,0
DA:430,0
DA:432,0
DA:440,0
DA:441,0
DA:449,0
DA:450,0
DA:451,0
DA:459,0
DA:460,0
DA:468,0
DA:469,0
DA:470,0
DA:481,0
DA:483,0
DA:485,0
DA:496,0
DA:498,0
DA:501,0
DA:503,0
DA:506,0
DA:507,0
DA:509,0
DA:511,0
DA:523,0
DA:525,0
DA:527,0
DA:529,0
DA:531,0
DA:533,0
DA:536,0
DA:547,0
DA:549,0
DA:550,0
DA:551,0
DA:553,0
DA:555,0
DA:556,0
DA:557,0
DA:559,0
DA:560,0
DA:561,0
DA:562,0
DA:572,0
DA:574,0
DA:577,0
DA:578,0
DA:579,0
DA:591,0
DA:593,0
DA:595,0
DA:598,0
DA:600,0
DA:601,0
DA:602,0
DA:605,0
DA:606,0
DA:607,0
DA:614,0
DA:615,0
DA:616,0
DA:623,0
DA:624,0
DA:625,0
DA:632,0
DA:633,0
DA:634,0
DA:635,0
DA:636,0
DA:645,0
DA:646,0
DA:647,0
DA:651,0
DA:652,0
DA:654,0
DA:655,0
DA:656,0
DA:658,0
DA:659,0
DA:660,0
DA:661,0
DA:662,0
DA:663,0
DA:664,0
DA:665,0
DA:666,0
DA:667,0
DA:670,0
DA:674,0
DA:675,0
DA:678,0
DA:679,0
DA:681,0
DA:682,0
DA:683,0
DA:684,0
DA:685,0
DA:687,0
DA:688,0
DA:690,0
DA:691,0
DA:692,0
DA:693,0
DA:694,0
DA:701,0
DA:706,0
DA:708,0
DA:712,0
DA:718,0
DA:723,0
DA:725,0
DA:727,0
DA:729,0
DA:731,0
DA:736,0
DA:738,0
DA:740,0
DA:742,0
DA:744,0
LH:0
LF:307
end_of_record
SF:/Users/yannvidamment/Documents/__FILES__/DEV/GIT-PROJECTS/Project-ConsoleAppVisuals/test-windowtests/src/ConsoleAppVisuals/elements/TableView.cs
FN:27,GetRawHeaders()
FN:32,GetRawLines()
FN:37,Placement()
FN:42,Line()
FN:47,Height()
FN:52,Width()
FN:57,MaxNumberOfThisElement()
FN:96,CompatibilityCheck()
FN:112,CheckRawLines()
FN:132,CheckRawHeadersAndLines()
FN:159,BuildTable()
FN:181,BuildHeadersAndLines()
FN:272,BuildHeaders()
FN:322,BuildLines()
FN:378,BuildTitle()
FN:400,GetCorners()
FN:405,Count()
FN:416,AddHeaders(System.Collections.Generic.List`1<System.String>)
FN:433,UpdateHeaders(System.Collections.Generic.List`1<System.String>)
FN:442,AddTitle(System.String)
FN:452,UpdateTitle(System.String)
FN:461,SetRoundedCorners(System.Boolean)
FN:474,GetLine(System.Int32)
FN:489,GetColumnData(System.Int32)
FN:516,GetColumnData(System.String)
FN:540,AddLine(System.Collections.Generic.List`1<T>)
FN:565,RemoveLine(System.Int32)
FN:584,UpdateLine(System.Int32,System.Collections.Generic.List`1<T>)
FN:607,ClearHeaders()
FN:616,ClearLines()
FN:625,Reset()
FN:638,RenderElementActions()
FN:17,.ctor(System.String,System.Collections.Generic.List`1<System.String>,System.Collections.Generic.List`1<System.Collections.Generic.List`1<T>>,ConsoleAppVisuals.Placement,System.Nullable`1<System.Int32>)
FNDA:0,GetRawHeaders()
FNDA:0,GetRawLines()
FNDA:0,Placement()
FNDA:0,Line()
FNDA:0,Height()
FNDA:0,Width()
FNDA:0,MaxNumberOfThisElement()
FNDA:0,CompatibilityCheck()
FNDA:0,CheckRawLines()
FNDA:0,CheckRawHeadersAndLines()
FNDA:0,BuildTable()
FNDA:0,BuildHeadersAndLines()
FNDA:0,BuildHeaders()
FNDA:0,BuildLines()
FNDA:0,BuildTitle()
FNDA:0,GetCorners()
FNDA:0,Count()
FNDA:0,AddHeaders(System.Collections.Generic.List`1<System.String>)
FNDA:0,UpdateHeaders(System.Collections.Generic.List`1<System.String>)
FNDA:0,AddTitle(System.String)
FNDA:0,UpdateTitle(System.String)
FNDA:0,SetRoundedCorners(System.Boolean)
FNDA:0,GetLine(System.Int32)
FNDA:0,GetColumnData(System.Int32)
FNDA:0,GetColumnData(System.String)
FNDA:0,AddLine(System.Collections.Generic.List`1<T>)
FNDA:0,RemoveLine(System.Int32)
FNDA:0,UpdateLine(System.Int32,System.Collections.Generic.List`1<T>)
FNDA:0,ClearHeaders()
FNDA:0,ClearLines()
FNDA:0,Reset()
FNDA:0,RenderElementActions()
FNDA:0,.ctor(System.String,System.Collections.Generic.List`1<System.String>,System.Collections.Generic.List`1<System.Collections.Generic.List`1<T>>,ConsoleAppVisuals.Placement,System.Nullable`1<System.Int32>)
FNF:33
FNH:0
BRDA:47,47,574,-
BRDA:47,47,575,-
BRDA:52,52,576,-
BRDA:52,52,577,-
BRDA:52,52,578,-
BRDA:52,52,579,-
BRDA:96,96,580,-
BRDA:96,96,581,-
BRDA:100,100,582,-
BRDA:100,100,583,-
BRDA:112,112,584,-
BRDA:112,112,585,-
BRDA:112,112,586,-
BRDA:112,112,587,-
BRDA:117,117,588,-
BRDA:117,117,589,-
BRDA:119,119,590,-
BRDA:119,119,591,-
BRDA:132,132,592,-
BRDA:132,132,593,-
BRDA:132,132,594,-
BRDA:132,132,595,-
BRDA:137,137,596,-
BRDA:137,137,597,-
BRDA:139,139,598,-
BRDA:139,139,599,-
BRDA:141,141,600,-
BRDA:141,141,601,-
BRDA:141,141,602,-
BRDA:141,141,603,-
BRDA:159,159,604,-
BRDA:159,159,605,-
BRDA:161,161,606,-
BRDA:161,161,607,-
BRDA:168,168,608,-
BRDA:168,168,609,-
BRDA:181,181,610,-
BRDA:181,181,611,-
BRDA:181,181,612,-
BRDA:181,181,613,-
BRDA:185,185,614,-
BRDA:185,185,615,-
BRDA:187,187,616,-
BRDA:187,187,617,-
BRDA:187,187,618,-
BRDA:187,187,619,-
BRDA:189,189,620,-
BRDA:189,189,621,-
BRDA:193,193,622,-
BRDA:193,193,623,-
BRDA:195,195,624,-
BRDA:195,195,625,-
BRDA:197,197,626,-
BRDA:197,197,627,-
BRDA:197,197,628,-
BRDA:197,197,629,-
BRDA:197,197,630,-
BRDA:197,197,631,-
BRDA:199,199,632,-
BRDA:199,199,633,-
BRDA:199,199,634,-
BRDA:199,199,635,-
BRDA:205,205,636,-
BRDA:205,205,637,-
BRDA:207,207,638,-
BRDA:207,207,639,-
BRDA:207,207,640,-
BRDA:207,207,641,-
BRDA:208,208,642,-
BRDA:208,208,643,-
BRDA:220,220,644,-
BRDA:220,220,645,-
BRDA:223,223,646,-
BRDA:223,223,647,-
BRDA:230,230,648,-
BRDA:230,230,649,-
BRDA:233,233,650,-
BRDA:233,233,651,-
BRDA:237,237,652,-
BRDA:237,237,653,-
BRDA:240,240,654,-
BRDA:240,240,655,-
BRDA:242,242,656,-
BRDA:242,242,657,-
BRDA:242,242,658,-
BRDA:242,242,659,-
BRDA:242,242,660,-
BRDA:242,242,661,-
BRDA:243,243,662,-
BRDA:243,243,663,-
BRDA:256,256,664,-
BRDA:256,256,665,-
BRDA:259,259,666,-
BRDA:259,259,667,-
BRDA:272,272,668,-
BRDA:272,272,669,-
BRDA:276,276,670,-
BRDA:276,276,671,-
BRDA:278,278,672,-
BRDA:278,278,673,-
BRDA:278,278,674,-
BRDA:278,278,675,-
BRDA:280,280,676,-
BRDA:280,280,677,-
BRDA:284,284,678,-
BRDA:284,284,679,-
BRDA:286,286,680,-
BRDA:286,286,681,-
BRDA:286,286,682,-
BRDA:286,286,683,-
BRDA:287,287,684,-
BRDA:287,287,685,-
BRDA:298,298,686,-
BRDA:298,298,687,-
BRDA:301,301,688,-
BRDA:301,301,689,-
BRDA:307,307,690,-
BRDA:307,307,691,-
BRDA:310,310,692,-
BRDA:310,310,693,-
BRDA:322,322,694,-
BRDA:322,322,695,-
BRDA:326,326,696,-
BRDA:326,326,697,-
BRDA:328,328,698,-
BRDA:328,328,699,-
BRDA:330,330,700,-
BRDA:330,330,701,-
BRDA:330,330,702,-
BRDA:330,330,703,-
BRDA:330,330,704,-
BRDA:330,330,705,-
BRDA:332,332,706,-
BRDA:332,332,707,-
BRDA:332,332,708,-
BRDA:332,332,709,-
BRDA:336,336,710,-
BRDA:336,336,711,-
BRDA:339,339,712,-
BRDA:339,339,713,-
BRDA:341,341,714,-
BRDA:341,341,715,-
BRDA:341,341,716,-
BRDA:341,341,717,-
BRDA:341,341,718,-
BRDA:341,341,719,-
BRDA:342,342,720,-
BRDA:342,342,721,-
BRDA:354,354,722,-
BRDA:354,354,723,-
BRDA:357,357,724,-
BRDA:357,357,725,-
BRDA:363,363,726,-
BRDA:363,363,727,-
BRDA:366,366,728,-
BRDA:366,366,729,-
BRDA:378,378,730,-
BRDA:378,378,731,-
BRDA:400,400,732,-
BRDA:400,400,733,-
BRDA:405,405,734,-
BRDA:405,405,735,-
BRDA:417,417,736,-
BRDA:417,417,737,-
BRDA:474,474,738,-
BRDA:474,474,739,-
BRDA:474,474,740,-
BRDA:474,474,741,-
BRDA:474,474,742,-
BRDA:474,474,743,-
BRDA:489,489,744,-
BRDA:489,489,745,-
BRDA:494,494,746,-
BRDA:494,494,747,-
BRDA:494,494,748,-
BRDA:494,494,749,-
BRDA:500,500,750,-
BRDA:500,500,751,-
BRDA:516,516,752,-
BRDA:516,516,753,-
BRDA:520,520,754,-
BRDA:520,520,755,-
BRDA:524,524,756,-
BRDA:524,524,757,-
BRDA:540,540,758,-
BRDA:540,540,759,-
BRDA:540,540,760,-
BRDA:540,540,761,-
BRDA:540,540,762,-
BRDA:540,540,763,-
BRDA:546,546,764,-
BRDA:546,546,765,-
BRDA:546,546,766,-
BRDA:546,546,767,-
BRDA:552,552,768,-
BRDA:552,552,769,-
BRDA:565,565,770,-
BRDA:565,565,771,-
BRDA:565,565,772,-
BRDA:565,565,773,-
BRDA:565,565,774,-
BRDA:565,565,775,-
BRDA:565,565,776,-
BRDA:565,565,777,-
BRDA:570,570,778,-
BRDA:570,570,779,-
BRDA:584,584,780,-
BRDA:584,584,781,-
BRDA:584,584,782,-
BRDA:584,584,783,-
BRDA:586,586,784,-
BRDA:586,586,785,-
BRDA:586,586,786,-
BRDA:586,586,787,-
BRDA:591,591,788,-
BRDA:591,591,789,-
BRDA:591,591,790,-
BRDA:591,591,791,-
BRDA:626,626,792,-
BRDA:626,626,793,-
BRDA:627,627,794,-
BRDA:627,627,795,-
BRDA:639,639,796,-
BRDA:639,639,797,-
BRDA:85,85,798,-
BRDA:85,85,799,-
BRDA:86,86,800,-
BRDA:86,86,801,-
BRF:228
BRH:0
DA:17,0
DA:27,0
DA:32,0
DA:37,0
DA:42,0
DA:47,0
DA:52,0
DA:57,0
DA:73,0
DA:74,0
DA:75,0
DA:76,0
DA:77,0
DA:78,0
DA:79,0
DA:81,0
DA:82,0
DA:83,0
DA:84,0
DA:85,0
DA:86,0
DA:88,0
DA:90,0
DA:96,0
DA:98,0
DA:100,0
DA:102,0
DA:106,0
DA:112,0
DA:114,0
DA:117,0
DA:119,0
DA:121,0
DA:122,0
DA:123,0
DA:127,0
DA:132,0
DA:134,0
DA:137,0
DA:139,0
DA:141,0
DA:143,0
DA:144,0
DA:145,0
DA:149,0
DA:152,0
DA:159,0
DA:161,0
DA:163,0
DA:168,0
DA:170,0
DA:174,0
DA:177,0
DA:181,0
DA:183,0
DA:184,0
DA:185,0
DA:187,0
DA:189,0
DA:193,0
DA:195,0
DA:197,0
DA:199,0
DA:204,0
DA:205,0
DA:207,0
DA:208,0
DA:210,0
DA:214,0
DA:217,0
DA:219,0
DA:220,0
DA:222,0
DA:223,0
DA:224,0
DA:225,0
DA:227,0
DA:229,0
DA:230,0
DA:232,0
DA:233,0
DA:235,0
DA:237,0
DA:239,0
DA:240,0
DA:242,0
DA:243,0
DA:245,0
DA:249,0
DA:252,0
DA:255,0
DA:256,0
DA:258,0
DA:259,0
DA:260,0
DA:261,0
DA:263,0
DA:265,0
DA:266,0
DA:268,0
DA:272,0
DA:274,0
DA:275,0
DA:276,0
DA:278,0
DA:280,0
DA:283,0
DA:284,0
DA:286,0
DA:287,0
DA:289,0
DA:293,0
DA:296,0
DA:297,0
DA:298,0
DA:300,0
DA:301,0
DA:302,0
DA:303,0
DA:305,0
DA:306,0
DA:307,0
DA:309,0
DA:310,0
DA:311,0
DA:312,0
DA:314,0
DA:315,0
DA:316,0
DA:318,0
DA:322,0
DA:324,0
DA:325,0
DA:326,0
DA:328,0
DA:330,0
DA:332,0
DA:336,0
DA:338,0
DA:339,0
DA:341,0
DA:342,0
DA:344,0
DA:348,0
DA:351,0
DA:353,0
DA:354,0
DA:356,0
DA:357,0
DA:358,0
DA:359,0
DA:361,0
DA:362,0
DA:363,0
DA:365,0
DA:366,0
DA:367,0
DA:368,0
DA:370,0
DA:371,0
DA:372,0
DA:374,0
DA:378,0
DA:380,0
DA:381,0
DA:382,0
DA:383,0
DA:384,0
DA:385,0
DA:386,0
DA:387,0
DA:388,0
DA:389,0
DA:390,0
DA:391,0
DA:392,0
DA:393,0
DA:394,0
DA:396,0
DA:400,0
DA:405,0
DA:416,0
DA:417,0
DA:419,0
DA:423,0
DA:425,0
DA:433,0
DA:434,0
DA:442,0
DA:443,0
DA:444,0
DA:452,0
DA:453,0
DA:461,0
DA:462,0
DA:463,0
DA:474,0
DA:476,0
DA:478,0
DA:489,0
DA:491,0
DA:494,0
DA:496,0
DA:499,0
DA:500,0
DA:502,0
DA:504,0
DA:516,0
DA:518,0
DA:520,0
DA:522,0
DA:524,0
DA:526,0
DA:529,0
DA:540,0
DA:542,0
DA:543,0
DA:544,0
DA:546,0
DA:548,0
DA:549,0
DA:550,0
DA:552,0
DA:553,0
DA:554,0
DA:555,0
DA:565,0
DA:567,0
DA:570,0
DA:571,0
DA:572,0
DA:584,0
DA:586,0
DA:588,0
DA:591,0
DA:593,0
DA:594,0
DA:595,0
DA:598,0
DA:599,0
DA:600,0
DA:607,0
DA:608,0
DA:609,0
DA:616,0
DA:617,0
DA:618,0
DA:625,0
DA:626,0
DA:627,0
DA:628,0
DA:629,0
DA:638,0
DA:639,0
DA:641,0
DA:642,0
DA:643,0
DA:644,0
DA:645,0
DA:646,0
DA:647,0
DA:649,0
LH:0
LF:262
end_of_record
SF:/Users/yannvidamment/Documents/__FILES__/DEV/GIT-PROJECTS/Project-ConsoleAppVisuals/test-windowtests/src/ConsoleAppVisuals/TextStyler.cs
FN:37,Dictionary()
FN:87,DictionaryBuilder()
FN:128,ReadResourceLines(System.String)
FN:158,StyleTextToString(System.String)
FN:197,StyleTextToStringArray(System.String)
FN:237,ToString()
FN:53,.ctor(System.String)
FNDA:6,Dictionary()
FNDA:20,DictionaryBuilder()
FNDA:60,ReadResourceLines(System.String)
FNDA:2,StyleTextToString(System.String)
FNDA:4,StyleTextToStringArray(System.String)
FNDA:1,ToString()
FNDA:21,.ctor(System.String)
FNF:7
FNH:7
BRDA:87,87,802,16
BRDA:87,87,803,4
BRDA:99,99,804,1
BRDA:99,99,805,19
BRDA:118,118,806,494
BRDA:118,118,807,19
BRDA:120,120,808,190
BRDA:120,120,809,19
BRDA:122,122,810,361
BRDA:122,122,811,19
BRDA:128,128,812,48
BRDA:128,128,813,12
BRDA:132,132,814,-
BRDA:132,132,815,48
BRDA:160,160,816,25
BRDA:160,160,817,1
BRDA:162,162,818,24
BRDA:162,162,819,1
BRDA:171,171,820,6
BRDA:171,171,821,1
BRDA:173,173,822,66
BRDA:173,173,823,6
BRDA:199,199,824,27
BRDA:199,199,825,3
BRDA:201,201,826,26
BRDA:201,201,827,1
BRDA:210,210,828,18
BRDA:210,210,829,3
BRDA:213,213,830,78
BRDA:213,213,831,18
BRDA:239,239,832,1
BRDA:239,239,833,1
BRDA:241,241,834,3
BRDA:241,241,835,1
BRDA:59,59,836,16
BRDA:59,59,837,5
BRDA:65,65,838,-
BRDA:65,65,839,16
BRF:38
BRH:36
DA:37,6
DA:53,21
DA:55,21
DA:56,21
DA:59,21
DA:61,16
DA:62,16
DA:63,16
DA:64,16
DA:65,16
DA:66,16
DA:70,5
DA:73,20
DA:74,20
DA:75,20
DA:76,20
DA:78,20
DA:79,19
DA:87,20
DA:89,16
DA:90,16
DA:91,16
DA:95,4
DA:96,4
DA:97,4
DA:99,20
DA:100,1
DA:102,19
DA:103,2964
DA:104,2964
DA:105,3458
DA:106,19
DA:107,19
DA:108,1140
DA:109,1140
DA:110,1330
DA:111,19
DA:112,19
DA:113,2166
DA:114,2166
DA:115,2527
DA:116,19
DA:118,1026
DA:119,494
DA:120,418
DA:121,190
DA:122,760
DA:123,361
DA:124,19
DA:128,60
DA:130,48
DA:131,48
DA:132,48
DA:133,48
DA:134,48
DA:135,48
DA:136,48
DA:139,12
DA:140,48
DA:158,2
DA:159,2
DA:160,53
DA:162,25
DA:163,24
DA:164,24
DA:165,24
DA:167,1
DA:170,1
DA:171,14
DA:173,144
DA:175,66
DA:177,6
DA:180,1
DA:197,4
DA:198,4
DA:199,61
DA:201,27
DA:202,26
DA:203,26
DA:204,26
DA:206,1
DA:209,3
DA:210,42
DA:212,18
DA:213,192
DA:215,78
DA:217,18
DA:220,3
DA:237,1
DA:238,1
DA:239,1
DA:241,8
DA:243,3
DA:246,1
LH:94
LF:94
end_of_record
SF:/Users/yannvidamment/Documents/__FILES__/DEV/GIT-PROJECTS/Project-ConsoleAppVisuals/test-windowtests/src/ConsoleAppVisuals/elements/Title.cs
FN:27,StyledText()
FN:31,Placement()
FN:36,Height()
FN:41,Width()
FN:87,UpdateText(System.String)
FN:103,UpdateMargin(System.Int32)
FN:111,RenderElementActions()
FN:59,.ctor(System.String,System.Int32,System.Nullable`1<System.Int32>,ConsoleAppVisuals.TextAlignment)
FNDA:0,StyledText()
FNDA:0,Placement()
FNDA:0,Height()
FNDA:0,Width()
FNDA:0,UpdateText(System.String)
FNDA:0,UpdateMargin(System.Int32)
FNDA:0,RenderElementActions()
FNDA:0,.ctor(System.String,System.Int32,System.Nullable`1<System.Int32>,ConsoleAppVisuals.TextAlignment)
FNF:8
FNH:0
BRDA:68,68,840,-
BRDA:68,68,841,-
BRF:2
BRH:0
DA:27,0
DA:31,0
DA:36,0
DA:41,0
DA:59,0
DA:60,0
DA:61,0
DA:62,0
DA:63,0
DA:64,0
DA:66,0
DA:67,0
DA:68,0
DA:69,0
DA:70,0
DA:87,0
DA:88,0
DA:103,0
DA:104,0
DA:111,0
DA:112,0
LH:0
LF:21
end_of_record
SF:/Users/yannvidamment/Documents/__FILES__/DEV/GIT-PROJECTS/Project-ConsoleAppVisuals/test-windowtests/src/ConsoleAppVisuals/attributes/VisualAttribute.cs
FN:45,DiagnosticId()
FN:51,IsError()
FN:57,Message()
FN:63,UrlFormat()
FN:20,.ctor()
FN:26,.ctor(System.String)
FN:36,.ctor(System.String,System.Boolean)
FNDA:0,DiagnosticId()
FNDA:0,IsError()
FNDA:0,Message()
FNDA:0,UrlFormat()
FNDA:0,.ctor()
FNDA:0,.ctor(System.String)
FNDA:0,.ctor(System.String,System.Boolean)
FNF:7
FNH:0
BRF:0
BRH:0
DA:20,0
DA:26,0
DA:28,0
DA:29,0
DA:36,0
DA:38,0
DA:39,0
DA:40,0
DA:45,0
DA:51,0
DA:57,0
DA:63,0
LH:0
LF:12
end_of_record
SF:/Users/yannvidamment/Documents/__FILES__/DEV/GIT-PROJECTS/Project-ConsoleAppVisuals/test-windowtests/src/ConsoleAppVisuals/Window.cs
FN:45,NextId()
FN:50,CountElements()
FN:69,GetElement()
FN:88,GetElement(System.Int32)
FN:110,GetVisibleElement()
FN:127,AddElement(ConsoleAppVisuals.Element)
FN:149,InsertElement(ConsoleAppVisuals.Element,System.Int32)
FN:170,RemoveElement(System.Int32)
FN:191,RemoveElement(ConsoleAppVisuals.Element)
FN:217,RemoveElement()
FN:239,RemoveLibraryElement()
FN:261,RemoveAllElements()
FN:281,ActivateElement(System.Int32,System.Boolean)
FN:311,ActivateElement(System.Boolean)
FN:342,GetResponse(System.Boolean)
FN:361,ActivateAllElements()
FN:385,DeactivateElement(System.Int32,System.Boolean)
FN:415,DeactivateElement(ConsoleAppVisuals.Element,System.Boolean)
FN:446,DeactivateElement(System.Boolean)
FN:471,DeactivateAllElements()
FN:485,UpdateIDs()
FN:498,AllowVisibilityToggle(System.Int32)
FN:529,GetLineAvailable(ConsoleAppVisuals.Placement)
FN:590,CheckLine(System.Nullable`1<System.Int32>)
FN:617,Clear(System.Boolean)
FN:651,StopExecution(System.ConsoleKey)
FN:671,RenderOneElement(System.Int32)
FN:692,RenderOneElement(ConsoleAppVisuals.Element)
FN:712,Refresh()
FN:724,OnResize()
FN:744,RenderAllElementsSpace()
FN:762,Close()
FN:783,AddListWindowElements(ConsoleAppVisuals.Placement)
FN:837,GetListWindowElements()
FN:890,AddListClassesInheritingElement(ConsoleAppVisuals.Placement)
FN:934,GetListClassesInheritingElement()
FN:973,AddListClassesInheritingInteractiveElement(ConsoleAppVisuals.Placement)
FN:1028,GetListClassesInheritingInteractiveElement()
FN:1076,AddDashboard()
FN:1093,RemoveDashboard()
FN:25,.cctor()
FNDA:0,NextId()
FNDA:0,CountElements()
FNDA:0,GetElement()
FNDA:0,GetElement(System.Int32)
FNDA:0,GetVisibleElement()
FNDA:0,AddElement(ConsoleAppVisuals.Element)
FNDA:0,InsertElement(ConsoleAppVisuals.Element,System.Int32)
FNDA:0,RemoveElement(System.Int32)
FNDA:0,RemoveElement(ConsoleAppVisuals.Element)
FNDA:0,RemoveElement()
FNDA:0,RemoveLibraryElement()
FNDA:0,RemoveAllElements()
FNDA:0,ActivateElement(System.Int32,System.Boolean)
FNDA:0,ActivateElement(System.Boolean)
FNDA:0,GetResponse(System.Boolean)
FNDA:0,ActivateAllElements()
FNDA:0,DeactivateElement(System.Int32,System.Boolean)
FNDA:0,DeactivateElement(ConsoleAppVisuals.Element,System.Boolean)
FNDA:0,DeactivateElement(System.Boolean)
FNDA:0,DeactivateAllElements()
FNDA:0,UpdateIDs()
FNDA:0,AllowVisibilityToggle(System.Int32)
FNDA:0,GetLineAvailable(ConsoleAppVisuals.Placement)
FNDA:0,CheckLine(System.Nullable`1<System.Int32>)
FNDA:0,Clear(System.Boolean)
FNDA:0,StopExecution(System.ConsoleKey)
FNDA:0,RenderOneElement(System.Int32)
FNDA:0,RenderOneElement(ConsoleAppVisuals.Element)
FNDA:0,Refresh()
FNDA:0,OnResize()
FNDA:0,RenderAllElementsSpace()
FNDA:0,Close()
FNDA:0,AddListWindowElements(ConsoleAppVisuals.Placement)
FNDA:0,GetListWindowElements()
FNDA:0,AddListClassesInheritingElement(ConsoleAppVisuals.Placement)
FNDA:0,GetListClassesInheritingElement()
FNDA:0,AddListClassesInheritingInteractiveElement(ConsoleAppVisuals.Placement)
FNDA:0,GetListClassesInheritingInteractiveElement()
FNDA:0,AddDashboard()
FNDA:0,RemoveDashboard()
FNDA:0,.cctor()
FNF:41
FNH:0
BRDA:69,69,842,-
BRDA:69,69,843,-
BRDA:88,88,844,-
BRDA:88,88,845,-
BRDA:88,88,846,-
BRDA:88,88,847,-
BRDA:110,110,848,-
BRDA:110,110,849,-
BRDA:128,128,850,-
BRDA:128,128,851,-
BRDA:128,128,852,-
BRDA:128,128,853,-
BRDA:149,149,854,-
BRDA:149,149,855,-
BRDA:149,149,856,-
BRDA:149,149,857,-
BRDA:170,170,858,-
BRDA:170,170,859,-
BRDA:170,170,860,-
BRDA:170,170,861,-
BRDA:191,191,862,-
BRDA:191,191,863,-
BRDA:191,191,864,-
BRDA:191,191,865,-
BRDA:217,217,866,-
BRDA:217,217,867,-
BRDA:239,239,868,-
BRDA:239,239,869,-
BRDA:242,242,870,-
BRDA:242,242,871,-
BRDA:281,281,872,-
BRDA:281,281,873,-
BRDA:281,281,874,-
BRDA:281,281,875,-
BRDA:285,285,876,-
BRDA:285,285,877,-
BRDA:289,289,878,-
BRDA:289,289,879,-
BRDA:311,311,880,-
BRDA:311,311,881,-
BRDA:314,314,882,-
BRDA:314,314,883,-
BRDA:318,318,884,-
BRDA:318,318,885,-
BRDA:342,342,886,-
BRDA:342,342,887,-
BRDA:361,361,888,-
BRDA:361,361,889,-
BRDA:363,363,890,-
BRDA:363,363,891,-
BRDA:385,385,892,-
BRDA:385,385,893,-
BRDA:385,385,894,-
BRDA:385,385,895,-
BRDA:389,389,896,-
BRDA:389,389,897,-
BRDA:392,392,898,-
BRDA:392,392,899,-
BRDA:415,415,900,-
BRDA:415,415,901,-
BRDA:415,415,902,-
BRDA:415,415,903,-
BRDA:420,420,904,-
BRDA:420,420,905,-
BRDA:423,423,906,-
BRDA:423,423,907,-
BRDA:446,446,908,-
BRDA:446,446,909,-
BRDA:449,449,910,-
BRDA:449,449,911,-
BRDA:452,452,912,-
BRDA:452,452,913,-
BRDA:471,471,914,-
BRDA:471,471,915,-
BRDA:473,473,916,-
BRDA:473,473,917,-
BRDA:485,485,918,-
BRDA:485,485,919,-
BRDA:498,498,920,-
BRDA:498,498,921,-
BRDA:501,501,922,-
BRDA:501,501,923,-
BRDA:508,508,924,-
BRDA:508,508,925,-
BRDA:529,529,926,-
BRDA:529,529,927,-
BRDA:529,529,928,-
BRDA:529,529,929,-
BRDA:529,529,930,-
BRDA:529,529,931,-
BRDA:533,533,932,-
BRDA:533,533,933,-
BRDA:536,536,934,-
BRDA:536,536,935,-
BRDA:539,539,936,-
BRDA:539,539,937,-
BRDA:542,542,938,-
BRDA:542,542,939,-
BRDA:546,546,940,-
BRDA:546,546,941,-
BRDA:549,549,942,-
BRDA:549,549,943,-
BRDA:553,553,944,-
BRDA:553,553,945,-
BRDA:556,556,946,-
BRDA:556,556,947,-
BRDA:561,561,948,-
BRDA:561,561,949,-
BRDA:564,564,950,-
BRDA:564,564,951,-
BRDA:569,569,952,-
BRDA:569,569,953,-
BRDA:590,590,954,-
BRDA:590,590,955,-
BRDA:594,594,956,-
BRDA:594,594,957,-
BRDA:594,594,958,-
BRDA:594,594,959,-
BRDA:617,617,960,-
BRDA:617,617,961,-
BRDA:619,619,962,-
BRDA:619,619,963,-
BRDA:626,626,964,-
BRDA:626,626,965,-
BRDA:651,651,966,-
BRDA:651,651,967,-
BRDA:671,671,968,-
BRDA:671,671,969,-
BRDA:671,671,970,-
BRDA:671,671,971,-
BRDA:692,692,972,-
BRDA:692,692,973,-
BRDA:692,692,974,-
BRDA:692,692,975,-
BRDA:713,713,976,-
BRDA:713,713,977,-
BRDA:724,724,978,-
BRDA:724,724,979,-
BRDA:744,744,980,-
BRDA:744,744,981,-
BRDA:805,805,982,-
BRDA:805,805,983,-
BRDA:856,856,984,-
BRDA:856,856,985,-
BRDA:891,891,986,-
BRDA:891,891,987,-
BRDA:893,893,988,-
BRDA:893,893,989,-
BRDA:893,893,990,-
BRDA:893,893,991,-
BRDA:893,893,992,-
BRDA:893,893,993,-
BRDA:893,893,994,-
BRDA:893,893,995,-
BRDA:906,906,996,-
BRDA:906,906,997,-
BRDA:908,908,998,-
BRDA:908,908,999,-
BRDA:912,912,1000,-
BRDA:912,912,1001,-
BRDA:935,935,1002,-
BRDA:935,935,1003,-
BRDA:937,937,1004,-
BRDA:937,937,1005,-
BRDA:937,937,1006,-
BRDA:937,937,1007,-
BRDA:937,937,1008,-
BRDA:937,937,1009,-
BRDA:937,937,1010,-
BRDA:937,937,1011,-
BRDA:950,950,1012,-
BRDA:950,950,1013,-
BRDA:952,952,1014,-
BRDA:952,952,1015,-
BRDA:956,956,1016,-
BRDA:956,956,1017,-
BRDA:944,944,1018,-
BRDA:944,944,1019,-
BRDA:974,974,1020,-
BRDA:974,974,1021,-
BRDA:976,976,1022,-
BRDA:976,976,1023,-
BRDA:976,976,1024,-
BRDA:976,976,1025,-
BRDA:976,976,1026,-
BRDA:976,976,1027,-
BRDA:976,976,1028,-
BRDA:976,976,1029,-
BRDA:1004,1004,1030,-
BRDA:1004,1004,1031,-
BRDA:1006,1006,1032,-
BRDA:1006,1006,1033,-
BRDA:988,988,1034,-
BRDA:988,988,1035,-
BRDA:988,988,1036,-
BRDA:988,988,1037,-
BRDA:1029,1029,1038,-
BRDA:1029,1029,1039,-
BRDA:1031,1031,1040,-
BRDA:1031,1031,1041,-
BRDA:1031,1031,1042,-
BRDA:1031,1031,1043,-
BRDA:1031,1031,1044,-
BRDA:1031,1031,1045,-
BRDA:1031,1031,1046,-
BRDA:1031,1031,1047,-
BRDA:1054,1054,1048,-
BRDA:1054,1054,1049,-
BRDA:1056,1056,1050,-
BRDA:1056,1056,1051,-
BRDA:1043,1043,1052,-
BRDA:1043,1043,1053,-
BRDA:1043,1043,1054,-
BRDA:1043,1043,1055,-
BRF:214
BRH:0
DA:25,0
DA:26,0
DA:27,0
DA:31,0
DA:45,0
DA:50,0
DA:69,0
DA:88,0
DA:90,0
DA:92,0
DA:110,0
DA:111,0
DA:127,0
DA:128,0
DA:130,0
DA:132,0
DA:149,0
DA:151,0
DA:153,0
DA:154,0
DA:170,0
DA:172,0
DA:174,0
DA:175,0
DA:176,0
DA:191,0
DA:193,0
DA:194,0
DA:195,0
DA:196,0
DA:198,0
DA:199,0
DA:200,0
DA:217,0
DA:218,0
DA:219,0
DA:220,0
DA:221,0
DA:222,0
DA:239,0
DA:240,0
DA:241,0
DA:242,0
DA:244,0
DA:245,0
DA:247,0
DA:261,0
DA:262,0
DA:281,0
DA:283,0
DA:285,0
DA:287,0
DA:289,0
DA:291,0
DA:293,0
DA:311,0
DA:312,0
DA:313,0
DA:314,0
DA:316,0
DA:318,0
DA:320,0
DA:322,0
DA:342,0
DA:343,0
DA:344,0
DA:345,0
DA:346,0
DA:361,0
DA:363,0
DA:365,0
DA:368,0
DA:385,0
DA:387,0
DA:389,0
DA:391,0
DA:392,0
DA:394,0
DA:397,0
DA:398,0
DA:415,0
DA:417,0
DA:420,0
DA:422,0
DA:423,0
DA:425,0
DA:428,0
DA:446,0
DA:447,0
DA:448,0
DA:449,0
DA:451,0
DA:452,0
DA:454,0
DA:457,0
DA:471,0
DA:473,0
DA:475,0
DA:478,0
DA:479,0
DA:485,0
DA:487,0
DA:489,0
DA:498,0
DA:500,0
DA:501,0
DA:502,0
DA:503,0
DA:507,0
DA:508,0
DA:509,0
DA:510,0
DA:529,0
DA:530,0
DA:531,0
DA:532,0
DA:533,0
DA:534,0
DA:535,0
DA:536,0
DA:537,0
DA:538,0
DA:539,0
DA:540,0
DA:541,0
DA:542,0
DA:543,0
DA:544,0
DA:545,0
DA:546,0
DA:547,0
DA:548,0
DA:549,0
DA:550,0
DA:551,0
DA:552,0
DA:553,0
DA:554,0
DA:555,0
DA:556,0
DA:557,0
DA:558,0
DA:559,0
DA:560,0
DA:561,0
DA:562,0
DA:563,0
DA:564,0
DA:565,0
DA:566,0
DA:567,0
DA:568,0
DA:569,0
DA:570,0
DA:571,0
DA:572,0
DA:590,0
DA:592,0
DA:594,0
DA:596,0
DA:597,0
DA:598,0
DA:599,0
DA:601,0
DA:617,0
DA:619,0
DA:621,0
DA:626,0
DA:628,0
DA:629,0
DA:630,0
DA:631,0
DA:632,0
DA:633,0
DA:636,0
DA:651,0
DA:653,0
DA:655,0
DA:671,0
DA:673,0
DA:675,0
DA:676,0
DA:692,0
DA:694,0
DA:697,0
DA:698,0
DA:712,0
DA:713,0
DA:715,0
DA:717,0
DA:724,0
DA:726,0
DA:727,0
DA:729,0
DA:744,0
DA:746,0
DA:748,0
DA:762,0
DA:763,0
DA:764,0
DA:765,0
DA:766,0
DA:783,0
DA:784,0
DA:785,0
DA:786,0
DA:787,0
DA:788,0
DA:789,0
DA:790,0
DA:791,0
DA:792,0
DA:793,0
DA:794,0
DA:795,0
DA:796,0
DA:797,0
DA:798,0
DA:799,0
DA:800,0
DA:801,0
DA:802,0
DA:803,0
DA:804,0
DA:805,0
DA:807,0
DA:808,0
DA:809,0
DA:810,0
DA:811,0
DA:812,0
DA:813,0
DA:814,0
DA:815,0
DA:816,0
DA:817,0
DA:818,0
DA:819,0
DA:820,0
DA:822,0
DA:837,0
DA:838,0
DA:839,0
DA:840,0
DA:841,0
DA:842,0
DA:843,0
DA:844,0
DA:845,0
DA:846,0
DA:847,0
DA:848,0
DA:849,0
DA:850,0
DA:851,0
DA:852,0
DA:853,0
DA:854,0
DA:855,0
DA:856,0
DA:858,0
DA:859,0
DA:860,0
DA:861,0
DA:862,0
DA:863,0
DA:864,0
DA:865,0
DA:866,0
DA:867,0
DA:868,0
DA:869,0
DA:870,0
DA:871,0
DA:873,0
DA:890,0
DA:891,0
DA:893,0
DA:894,0
DA:895,0
DA:896,0
DA:897,0
DA:898,0
DA:900,0
DA:903,0
DA:904,0
DA:905,0
DA:906,0
DA:908,0
DA:912,0
DA:913,0
DA:914,0
DA:915,0
DA:917,0
DA:918,0
DA:919,0
DA:934,0
DA:935,0
DA:937,0
DA:938,0
DA:939,0
DA:940,0
DA:941,0
DA:942,0
DA:944,0
DA:947,0
DA:948,0
DA:949,0
DA:950,0
DA:952,0
DA:956,0
DA:957,0
DA:958,0
DA:959,0
DA:961,0
DA:973,0
DA:974,0
DA:976,0
DA:977,0
DA:978,0
DA:979,0
DA:980,0
DA:981,0
DA:983,0
DA:984,0
DA:985,0
DA:986,0
DA:987,0
DA:988,0
DA:989,0
DA:990,0
DA:991,0
DA:992,0
DA:993,0
DA:996,0
DA:997,0
DA:998,0
DA:999,0
DA:1000,0
DA:1001,0
DA:1002,0
DA:1003,0
DA:1004,0
DA:1006,0
DA:1007,0
DA:1008,0
DA:1009,0
DA:1011,0
DA:1012,0
DA:1013,0
DA:1028,0
DA:1029,0
DA:1031,0
DA:1032,0
DA:1033,0
DA:1034,0
DA:1035,0
DA:1036,0
DA:1038,0
DA:1039,0
DA:1040,0
DA:1041,0
DA:1042,0
DA:1043,0
DA:1044,0
DA:1045,0
DA:1046,0
DA:1047,0
DA:1048,0
DA:1051,0
DA:1052,0
DA:1053,0
DA:1054,0
DA:1056,0
DA:1057,0
DA:1058,0
DA:1059,0
DA:1061,0
DA:1076,0
DA:1077,0
DA:1078,0
DA:1079,0
DA:1093,0
DA:1094,0
DA:1095,0
DA:1096,0
LH:0
LF:386
end_of_record
